[15.586s] Invoking command in '/home/jd/jdamr_200_ros/src/jdamr200_teleop': PYTHONPATH=/home/jd/jdamr_200_ros/build/jdamr200_teleop/prefix_override:/usr/local/lib/python3.10/dist-packages/colcon_core/task/python/colcon_distutils_commands:/home/jd/jdamr_200_ros/install/jdamr200_teleop/lib/python3.10/site-packages:${PYTHONPATH} /usr/bin/python3 -W ignore:setup.py install is deprecated -W ignore:easy_install command is deprecated setup.py egg_info --egg-base ../../build/jdamr200_teleop build --build-base /home/jd/jdamr_200_ros/build/jdamr200_teleop/build install --record /home/jd/jdamr_200_ros/build/jdamr200_teleop/install.log --single-version-externally-managed install_data
[18.010s] running egg_info
[18.018s] writing ../../build/jdamr200_teleop/jdamr200_teleop.egg-info/PKG-INFO
[18.023s] writing dependency_links to ../../build/jdamr200_teleop/jdamr200_teleop.egg-info/dependency_links.txt
[18.024s] writing entry points to ../../build/jdamr200_teleop/jdamr200_teleop.egg-info/entry_points.txt
[18.025s] writing requirements to ../../build/jdamr200_teleop/jdamr200_teleop.egg-info/requires.txt
[18.027s] writing top-level names to ../../build/jdamr200_teleop/jdamr200_teleop.egg-info/top_level.txt
[18.043s] reading manifest file '../../build/jdamr200_teleop/jdamr200_teleop.egg-info/SOURCES.txt'
[18.052s] writing manifest file '../../build/jdamr200_teleop/jdamr200_teleop.egg-info/SOURCES.txt'
[18.054s] running build
[18.056s] running build_py
[18.061s] running install
[18.065s] running install_lib
[18.073s] running install_data
[18.080s] running install_egg_info
[18.092s] removing '/home/jd/jdamr_200_ros/install/jdamr200_teleop/lib/python3.10/site-packages/jdamr200_teleop-0.0.0-py3.10.egg-info' (and everything under it)
[18.094s] Copying ../../build/jdamr200_teleop/jdamr200_teleop.egg-info to /home/jd/jdamr_200_ros/install/jdamr200_teleop/lib/python3.10/site-packages/jdamr200_teleop-0.0.0-py3.10.egg-info
[18.103s] running install_scripts
[18.259s] Installing jdamr_teleop script to /home/jd/jdamr_200_ros/install/jdamr200_teleop/lib/jdamr200_teleop
[18.263s] writing list of installed files to '/home/jd/jdamr_200_ros/build/jdamr200_teleop/install.log'
[18.582s] Invoked command in '/home/jd/jdamr_200_ros/src/jdamr200_teleop' returned '0': PYTHONPATH=/home/jd/jdamr_200_ros/build/jdamr200_teleop/prefix_override:/usr/local/lib/python3.10/dist-packages/colcon_core/task/python/colcon_distutils_commands:/home/jd/jdamr_200_ros/install/jdamr200_teleop/lib/python3.10/site-packages:${PYTHONPATH} /usr/bin/python3 -W ignore:setup.py install is deprecated -W ignore:easy_install command is deprecated setup.py egg_info --egg-base ../../build/jdamr200_teleop build --build-base /home/jd/jdamr_200_ros/build/jdamr200_teleop/build install --record /home/jd/jdamr_200_ros/build/jdamr200_teleop/install.log --single-version-externally-managed install_data
