[6.895s] Invoking command in '/home/jd/jdamr_200_ros/src/jdamr200_bringup': PYTHONPATH=/home/jd/jdamr_200_ros/build/jdamr200_bringup/prefix_override:/usr/local/lib/python3.10/dist-packages/colcon_core/task/python/colcon_distutils_commands:/home/jd/jdamr_200_ros/install/jdamr200_bringup/lib/python3.10/site-packages:${PYTHONPATH} /usr/bin/python3 -W ignore:setup.py install is deprecated -W ignore:easy_install command is deprecated setup.py egg_info --egg-base ../../build/jdamr200_bringup build --build-base /home/jd/jdamr_200_ros/build/jdamr200_bringup/build install --record /home/jd/jdamr_200_ros/build/jdamr200_bringup/install.log --single-version-externally-managed install_data
[8.736s] running egg_info
[8.740s] writing ../../build/jdamr200_bringup/jdamr200_bringup.egg-info/PKG-INFO
[8.741s] writing dependency_links to ../../build/jdamr200_bringup/jdamr200_bringup.egg-info/dependency_links.txt
[8.743s] writing entry points to ../../build/jdamr200_bringup/jdamr200_bringup.egg-info/entry_points.txt
[8.747s] writing requirements to ../../build/jdamr200_bringup/jdamr200_bringup.egg-info/requires.txt
[8.749s] writing top-level names to ../../build/jdamr200_bringup/jdamr200_bringup.egg-info/top_level.txt
[8.768s] reading manifest file '../../build/jdamr200_bringup/jdamr200_bringup.egg-info/SOURCES.txt'
[8.771s] writing manifest file '../../build/jdamr200_bringup/jdamr200_bringup.egg-info/SOURCES.txt'
[8.773s] running build
[8.774s] running build_py
[8.775s] running install
[8.777s] running install_lib
[8.784s] running install_data
[8.785s] copying launch/jdamr200_node_launch.py -> /home/jd/jdamr_200_ros/install/jdamr200_bringup/share/jdamr200_bringup/launch
[8.786s] running install_egg_info
[8.798s] removing '/home/jd/jdamr_200_ros/install/jdamr200_bringup/lib/python3.10/site-packages/jdamr200_bringup-0.0.0-py3.10.egg-info' (and everything under it)
[8.801s] Copying ../../build/jdamr200_bringup/jdamr200_bringup.egg-info to /home/jd/jdamr_200_ros/install/jdamr200_bringup/lib/python3.10/site-packages/jdamr200_bringup-0.0.0-py3.10.egg-info
[8.810s] running install_scripts
[8.943s] writing list of installed files to '/home/jd/jdamr_200_ros/build/jdamr200_bringup/install.log'
[9.261s] Invoked command in '/home/jd/jdamr_200_ros/src/jdamr200_bringup' returned '0': PYTHONPATH=/home/jd/jdamr_200_ros/build/jdamr200_bringup/prefix_override:/usr/local/lib/python3.10/dist-packages/colcon_core/task/python/colcon_distutils_commands:/home/jd/jdamr_200_ros/install/jdamr200_bringup/lib/python3.10/site-packages:${PYTHONPATH} /usr/bin/python3 -W ignore:setup.py install is deprecated -W ignore:easy_install command is deprecated setup.py egg_info --egg-base ../../build/jdamr200_bringup build --build-base /home/jd/jdamr_200_ros/build/jdamr200_bringup/build install --record /home/jd/jdamr_200_ros/build/jdamr200_bringup/install.log --single-version-externally-managed install_data
