running egg_info
creating ../../build/jdamr200_description/jdamr200_description.egg-info
writing ../../build/jdamr200_description/jdamr200_description.egg-info/PKG-INFO
writing dependency_links to ../../build/jdamr200_description/jdamr200_description.egg-info/dependency_links.txt
writing entry points to ../../build/jdamr200_description/jdamr200_description.egg-info/entry_points.txt
writing requirements to ../../build/jdamr200_description/jdamr200_description.egg-info/requires.txt
writing top-level names to ../../build/jdamr200_description/jdamr200_description.egg-info/top_level.txt
writing manifest file '../../build/jdamr200_description/jdamr200_description.egg-info/SOURCES.txt'
reading manifest file '../../build/jdamr200_description/jdamr200_description.egg-info/SOURCES.txt'
writing manifest file '../../build/jdamr200_description/jdamr200_description.egg-info/SOURCES.txt'
running build
running build_py
creating /home/jd/jdamr_200_ros/build/jdamr200_description/build
creating /home/jd/jdamr_200_ros/build/jdamr200_description/build/lib
creating /home/jd/jdamr_200_ros/build/jdamr200_description/build/lib/jdamr200_description
copying jdamr200_description/__init__.py -> /home/jd/jdamr_200_ros/build/jdamr200_description/build/lib/jdamr200_description
running install
running install_lib
creating /home/jd/jdamr_200_ros/install/jdamr200_description/lib/python3.10/site-packages/jdamr200_description
copying /home/jd/jdamr_200_ros/build/jdamr200_description/build/lib/jdamr200_description/__init__.py -> /home/jd/jdamr_200_ros/install/jdamr200_description/lib/python3.10/site-packages/jdamr200_description
byte-compiling /home/jd/jdamr_200_ros/install/jdamr200_description/lib/python3.10/site-packages/jdamr200_description/__init__.py to __init__.cpython-310.pyc
running install_data
creating /home/jd/jdamr_200_ros/install/jdamr200_description/share/ament_index
creating /home/jd/jdamr_200_ros/install/jdamr200_description/share/ament_index/resource_index
creating /home/jd/jdamr_200_ros/install/jdamr200_description/share/ament_index/resource_index/packages
copying resource/jdamr200_description -> /home/jd/jdamr_200_ros/install/jdamr200_description/share/ament_index/resource_index/packages
copying package.xml -> /home/jd/jdamr_200_ros/install/jdamr200_description/share/jdamr200_description
creating /home/jd/jdamr_200_ros/install/jdamr200_description/share/jdamr200_description/urdf
copying urdf/jdamr200.urdf -> /home/jd/jdamr_200_ros/install/jdamr200_description/share/jdamr200_description/urdf
copying urdf/myAGV.urdf -> /home/jd/jdamr_200_ros/install/jdamr200_description/share/jdamr200_description/urdf
creating /home/jd/jdamr_200_ros/install/jdamr200_description/share/jdamr200_description/meshes
copying meshes/jdamr200_base.dae -> /home/jd/jdamr_200_ros/install/jdamr200_description/share/jdamr200_description/meshes
copying meshes/jdamr200_up.dae -> /home/jd/jdamr_200_ros/install/jdamr200_description/share/jdamr200_description/meshes
copying meshes/jdamr200_all.dae -> /home/jd/jdamr_200_ros/install/jdamr200_description/share/jdamr200_description/meshes
creating /home/jd/jdamr_200_ros/install/jdamr200_description/share/jdamr200_description/rviz
running install_egg_info
Copying ../../build/jdamr200_description/jdamr200_description.egg-info to /home/jd/jdamr_200_ros/install/jdamr200_description/lib/python3.10/site-packages/jdamr200_description-0.0.0-py3.10.egg-info
running install_scripts
writing list of installed files to '/home/jd/jdamr_200_ros/build/jdamr200_description/install.log'
