[8.302s] Invoking command in '/home/jd/jdamr_200_ros/src/jdamr200_description': PYTHONPATH=/home/jd/jdamr_200_ros/build/jdamr200_description/prefix_override:/usr/local/lib/python3.10/dist-packages/colcon_core/task/python/colcon_distutils_commands:/home/jd/jdamr_200_ros/install/jdamr200_description/lib/python3.10/site-packages:${PYTHONPATH} /usr/bin/python3 -W ignore:setup.py install is deprecated -W ignore:easy_install command is deprecated setup.py egg_info --egg-base ../../build/jdamr200_description build --build-base /home/jd/jdamr_200_ros/build/jdamr200_description/build install --record /home/jd/jdamr_200_ros/build/jdamr200_description/install.log --single-version-externally-managed install_data
[10.358s] running egg_info
[10.362s] creating ../../build/jdamr200_description/jdamr200_description.egg-info
[10.364s] writing ../../build/jdamr200_description/jdamr200_description.egg-info/PKG-INFO
[10.366s] writing dependency_links to ../../build/jdamr200_description/jdamr200_description.egg-info/dependency_links.txt
[10.367s] writing entry points to ../../build/jdamr200_description/jdamr200_description.egg-info/entry_points.txt
[10.370s] writing requirements to ../../build/jdamr200_description/jdamr200_description.egg-info/requires.txt
[10.371s] writing top-level names to ../../build/jdamr200_description/jdamr200_description.egg-info/top_level.txt
[10.375s] writing manifest file '../../build/jdamr200_description/jdamr200_description.egg-info/SOURCES.txt'
[10.386s] reading manifest file '../../build/jdamr200_description/jdamr200_description.egg-info/SOURCES.txt'
[10.394s] writing manifest file '../../build/jdamr200_description/jdamr200_description.egg-info/SOURCES.txt'
[10.396s] running build
[10.397s] running build_py
[10.398s] creating /home/jd/jdamr_200_ros/build/jdamr200_description/build
[10.399s] creating /home/jd/jdamr_200_ros/build/jdamr200_description/build/lib
[10.399s] creating /home/jd/jdamr_200_ros/build/jdamr200_description/build/lib/jdamr200_description
[10.400s] copying jdamr200_description/__init__.py -> /home/jd/jdamr_200_ros/build/jdamr200_description/build/lib/jdamr200_description
[10.401s] running install
[10.404s] running install_lib
[10.408s] creating /home/jd/jdamr_200_ros/install/jdamr200_description/lib/python3.10/site-packages/jdamr200_description
[10.418s] copying /home/jd/jdamr_200_ros/build/jdamr200_description/build/lib/jdamr200_description/__init__.py -> /home/jd/jdamr_200_ros/install/jdamr200_description/lib/python3.10/site-packages/jdamr200_description
[10.419s] byte-compiling /home/jd/jdamr_200_ros/install/jdamr200_description/lib/python3.10/site-packages/jdamr200_description/__init__.py to __init__.cpython-310.pyc
[10.420s] running install_data
[10.421s] creating /home/jd/jdamr_200_ros/install/jdamr200_description/share/ament_index
[10.421s] creating /home/jd/jdamr_200_ros/install/jdamr200_description/share/ament_index/resource_index
[10.422s] creating /home/jd/jdamr_200_ros/install/jdamr200_description/share/ament_index/resource_index/packages
[10.424s] copying resource/jdamr200_description -> /home/jd/jdamr_200_ros/install/jdamr200_description/share/ament_index/resource_index/packages
[10.425s] copying package.xml -> /home/jd/jdamr_200_ros/install/jdamr200_description/share/jdamr200_description
[10.425s] creating /home/jd/jdamr_200_ros/install/jdamr200_description/share/jdamr200_description/urdf
[10.426s] copying urdf/jdamr200.urdf -> /home/jd/jdamr_200_ros/install/jdamr200_description/share/jdamr200_description/urdf
[10.426s] copying urdf/myAGV.urdf -> /home/jd/jdamr_200_ros/install/jdamr200_description/share/jdamr200_description/urdf
[10.427s] creating /home/jd/jdamr_200_ros/install/jdamr200_description/share/jdamr200_description/meshes
[10.428s] copying meshes/jdamr200_base.dae -> /home/jd/jdamr_200_ros/install/jdamr200_description/share/jdamr200_description/meshes
[10.599s] copying meshes/jdamr200_up.dae -> /home/jd/jdamr_200_ros/install/jdamr200_description/share/jdamr200_description/meshes
[10.653s] copying meshes/jdamr200_all.dae -> /home/jd/jdamr_200_ros/install/jdamr200_description/share/jdamr200_description/meshes
[11.011s] creating /home/jd/jdamr_200_ros/install/jdamr200_description/share/jdamr200_description/rviz
[11.016s] running install_egg_info
[11.045s] Copying ../../build/jdamr200_description/jdamr200_description.egg-info to /home/jd/jdamr_200_ros/install/jdamr200_description/lib/python3.10/site-packages/jdamr200_description-0.0.0-py3.10.egg-info
[11.075s] running install_scripts
[11.264s] writing list of installed files to '/home/jd/jdamr_200_ros/build/jdamr200_description/install.log'
[13.313s] Invoked command in '/home/jd/jdamr_200_ros/src/jdamr200_description' returned '0': PYTHONPATH=/home/jd/jdamr_200_ros/build/jdamr200_description/prefix_override:/usr/local/lib/python3.10/dist-packages/colcon_core/task/python/colcon_distutils_commands:/home/jd/jdamr_200_ros/install/jdamr200_description/lib/python3.10/site-packages:${PYTHONPATH} /usr/bin/python3 -W ignore:setup.py install is deprecated -W ignore:easy_install command is deprecated setup.py egg_info --egg-base ../../build/jdamr200_description build --build-base /home/jd/jdamr_200_ros/build/jdamr200_description/build install --record /home/jd/jdamr_200_ros/build/jdamr200_description/install.log --single-version-externally-managed install_data
