[0.146s] Invoking command in '/home/jd/jdamr_200_ros/build/ldlidar_sl_ros2': CMAKE_PREFIX_PATH=${CMAKE_PREFIX_PATH}:/home/jd/jdamr_200_ros/install/jdamr200_teleop:/home/jd/jdamr_200_ros/install/jdamr200_node:/home/jd/jdamr_200_ros/install/jdamr200_description:/home/jd/jdamr_200_ros/install/jdamr200_bringup:/opt/ros/humble /usr/bin/cmake --build /home/jd/jdamr_200_ros/build/ldlidar_sl_ros2 -- -j4 -l4
[1.562s] [100%] Built target ldlidar_sl_ros2_node
[1.659s] Invoked command in '/home/jd/jdamr_200_ros/build/ldlidar_sl_ros2' returned '0': CMAKE_PREFIX_PATH=${CMAKE_PREFIX_PATH}:/home/jd/jdamr_200_ros/install/jdamr200_teleop:/home/jd/jdamr_200_ros/install/jdamr200_node:/home/jd/jdamr_200_ros/install/jdamr200_description:/home/jd/jdamr_200_ros/install/jdamr200_bringup:/opt/ros/humble /usr/bin/cmake --build /home/jd/jdamr_200_ros/build/ldlidar_sl_ros2 -- -j4 -l4
[1.672s] Invoking command in '/home/jd/jdamr_200_ros/build/ldlidar_sl_ros2': CMAKE_PREFIX_PATH=${CMAKE_PREFIX_PATH}:/home/jd/jdamr_200_ros/install/jdamr200_teleop:/home/jd/jdamr_200_ros/install/jdamr200_node:/home/jd/jdamr_200_ros/install/jdamr200_description:/home/jd/jdamr_200_ros/install/jdamr200_bringup:/opt/ros/humble /usr/bin/cmake --install /home/jd/jdamr_200_ros/build/ldlidar_sl_ros2
[1.745s] -- Install configuration: ""
[1.748s] -- Up-to-date: /home/jd/jdamr_200_ros/install/ldlidar_sl_ros2/lib/ldlidar_sl_ros2/ldlidar_sl_ros2_node
[1.752s] -- Up-to-date: /home/jd/jdamr_200_ros/install/ldlidar_sl_ros2/share/ldlidar_sl_ros2//launch
[1.754s] -- Up-to-date: /home/jd/jdamr_200_ros/install/ldlidar_sl_ros2/share/ldlidar_sl_ros2//launch/ld14p.launch.py
[1.755s] -- Up-to-date: /home/jd/jdamr_200_ros/install/ldlidar_sl_ros2/share/ldlidar_sl_ros2//launch/ld14.launch.py
[1.758s] -- Up-to-date: /home/jd/jdamr_200_ros/install/ldlidar_sl_ros2/share/ldlidar_sl_ros2//launch/viewer_ld14.launch.py
[1.765s] -- Up-to-date: /home/jd/jdamr_200_ros/install/ldlidar_sl_ros2/share/ldlidar_sl_ros2//launch/viewer_ld14p.launch.py
[1.769s] -- Up-to-date: /home/jd/jdamr_200_ros/install/ldlidar_sl_ros2/share/ldlidar_sl_ros2//rviz2
[1.771s] -- Up-to-date: /home/jd/jdamr_200_ros/install/ldlidar_sl_ros2/share/ldlidar_sl_ros2//rviz2/ldlidar.rviz
[1.775s] -- Up-to-date: /home/jd/jdamr_200_ros/install/ldlidar_sl_ros2/share/ldlidar_sl_ros2//scripts
[1.778s] -- Up-to-date: /home/jd/jdamr_200_ros/install/ldlidar_sl_ros2/share/ldlidar_sl_ros2//scripts/ldlidar.rules
[1.782s] -- Up-to-date: /home/jd/jdamr_200_ros/install/ldlidar_sl_ros2/share/ldlidar_sl_ros2//scripts/create_udev_rules.sh
[1.788s] -- Up-to-date: /home/jd/jdamr_200_ros/install/ldlidar_sl_ros2/share/ldlidar_sl_ros2//scripts/delete_udev_rules.sh
[1.800s] -- Up-to-date: /home/jd/jdamr_200_ros/install/ldlidar_sl_ros2/share/ament_index/resource_index/package_run_dependencies/ldlidar_sl_ros2
[1.808s] -- Up-to-date: /home/jd/jdamr_200_ros/install/ldlidar_sl_ros2/share/ament_index/resource_index/parent_prefix_path/ldlidar_sl_ros2
[1.808s] -- Up-to-date: /home/jd/jdamr_200_ros/install/ldlidar_sl_ros2/share/ldlidar_sl_ros2/environment/ament_prefix_path.sh
[1.810s] -- Up-to-date: /home/jd/jdamr_200_ros/install/ldlidar_sl_ros2/share/ldlidar_sl_ros2/environment/ament_prefix_path.dsv
[1.821s] -- Up-to-date: /home/jd/jdamr_200_ros/install/ldlidar_sl_ros2/share/ldlidar_sl_ros2/environment/path.sh
[1.822s] -- Up-to-date: /home/jd/jdamr_200_ros/install/ldlidar_sl_ros2/share/ldlidar_sl_ros2/environment/path.dsv
[1.823s] -- Up-to-date: /home/jd/jdamr_200_ros/install/ldlidar_sl_ros2/share/ldlidar_sl_ros2/local_setup.bash
[1.835s] -- Up-to-date: /home/jd/jdamr_200_ros/install/ldlidar_sl_ros2/share/ldlidar_sl_ros2/local_setup.sh
[1.836s] -- Up-to-date: /home/jd/jdamr_200_ros/install/ldlidar_sl_ros2/share/ldlidar_sl_ros2/local_setup.zsh
[1.837s] -- Up-to-date: /home/jd/jdamr_200_ros/install/ldlidar_sl_ros2/share/ldlidar_sl_ros2/local_setup.dsv
[1.838s] -- Installing: /home/jd/jdamr_200_ros/install/ldlidar_sl_ros2/share/ldlidar_sl_ros2/package.dsv
[1.840s] -- Up-to-date: /home/jd/jdamr_200_ros/install/ldlidar_sl_ros2/share/ament_index/resource_index/packages/ldlidar_sl_ros2
[1.842s] -- Up-to-date: /home/jd/jdamr_200_ros/install/ldlidar_sl_ros2/share/ldlidar_sl_ros2/cmake/ldlidar_sl_ros2Config.cmake
[1.843s] -- Up-to-date: /home/jd/jdamr_200_ros/install/ldlidar_sl_ros2/share/ldlidar_sl_ros2/cmake/ldlidar_sl_ros2Config-version.cmake
[1.844s] -- Up-to-date: /home/jd/jdamr_200_ros/install/ldlidar_sl_ros2/share/ldlidar_sl_ros2/package.xml
[1.862s] Invoked command in '/home/jd/jdamr_200_ros/build/ldlidar_sl_ros2' returned '0': CMAKE_PREFIX_PATH=${CMAKE_PREFIX_PATH}:/home/jd/jdamr_200_ros/install/jdamr200_teleop:/home/jd/jdamr_200_ros/install/jdamr200_node:/home/jd/jdamr_200_ros/install/jdamr200_description:/home/jd/jdamr_200_ros/install/jdamr200_bringup:/opt/ros/humble /usr/bin/cmake --install /home/jd/jdamr_200_ros/build/ldlidar_sl_ros2
