running egg_info
creating ../../build/jdamr200_bringup/jdamr200_bringup.egg-info
writing ../../build/jdamr200_bringup/jdamr200_bringup.egg-info/PKG-INFO
writing dependency_links to ../../build/jdamr200_bringup/jdamr200_bringup.egg-info/dependency_links.txt
writing entry points to ../../build/jdamr200_bringup/jdamr200_bringup.egg-info/entry_points.txt
writing requirements to ../../build/jdamr200_bringup/jdamr200_bringup.egg-info/requires.txt
writing top-level names to ../../build/jdamr200_bringup/jdamr200_bringup.egg-info/top_level.txt
writing manifest file '../../build/jdamr200_bringup/jdamr200_bringup.egg-info/SOURCES.txt'
reading manifest file '../../build/jdamr200_bringup/jdamr200_bringup.egg-info/SOURCES.txt'
writing manifest file '../../build/jdamr200_bringup/jdamr200_bringup.egg-info/SOURCES.txt'
running build
running build_py
creating /home/jd/jdamr_200_ros/build/jdamr200_bringup/build
creating /home/jd/jdamr_200_ros/build/jdamr200_bringup/build/lib
creating /home/jd/jdamr_200_ros/build/jdamr200_bringup/build/lib/jdamr200_bringup
copying jdamr200_bringup/__init__.py -> /home/jd/jdamr_200_ros/build/jdamr200_bringup/build/lib/jdamr200_bringup
running install
running install_lib
creating /home/jd/jdamr_200_ros/install/jdamr200_bringup/lib/python3.10/site-packages/jdamr200_bringup
copying /home/jd/jdamr_200_ros/build/jdamr200_bringup/build/lib/jdamr200_bringup/__init__.py -> /home/jd/jdamr_200_ros/install/jdamr200_bringup/lib/python3.10/site-packages/jdamr200_bringup
byte-compiling /home/jd/jdamr_200_ros/install/jdamr200_bringup/lib/python3.10/site-packages/jdamr200_bringup/__init__.py to __init__.cpython-310.pyc
running install_data
creating /home/jd/jdamr_200_ros/install/jdamr200_bringup/share/ament_index
creating /home/jd/jdamr_200_ros/install/jdamr200_bringup/share/ament_index/resource_index
creating /home/jd/jdamr_200_ros/install/jdamr200_bringup/share/ament_index/resource_index/packages
copying resource/jdamr200_bringup -> /home/jd/jdamr_200_ros/install/jdamr200_bringup/share/ament_index/resource_index/packages
copying package.xml -> /home/jd/jdamr_200_ros/install/jdamr200_bringup/share/jdamr200_bringup
creating /home/jd/jdamr_200_ros/install/jdamr200_bringup/share/jdamr200_bringup/launch
copying launch/jdamr200_working_launch.py -> /home/jd/jdamr_200_ros/install/jdamr200_bringup/share/jdamr200_bringup/launch
copying launch/jdamr200_display_launch.py -> /home/jd/jdamr_200_ros/install/jdamr200_bringup/share/jdamr200_bringup/launch
running install_egg_info
Copying ../../build/jdamr200_bringup/jdamr200_bringup.egg-info to /home/jd/jdamr_200_ros/install/jdamr200_bringup/lib/python3.10/site-packages/jdamr200_bringup-0.0.0-py3.10.egg-info
running install_scripts
writing list of installed files to '/home/jd/jdamr_200_ros/build/jdamr200_bringup/install.log'
