[8.129s] Invoking command in '/home/jd/jdamr_200_ros/src/jdamr200_bringup': PYTHONPATH=/home/jd/jdamr_200_ros/build/jdamr200_bringup/prefix_override:/usr/local/lib/python3.10/dist-packages/colcon_core/task/python/colcon_distutils_commands:/home/jd/jdamr_200_ros/install/jdamr200_bringup/lib/python3.10/site-packages:${PYTHONPATH} /usr/bin/python3 -W ignore:setup.py install is deprecated -W ignore:easy_install command is deprecated setup.py egg_info --egg-base ../../build/jdamr200_bringup build --build-base /home/jd/jdamr_200_ros/build/jdamr200_bringup/build install --record /home/jd/jdamr_200_ros/build/jdamr200_bringup/install.log --single-version-externally-managed install_data
[10.542s] running egg_info
[10.546s] creating ../../build/jdamr200_bringup/jdamr200_bringup.egg-info
[10.550s] writing ../../build/jdamr200_bringup/jdamr200_bringup.egg-info/PKG-INFO
[10.552s] writing dependency_links to ../../build/jdamr200_bringup/jdamr200_bringup.egg-info/dependency_links.txt
[10.554s] writing entry points to ../../build/jdamr200_bringup/jdamr200_bringup.egg-info/entry_points.txt
[10.556s] writing requirements to ../../build/jdamr200_bringup/jdamr200_bringup.egg-info/requires.txt
[10.558s] writing top-level names to ../../build/jdamr200_bringup/jdamr200_bringup.egg-info/top_level.txt
[10.560s] writing manifest file '../../build/jdamr200_bringup/jdamr200_bringup.egg-info/SOURCES.txt'
[10.576s] reading manifest file '../../build/jdamr200_bringup/jdamr200_bringup.egg-info/SOURCES.txt'
[10.584s] writing manifest file '../../build/jdamr200_bringup/jdamr200_bringup.egg-info/SOURCES.txt'
[10.587s] running build
[10.588s] running build_py
[10.589s] creating /home/jd/jdamr_200_ros/build/jdamr200_bringup/build
[10.589s] creating /home/jd/jdamr_200_ros/build/jdamr200_bringup/build/lib
[10.590s] creating /home/jd/jdamr_200_ros/build/jdamr200_bringup/build/lib/jdamr200_bringup
[10.591s] copying jdamr200_bringup/__init__.py -> /home/jd/jdamr_200_ros/build/jdamr200_bringup/build/lib/jdamr200_bringup
[10.592s] running install
[10.593s] running install_lib
[10.597s] creating /home/jd/jdamr_200_ros/install/jdamr200_bringup/lib/python3.10/site-packages/jdamr200_bringup
[10.598s] copying /home/jd/jdamr_200_ros/build/jdamr200_bringup/build/lib/jdamr200_bringup/__init__.py -> /home/jd/jdamr_200_ros/install/jdamr200_bringup/lib/python3.10/site-packages/jdamr200_bringup
[10.602s] byte-compiling /home/jd/jdamr_200_ros/install/jdamr200_bringup/lib/python3.10/site-packages/jdamr200_bringup/__init__.py to __init__.cpython-310.pyc
[10.604s] running install_data
[10.606s] creating /home/jd/jdamr_200_ros/install/jdamr200_bringup/share/ament_index
[10.607s] creating /home/jd/jdamr_200_ros/install/jdamr200_bringup/share/ament_index/resource_index
[10.608s] creating /home/jd/jdamr_200_ros/install/jdamr200_bringup/share/ament_index/resource_index/packages
[10.609s] copying resource/jdamr200_bringup -> /home/jd/jdamr_200_ros/install/jdamr200_bringup/share/ament_index/resource_index/packages
[10.610s] copying package.xml -> /home/jd/jdamr_200_ros/install/jdamr200_bringup/share/jdamr200_bringup
[10.611s] creating /home/jd/jdamr_200_ros/install/jdamr200_bringup/share/jdamr200_bringup/launch
[10.611s] copying launch/jdamr200_working_launch.py -> /home/jd/jdamr_200_ros/install/jdamr200_bringup/share/jdamr200_bringup/launch
[10.612s] copying launch/jdamr200_display_launch.py -> /home/jd/jdamr_200_ros/install/jdamr200_bringup/share/jdamr200_bringup/launch
[10.612s] running install_egg_info
[10.623s] Copying ../../build/jdamr200_bringup/jdamr200_bringup.egg-info to /home/jd/jdamr_200_ros/install/jdamr200_bringup/lib/python3.10/site-packages/jdamr200_bringup-0.0.0-py3.10.egg-info
[10.635s] running install_scripts
[10.841s] writing list of installed files to '/home/jd/jdamr_200_ros/build/jdamr200_bringup/install.log'
[11.163s] Invoked command in '/home/jd/jdamr_200_ros/src/jdamr200_bringup' returned '0': PYTHONPATH=/home/jd/jdamr_200_ros/build/jdamr200_bringup/prefix_override:/usr/local/lib/python3.10/dist-packages/colcon_core/task/python/colcon_distutils_commands:/home/jd/jdamr_200_ros/install/jdamr200_bringup/lib/python3.10/site-packages:${PYTHONPATH} /usr/bin/python3 -W ignore:setup.py install is deprecated -W ignore:easy_install command is deprecated setup.py egg_info --egg-base ../../build/jdamr200_bringup build --build-base /home/jd/jdamr_200_ros/build/jdamr200_bringup/build install --record /home/jd/jdamr_200_ros/build/jdamr200_bringup/install.log --single-version-externally-managed install_data
