[7.124s] Invoking command in '/home/jd/jdamr_200_ros/src/jdamr200_bringup': PYTHONPATH=/home/jd/jdamr_200_ros/build/jdamr200_bringup/prefix_override:/usr/local/lib/python3.10/dist-packages/colcon_core/task/python/colcon_distutils_commands:/home/jd/jdamr_200_ros/install/jdamr200_bringup/lib/python3.10/site-packages:${PYTHONPATH} /usr/bin/python3 -W ignore:setup.py install is deprecated -W ignore:easy_install command is deprecated setup.py egg_info --egg-base ../../build/jdamr200_bringup build --build-base /home/jd/jdamr_200_ros/build/jdamr200_bringup/build install --record /home/jd/jdamr_200_ros/build/jdamr200_bringup/install.log --single-version-externally-managed install_data
[9.476s] running egg_info
[9.477s] writing ../../build/jdamr200_bringup/jdamr200_bringup.egg-info/PKG-INFO
[9.479s] writing dependency_links to ../../build/jdamr200_bringup/jdamr200_bringup.egg-info/dependency_links.txt
[9.480s] writing entry points to ../../build/jdamr200_bringup/jdamr200_bringup.egg-info/entry_points.txt
[9.482s] writing requirements to ../../build/jdamr200_bringup/jdamr200_bringup.egg-info/requires.txt
[9.483s] writing top-level names to ../../build/jdamr200_bringup/jdamr200_bringup.egg-info/top_level.txt
[9.527s] reading manifest file '../../build/jdamr200_bringup/jdamr200_bringup.egg-info/SOURCES.txt'
[9.528s] writing manifest file '../../build/jdamr200_bringup/jdamr200_bringup.egg-info/SOURCES.txt'
[9.529s] running build
[9.530s] running build_py
[9.530s] running install
[9.531s] running install_lib
[9.531s] running install_data
[9.532s] running install_egg_info
[9.537s] removing '/home/jd/jdamr_200_ros/install/jdamr200_bringup/lib/python3.10/site-packages/jdamr200_bringup-0.0.0-py3.10.egg-info' (and everything under it)
[9.541s] Copying ../../build/jdamr200_bringup/jdamr200_bringup.egg-info to /home/jd/jdamr_200_ros/install/jdamr200_bringup/lib/python3.10/site-packages/jdamr200_bringup-0.0.0-py3.10.egg-info
[9.563s] running install_scripts
[9.717s] writing list of installed files to '/home/jd/jdamr_200_ros/build/jdamr200_bringup/install.log'
[9.928s] Invoked command in '/home/jd/jdamr_200_ros/src/jdamr200_bringup' returned '0': PYTHONPATH=/home/jd/jdamr_200_ros/build/jdamr200_bringup/prefix_override:/usr/local/lib/python3.10/dist-packages/colcon_core/task/python/colcon_distutils_commands:/home/jd/jdamr_200_ros/install/jdamr200_bringup/lib/python3.10/site-packages:${PYTHONPATH} /usr/bin/python3 -W ignore:setup.py install is deprecated -W ignore:easy_install command is deprecated setup.py egg_info --egg-base ../../build/jdamr200_bringup build --build-base /home/jd/jdamr_200_ros/build/jdamr200_bringup/build install --record /home/jd/jdamr_200_ros/build/jdamr200_bringup/install.log --single-version-externally-managed install_data
