[0.145s] Invoking command in '/home/jd/jdamr_200_ros/build/ldlidar_sl_ros2': CMAKE_PREFIX_PATH=${CMAKE_PREFIX_PATH}:/home/jd/jdamr_200_ros/install/jdamr200_teleop:/home/jd/jdamr_200_ros/install/jdamr200_node:/home/jd/jdamr_200_ros/install/jdamr200_description:/home/jd/jdamr_200_ros/install/jdamr200_bringup:/opt/ros/humble /usr/bin/cmake --build /home/jd/jdamr_200_ros/build/ldlidar_sl_ros2 -- -j4 -l4
[0.645s] [100%] Built target ldlidar_sl_ros2_node
[0.732s] Invoked command in '/home/jd/jdamr_200_ros/build/ldlidar_sl_ros2' returned '0': CMAKE_PREFIX_PATH=${CMAKE_PREFIX_PATH}:/home/jd/jdamr_200_ros/install/jdamr200_teleop:/home/jd/jdamr_200_ros/install/jdamr200_node:/home/jd/jdamr_200_ros/install/jdamr200_description:/home/jd/jdamr_200_ros/install/jdamr200_bringup:/opt/ros/humble /usr/bin/cmake --build /home/jd/jdamr_200_ros/build/ldlidar_sl_ros2 -- -j4 -l4
[0.735s] Invoking command in '/home/jd/jdamr_200_ros/build/ldlidar_sl_ros2': CMAKE_PREFIX_PATH=${CMAKE_PREFIX_PATH}:/home/jd/jdamr_200_ros/install/jdamr200_teleop:/home/jd/jdamr_200_ros/install/jdamr200_node:/home/jd/jdamr_200_ros/install/jdamr200_description:/home/jd/jdamr_200_ros/install/jdamr200_bringup:/opt/ros/humble /usr/bin/cmake --install /home/jd/jdamr_200_ros/build/ldlidar_sl_ros2
[0.791s] -- Install configuration: ""
[0.794s] -- Up-to-date: /home/jd/jdamr_200_ros/install/ldlidar_sl_ros2/lib/ldlidar_sl_ros2/ldlidar_sl_ros2_node
[0.796s] -- Up-to-date: /home/jd/jdamr_200_ros/install/ldlidar_sl_ros2/share/ldlidar_sl_ros2//launch
[0.797s] -- Up-to-date: /home/jd/jdamr_200_ros/install/ldlidar_sl_ros2/share/ldlidar_sl_ros2//launch/ld14p.launch.py
[0.798s] -- Up-to-date: /home/jd/jdamr_200_ros/install/ldlidar_sl_ros2/share/ldlidar_sl_ros2//launch/ld14_remote.launch.py
[0.798s] -- Installing: /home/jd/jdamr_200_ros/install/ldlidar_sl_ros2/share/ldlidar_sl_ros2//launch/ld14.launch.py
[0.800s] -- Up-to-date: /home/jd/jdamr_200_ros/install/ldlidar_sl_ros2/share/ldlidar_sl_ros2//launch/viewer_ld14_remote.launch.py
[0.801s] -- Up-to-date: /home/jd/jdamr_200_ros/install/ldlidar_sl_ros2/share/ldlidar_sl_ros2//launch/viewer_ld14.launch.py
[0.802s] -- Up-to-date: /home/jd/jdamr_200_ros/install/ldlidar_sl_ros2/share/ldlidar_sl_ros2//launch/viewer_ld14p.launch.py
[0.803s] -- Up-to-date: /home/jd/jdamr_200_ros/install/ldlidar_sl_ros2/share/ldlidar_sl_ros2//rviz2
[0.804s] -- Up-to-date: /home/jd/jdamr_200_ros/install/ldlidar_sl_ros2/share/ldlidar_sl_ros2//rviz2/ldlidar.rviz
[0.805s] -- Up-to-date: /home/jd/jdamr_200_ros/install/ldlidar_sl_ros2/share/ldlidar_sl_ros2//scripts
[0.806s] -- Up-to-date: /home/jd/jdamr_200_ros/install/ldlidar_sl_ros2/share/ldlidar_sl_ros2//scripts/ldlidar.rules
[0.807s] -- Up-to-date: /home/jd/jdamr_200_ros/install/ldlidar_sl_ros2/share/ldlidar_sl_ros2//scripts/create_udev_rules.sh
[0.808s] -- Up-to-date: /home/jd/jdamr_200_ros/install/ldlidar_sl_ros2/share/ldlidar_sl_ros2//scripts/delete_udev_rules.sh
[0.808s] -- Up-to-date: /home/jd/jdamr_200_ros/install/ldlidar_sl_ros2/share/ament_index/resource_index/package_run_dependencies/ldlidar_sl_ros2
[0.809s] -- Up-to-date: /home/jd/jdamr_200_ros/install/ldlidar_sl_ros2/share/ament_index/resource_index/parent_prefix_path/ldlidar_sl_ros2
[0.812s] -- Up-to-date: /home/jd/jdamr_200_ros/install/ldlidar_sl_ros2/share/ldlidar_sl_ros2/environment/ament_prefix_path.sh
[0.820s] -- Up-to-date: /home/jd/jdamr_200_ros/install/ldlidar_sl_ros2/share/ldlidar_sl_ros2/environment/ament_prefix_path.dsv
[0.821s] -- Up-to-date: /home/jd/jdamr_200_ros/install/ldlidar_sl_ros2/share/ldlidar_sl_ros2/environment/path.sh
[0.822s] -- Up-to-date: /home/jd/jdamr_200_ros/install/ldlidar_sl_ros2/share/ldlidar_sl_ros2/environment/path.dsv
[0.823s] -- Up-to-date: /home/jd/jdamr_200_ros/install/ldlidar_sl_ros2/share/ldlidar_sl_ros2/local_setup.bash
[0.824s] -- Up-to-date: /home/jd/jdamr_200_ros/install/ldlidar_sl_ros2/share/ldlidar_sl_ros2/local_setup.sh
[0.825s] -- Up-to-date: /home/jd/jdamr_200_ros/install/ldlidar_sl_ros2/share/ldlidar_sl_ros2/local_setup.zsh
[0.832s] -- Up-to-date: /home/jd/jdamr_200_ros/install/ldlidar_sl_ros2/share/ldlidar_sl_ros2/local_setup.dsv
[0.839s] -- Installing: /home/jd/jdamr_200_ros/install/ldlidar_sl_ros2/share/ldlidar_sl_ros2/package.dsv
[0.840s] -- Up-to-date: /home/jd/jdamr_200_ros/install/ldlidar_sl_ros2/share/ament_index/resource_index/packages/ldlidar_sl_ros2
[0.841s] -- Up-to-date: /home/jd/jdamr_200_ros/install/ldlidar_sl_ros2/share/ldlidar_sl_ros2/cmake/ldlidar_sl_ros2Config.cmake
[0.842s] -- Up-to-date: /home/jd/jdamr_200_ros/install/ldlidar_sl_ros2/share/ldlidar_sl_ros2/cmake/ldlidar_sl_ros2Config-version.cmake
[0.843s] -- Up-to-date: /home/jd/jdamr_200_ros/install/ldlidar_sl_ros2/share/ldlidar_sl_ros2/package.xml
[0.847s] Invoked command in '/home/jd/jdamr_200_ros/build/ldlidar_sl_ros2' returned '0': CMAKE_PREFIX_PATH=${CMAKE_PREFIX_PATH}:/home/jd/jdamr_200_ros/install/jdamr200_teleop:/home/jd/jdamr_200_ros/install/jdamr200_node:/home/jd/jdamr_200_ros/install/jdamr200_description:/home/jd/jdamr_200_ros/install/jdamr200_bringup:/opt/ros/humble /usr/bin/cmake --install /home/jd/jdamr_200_ros/build/ldlidar_sl_ros2
