[6.932s] Invoking command in '/home/jd/jdamr_200_ros/src/jdamr200_node': PYTHONPATH=/home/jd/jdamr_200_ros/build/jdamr200_node/prefix_override:/usr/local/lib/python3.10/dist-packages/colcon_core/task/python/colcon_distutils_commands:/home/jd/jdamr_200_ros/install/jdamr200_node/lib/python3.10/site-packages:${PYTHONPATH} /usr/bin/python3 -W ignore:setup.py install is deprecated -W ignore:easy_install command is deprecated setup.py egg_info --egg-base ../../build/jdamr200_node build --build-base /home/jd/jdamr_200_ros/build/jdamr200_node/build install --record /home/jd/jdamr_200_ros/build/jdamr200_node/install.log --single-version-externally-managed install_data
[8.941s] running egg_info
[8.947s] writing ../../build/jdamr200_node/jdamr200_node.egg-info/PKG-INFO
[8.948s] writing dependency_links to ../../build/jdamr200_node/jdamr200_node.egg-info/dependency_links.txt
[8.950s] writing entry points to ../../build/jdamr200_node/jdamr200_node.egg-info/entry_points.txt
[8.951s] writing requirements to ../../build/jdamr200_node/jdamr200_node.egg-info/requires.txt
[8.952s] writing top-level names to ../../build/jdamr200_node/jdamr200_node.egg-info/top_level.txt
[8.966s] reading manifest file '../../build/jdamr200_node/jdamr200_node.egg-info/SOURCES.txt'
[8.971s] writing manifest file '../../build/jdamr200_node/jdamr200_node.egg-info/SOURCES.txt'
[8.972s] running build
[8.973s] running build_py
[8.974s] copying jdamr200_node/jdamr200_node.py -> /home/jd/jdamr_200_ros/build/jdamr200_node/build/lib/jdamr200_node
[8.976s] running install
[8.978s] running install_lib
[8.985s] copying /home/jd/jdamr_200_ros/build/jdamr200_node/build/lib/jdamr200_node/jdamr200_node.py -> /home/jd/jdamr_200_ros/install/jdamr200_node/lib/python3.10/site-packages/jdamr200_node
[9.007s] byte-compiling /home/jd/jdamr_200_ros/install/jdamr200_node/lib/python3.10/site-packages/jdamr200_node/jdamr200_node.py to jdamr200_node.cpython-310.pyc
[9.010s] running install_data
[9.011s] running install_egg_info
[9.022s] removing '/home/jd/jdamr_200_ros/install/jdamr200_node/lib/python3.10/site-packages/jdamr200_node-0.0.0-py3.10.egg-info' (and everything under it)
[9.025s] Copying ../../build/jdamr200_node/jdamr200_node.egg-info to /home/jd/jdamr_200_ros/install/jdamr200_node/lib/python3.10/site-packages/jdamr200_node-0.0.0-py3.10.egg-info
[9.034s] running install_scripts
[9.211s] Installing jdamr200_node script to /home/jd/jdamr_200_ros/install/jdamr200_node/lib/jdamr200_node
[9.218s] writing list of installed files to '/home/jd/jdamr_200_ros/build/jdamr200_node/install.log'
[9.714s] Invoked command in '/home/jd/jdamr_200_ros/src/jdamr200_node' returned '0': PYTHONPATH=/home/jd/jdamr_200_ros/build/jdamr200_node/prefix_override:/usr/local/lib/python3.10/dist-packages/colcon_core/task/python/colcon_distutils_commands:/home/jd/jdamr_200_ros/install/jdamr200_node/lib/python3.10/site-packages:${PYTHONPATH} /usr/bin/python3 -W ignore:setup.py install is deprecated -W ignore:easy_install command is deprecated setup.py egg_info --egg-base ../../build/jdamr200_node build --build-base /home/jd/jdamr_200_ros/build/jdamr200_node/build install --record /home/jd/jdamr_200_ros/build/jdamr200_node/install.log --single-version-externally-managed install_data
