[1.460s] Invoking command in '/home/jd/jdamr_200_ros/build/jdamr200_cartographer': CMAKE_PREFIX_PATH=${CMAKE_PREFIX_PATH}:/home/jd/jdamr_200_ros/install/jdamr200_teleop:/home/jd/jdamr_200_ros/install/jdamr200_node:/home/jd/jdamr_200_ros/install/jdamr200_description:/home/jd/jdamr_200_ros/install/jdamr200_bringup:/opt/ros/humble /usr/bin/cmake --build /home/jd/jdamr_200_ros/build/jdamr200_cartographer -- -j4 -l4
[4.030s] Invoked command in '/home/jd/jdamr_200_ros/build/jdamr200_cartographer' returned '0': CMAKE_PREFIX_PATH=${CMAKE_PREFIX_PATH}:/home/jd/jdamr_200_ros/install/jdamr200_teleop:/home/jd/jdamr_200_ros/install/jdamr200_node:/home/jd/jdamr_200_ros/install/jdamr200_description:/home/jd/jdamr_200_ros/install/jdamr200_bringup:/opt/ros/humble /usr/bin/cmake --build /home/jd/jdamr_200_ros/build/jdamr200_cartographer -- -j4 -l4
[4.073s] Invoking command in '/home/jd/jdamr_200_ros/build/jdamr200_cartographer': CMAKE_PREFIX_PATH=${CMAKE_PREFIX_PATH}:/home/jd/jdamr_200_ros/install/jdamr200_teleop:/home/jd/jdamr_200_ros/install/jdamr200_node:/home/jd/jdamr_200_ros/install/jdamr200_description:/home/jd/jdamr_200_ros/install/jdamr200_bringup:/opt/ros/humble /usr/bin/cmake --install /home/jd/jdamr_200_ros/build/jdamr200_cartographer
[4.109s] -- Install configuration: ""
[4.110s] -- Up-to-date: /home/jd/jdamr_200_ros/install/jdamr200_cartographer/share/jdamr200_cartographer/launch
[4.111s] -- Up-to-date: /home/jd/jdamr_200_ros/install/jdamr200_cartographer/share/jdamr200_cartographer/launch/occupancy_grid.launch.py
[4.112s] -- Up-to-date: /home/jd/jdamr_200_ros/install/jdamr200_cartographer/share/jdamr200_cartographer/launch/cartographer.launch.py
[4.113s] -- Up-to-date: /home/jd/jdamr_200_ros/install/jdamr200_cartographer/share/jdamr200_cartographer/config
[4.115s] -- Installing: /home/jd/jdamr_200_ros/install/jdamr200_cartographer/share/jdamr200_cartographer/config/jdamr200_lidar.lua
[4.117s] -- Up-to-date: /home/jd/jdamr_200_ros/install/jdamr200_cartographer/share/ament_index/resource_index/package_run_dependencies/jdamr200_cartographer
[4.119s] -- Up-to-date: /home/jd/jdamr_200_ros/install/jdamr200_cartographer/share/ament_index/resource_index/parent_prefix_path/jdamr200_cartographer
[4.127s] -- Up-to-date: /home/jd/jdamr_200_ros/install/jdamr200_cartographer/share/jdamr200_cartographer/environment/ament_prefix_path.sh
[4.134s] -- Up-to-date: /home/jd/jdamr_200_ros/install/jdamr200_cartographer/share/jdamr200_cartographer/environment/ament_prefix_path.dsv
[4.141s] -- Up-to-date: /home/jd/jdamr_200_ros/install/jdamr200_cartographer/share/jdamr200_cartographer/environment/path.sh
[4.142s] -- Up-to-date: /home/jd/jdamr_200_ros/install/jdamr200_cartographer/share/jdamr200_cartographer/environment/path.dsv
[4.142s] -- Up-to-date: /home/jd/jdamr_200_ros/install/jdamr200_cartographer/share/jdamr200_cartographer/local_setup.bash
[4.143s] -- Up-to-date: /home/jd/jdamr_200_ros/install/jdamr200_cartographer/share/jdamr200_cartographer/local_setup.sh
[4.144s] -- Up-to-date: /home/jd/jdamr_200_ros/install/jdamr200_cartographer/share/jdamr200_cartographer/local_setup.zsh
[4.144s] -- Up-to-date: /home/jd/jdamr_200_ros/install/jdamr200_cartographer/share/jdamr200_cartographer/local_setup.dsv
[4.145s] -- Installing: /home/jd/jdamr_200_ros/install/jdamr200_cartographer/share/jdamr200_cartographer/package.dsv
[4.145s] -- Up-to-date: /home/jd/jdamr_200_ros/install/jdamr200_cartographer/share/ament_index/resource_index/packages/jdamr200_cartographer
[4.146s] -- Up-to-date: /home/jd/jdamr_200_ros/install/jdamr200_cartographer/share/jdamr200_cartographer/cmake/jdamr200_cartographerConfig.cmake
[4.147s] -- Up-to-date: /home/jd/jdamr_200_ros/install/jdamr200_cartographer/share/jdamr200_cartographer/cmake/jdamr200_cartographerConfig-version.cmake
[4.147s] -- Up-to-date: /home/jd/jdamr_200_ros/install/jdamr200_cartographer/share/jdamr200_cartographer/package.xml
[4.162s] Invoked command in '/home/jd/jdamr_200_ros/build/jdamr200_cartographer' returned '0': CMAKE_PREFIX_PATH=${CMAKE_PREFIX_PATH}:/home/jd/jdamr_200_ros/install/jdamr200_teleop:/home/jd/jdamr_200_ros/install/jdamr200_node:/home/jd/jdamr_200_ros/install/jdamr200_description:/home/jd/jdamr_200_ros/install/jdamr200_bringup:/opt/ros/humble /usr/bin/cmake --install /home/jd/jdamr_200_ros/build/jdamr200_cartographer
