[0.206s] Invoking command in '/home/jd/jdamr_200_ros/build/ldlidar_sl_ros2': CMAKE_PREFIX_PATH=/opt/ros/humble /usr/bin/cmake --build /home/jd/jdamr_200_ros/build/ldlidar_sl_ros2 -- -j4 -l4
[0.679s] [100%] Built target ldlidar_sl_ros2_node
[0.728s] Invoked command in '/home/jd/jdamr_200_ros/build/ldlidar_sl_ros2' returned '0': CMAKE_PREFIX_PATH=/opt/ros/humble /usr/bin/cmake --build /home/jd/jdamr_200_ros/build/ldlidar_sl_ros2 -- -j4 -l4
[0.742s] Invoking command in '/home/jd/jdamr_200_ros/build/ldlidar_sl_ros2': CMAKE_PREFIX_PATH=/opt/ros/humble /usr/bin/cmake --install /home/jd/jdamr_200_ros/build/ldlidar_sl_ros2
[0.780s] -- Install configuration: ""
[0.787s] -- Up-to-date: /home/jd/jdamr_200_ros/install/ldlidar_sl_ros2/lib/ldlidar_sl_ros2/ldlidar_sl_ros2_node
[0.790s] -- Up-to-date: /home/jd/jdamr_200_ros/install/ldlidar_sl_ros2/share/ldlidar_sl_ros2//launch
[0.792s] -- Up-to-date: /home/jd/jdamr_200_ros/install/ldlidar_sl_ros2/share/ldlidar_sl_ros2//launch/ld14p.launch.py
[0.793s] -- Up-to-date: /home/jd/jdamr_200_ros/install/ldlidar_sl_ros2/share/ldlidar_sl_ros2//launch/ld14.launch.py
[0.794s] -- Up-to-date: /home/jd/jdamr_200_ros/install/ldlidar_sl_ros2/share/ldlidar_sl_ros2//launch/viewer_ld14.launch.py
[0.794s] -- Up-to-date: /home/jd/jdamr_200_ros/install/ldlidar_sl_ros2/share/ldlidar_sl_ros2//launch/viewer_ld14p.launch.py
[0.794s] -- Up-to-date: /home/jd/jdamr_200_ros/install/ldlidar_sl_ros2/share/ldlidar_sl_ros2//rviz2
[0.795s] -- Up-to-date: /home/jd/jdamr_200_ros/install/ldlidar_sl_ros2/share/ldlidar_sl_ros2//rviz2/ldlidar.rviz
[0.796s] -- Up-to-date: /home/jd/jdamr_200_ros/install/ldlidar_sl_ros2/share/ldlidar_sl_ros2//scripts
[0.798s] -- Up-to-date: /home/jd/jdamr_200_ros/install/ldlidar_sl_ros2/share/ldlidar_sl_ros2//scripts/ldlidar.rules
[0.798s] -- Up-to-date: /home/jd/jdamr_200_ros/install/ldlidar_sl_ros2/share/ldlidar_sl_ros2//scripts/create_udev_rules.sh
[0.799s] -- Up-to-date: /home/jd/jdamr_200_ros/install/ldlidar_sl_ros2/share/ldlidar_sl_ros2//scripts/delete_udev_rules.sh
[0.801s] -- Up-to-date: /home/jd/jdamr_200_ros/install/ldlidar_sl_ros2/share/ament_index/resource_index/package_run_dependencies/ldlidar_sl_ros2
[0.803s] -- Up-to-date: /home/jd/jdamr_200_ros/install/ldlidar_sl_ros2/share/ament_index/resource_index/parent_prefix_path/ldlidar_sl_ros2
[0.804s] -- Up-to-date: /home/jd/jdamr_200_ros/install/ldlidar_sl_ros2/share/ldlidar_sl_ros2/environment/ament_prefix_path.sh
[0.805s] -- Up-to-date: /home/jd/jdamr_200_ros/install/ldlidar_sl_ros2/share/ldlidar_sl_ros2/environment/ament_prefix_path.dsv
[0.805s] -- Up-to-date: /home/jd/jdamr_200_ros/install/ldlidar_sl_ros2/share/ldlidar_sl_ros2/environment/path.sh
[0.806s] -- Up-to-date: /home/jd/jdamr_200_ros/install/ldlidar_sl_ros2/share/ldlidar_sl_ros2/environment/path.dsv
[0.807s] -- Up-to-date: /home/jd/jdamr_200_ros/install/ldlidar_sl_ros2/share/ldlidar_sl_ros2/local_setup.bash
[0.808s] -- Up-to-date: /home/jd/jdamr_200_ros/install/ldlidar_sl_ros2/share/ldlidar_sl_ros2/local_setup.sh
[0.808s] -- Up-to-date: /home/jd/jdamr_200_ros/install/ldlidar_sl_ros2/share/ldlidar_sl_ros2/local_setup.zsh
[0.809s] -- Up-to-date: /home/jd/jdamr_200_ros/install/ldlidar_sl_ros2/share/ldlidar_sl_ros2/local_setup.dsv
[0.809s] -- Installing: /home/jd/jdamr_200_ros/install/ldlidar_sl_ros2/share/ldlidar_sl_ros2/package.dsv
[0.812s] -- Up-to-date: /home/jd/jdamr_200_ros/install/ldlidar_sl_ros2/share/ament_index/resource_index/packages/ldlidar_sl_ros2
[0.813s] -- Up-to-date: /home/jd/jdamr_200_ros/install/ldlidar_sl_ros2/share/ldlidar_sl_ros2/cmake/ldlidar_sl_ros2Config.cmake
[0.814s] -- Up-to-date: /home/jd/jdamr_200_ros/install/ldlidar_sl_ros2/share/ldlidar_sl_ros2/cmake/ldlidar_sl_ros2Config-version.cmake
[0.821s] -- Up-to-date: /home/jd/jdamr_200_ros/install/ldlidar_sl_ros2/share/ldlidar_sl_ros2/package.xml
[0.830s] Invoked command in '/home/jd/jdamr_200_ros/build/ldlidar_sl_ros2' returned '0': CMAKE_PREFIX_PATH=/opt/ros/humble /usr/bin/cmake --install /home/jd/jdamr_200_ros/build/ldlidar_sl_ros2
