[0.706s] DEBUG:colcon:Command line arguments: ['/usr/local/bin/colcon', 'build']
[0.706s] DEBUG:colcon:Parsed command line arguments: Namespace(log_base=None, log_level=None, verb_name='build', build_base='build', install_base='install', merge_install=False, symlink_install=False, test_result_base=None, continue_on_error=False, executor='parallel', parallel_workers=4, event_handlers=None, ignore_user_meta=False, metas=['./colcon.meta'], base_paths=['.'], packages_ignore=None, packages_ignore_regex=None, paths=None, packages_up_to=None, packages_up_to_regex=None, packages_above=None, packages_above_and_dependencies=None, packages_above_depth=None, packages_select_by_dep=None, packages_skip_by_dep=None, packages_skip_up_to=None, packages_select_build_failed=False, packages_skip_build_finished=False, packages_select_test_failures=False, packages_skip_test_passed=False, packages_select=None, packages_skip=None, packages_select_regex=None, packages_skip_regex=None, packages_start=None, packages_end=None, cmake_args=None, cmake_target=None, cmake_target_skip_unavailable=False, cmake_clean_cache=False, cmake_clean_first=False, cmake_force_configure=False, ament_cmake_args=None, catkin_cmake_args=None, catkin_skip_building_tests=False, verb_parser=<colcon_defaults.argument_parser.defaults.DefaultArgumentsDecorator object at 0xffffb6f9ab60>, verb_extension=<colcon_core.verb.build.BuildVerb object at 0xffffb7157f70>, main=<bound method BuildVerb.main of <colcon_core.verb.build.BuildVerb object at 0xffffb7157f70>>)
[1.739s] Level 1:colcon.colcon_core.package_discovery:discover_packages(colcon_meta) check parameters
[1.740s] Level 1:colcon.colcon_core.package_discovery:discover_packages(recursive) check parameters
[1.740s] Level 1:colcon.colcon_core.package_discovery:discover_packages(ignore) check parameters
[1.740s] Level 1:colcon.colcon_core.package_discovery:discover_packages(path) check parameters
[1.740s] Level 1:colcon.colcon_core.package_discovery:discover_packages(colcon_meta) discover
[1.740s] Level 1:colcon.colcon_core.package_discovery:discover_packages(recursive) discover
[1.741s] INFO:colcon.colcon_core.package_discovery:Crawling recursively for packages in '/home/jd/jdamr_200_ros'
[1.741s] Level 1:colcon.colcon_core.package_identification:_identify(.) by extensions ['ignore', 'ignore_ament_install']
[1.741s] Level 1:colcon.colcon_core.package_identification:_identify(.) by extension 'ignore'
[1.742s] Level 1:colcon.colcon_core.package_identification:_identify(.) by extension 'ignore_ament_install'
[1.742s] Level 1:colcon.colcon_core.package_identification:_identify(.) by extensions ['colcon_pkg']
[1.742s] Level 1:colcon.colcon_core.package_identification:_identify(.) by extension 'colcon_pkg'
[1.742s] Level 1:colcon.colcon_core.package_identification:_identify(.) by extensions ['colcon_meta']
[1.742s] Level 1:colcon.colcon_core.package_identification:_identify(.) by extension 'colcon_meta'
[1.743s] Level 1:colcon.colcon_core.package_identification:_identify(.) by extensions ['ros']
[1.743s] Level 1:colcon.colcon_core.package_identification:_identify(.) by extension 'ros'
[1.799s] Level 1:colcon.colcon_core.package_identification:_identify(.) by extensions ['cmake', 'python']
[1.799s] Level 1:colcon.colcon_core.package_identification:_identify(.) by extension 'cmake'
[1.800s] Level 1:colcon.colcon_core.package_identification:_identify(.) by extension 'python'
[1.800s] Level 1:colcon.colcon_core.package_identification:_identify(.) by extensions ['python_setup_py']
[1.800s] Level 1:colcon.colcon_core.package_identification:_identify(.) by extension 'python_setup_py'
[1.800s] Level 1:colcon.colcon_core.package_identification:_identify(build) by extensions ['ignore', 'ignore_ament_install']
[1.801s] Level 1:colcon.colcon_core.package_identification:_identify(build) by extension 'ignore'
[1.801s] Level 1:colcon.colcon_core.package_identification:_identify(build) ignored
[1.802s] Level 1:colcon.colcon_core.package_identification:_identify(install) by extensions ['ignore', 'ignore_ament_install']
[1.802s] Level 1:colcon.colcon_core.package_identification:_identify(install) by extension 'ignore'
[1.802s] Level 1:colcon.colcon_core.package_identification:_identify(install) ignored
[1.803s] Level 1:colcon.colcon_core.package_identification:_identify(log) by extensions ['ignore', 'ignore_ament_install']
[1.803s] Level 1:colcon.colcon_core.package_identification:_identify(log) by extension 'ignore'
[1.803s] Level 1:colcon.colcon_core.package_identification:_identify(log) ignored
[1.804s] Level 1:colcon.colcon_core.package_identification:_identify(src) by extensions ['ignore', 'ignore_ament_install']
[1.804s] Level 1:colcon.colcon_core.package_identification:_identify(src) by extension 'ignore'
[1.804s] Level 1:colcon.colcon_core.package_identification:_identify(src) by extension 'ignore_ament_install'
[1.804s] Level 1:colcon.colcon_core.package_identification:_identify(src) by extensions ['colcon_pkg']
[1.804s] Level 1:colcon.colcon_core.package_identification:_identify(src) by extension 'colcon_pkg'
[1.805s] Level 1:colcon.colcon_core.package_identification:_identify(src) by extensions ['colcon_meta']
[1.805s] Level 1:colcon.colcon_core.package_identification:_identify(src) by extension 'colcon_meta'
[1.805s] Level 1:colcon.colcon_core.package_identification:_identify(src) by extensions ['ros']
[1.805s] Level 1:colcon.colcon_core.package_identification:_identify(src) by extension 'ros'
[1.805s] Level 1:colcon.colcon_core.package_identification:_identify(src) by extensions ['cmake', 'python']
[1.805s] Level 1:colcon.colcon_core.package_identification:_identify(src) by extension 'cmake'
[1.806s] Level 1:colcon.colcon_core.package_identification:_identify(src) by extension 'python'
[1.806s] Level 1:colcon.colcon_core.package_identification:_identify(src) by extensions ['python_setup_py']
[1.806s] Level 1:colcon.colcon_core.package_identification:_identify(src) by extension 'python_setup_py'
[1.806s] Level 1:colcon.colcon_core.package_identification:_identify(src/jdamr200_bringup) by extensions ['ignore', 'ignore_ament_install']
[1.807s] Level 1:colcon.colcon_core.package_identification:_identify(src/jdamr200_bringup) by extension 'ignore'
[1.807s] Level 1:colcon.colcon_core.package_identification:_identify(src/jdamr200_bringup) by extension 'ignore_ament_install'
[1.807s] Level 1:colcon.colcon_core.package_identification:_identify(src/jdamr200_bringup) by extensions ['colcon_pkg']
[1.807s] Level 1:colcon.colcon_core.package_identification:_identify(src/jdamr200_bringup) by extension 'colcon_pkg'
[1.807s] Level 1:colcon.colcon_core.package_identification:_identify(src/jdamr200_bringup) by extensions ['colcon_meta']
[1.808s] Level 1:colcon.colcon_core.package_identification:_identify(src/jdamr200_bringup) by extension 'colcon_meta'
[1.808s] Level 1:colcon.colcon_core.package_identification:_identify(src/jdamr200_bringup) by extensions ['ros']
[1.808s] Level 1:colcon.colcon_core.package_identification:_identify(src/jdamr200_bringup) by extension 'ros'
[1.821s] DEBUG:colcon.colcon_core.package_identification:Package 'src/jdamr200_bringup' with type 'ros.ament_python' and name 'jdamr200_bringup'
[1.822s] Level 1:colcon.colcon_core.package_identification:_identify(src/jdamr200_cartographer) by extensions ['ignore', 'ignore_ament_install']
[1.822s] Level 1:colcon.colcon_core.package_identification:_identify(src/jdamr200_cartographer) by extension 'ignore'
[1.822s] Level 1:colcon.colcon_core.package_identification:_identify(src/jdamr200_cartographer) by extension 'ignore_ament_install'
[1.823s] Level 1:colcon.colcon_core.package_identification:_identify(src/jdamr200_cartographer) by extensions ['colcon_pkg']
[1.823s] Level 1:colcon.colcon_core.package_identification:_identify(src/jdamr200_cartographer) by extension 'colcon_pkg'
[1.823s] Level 1:colcon.colcon_core.package_identification:_identify(src/jdamr200_cartographer) by extensions ['colcon_meta']
[1.823s] Level 1:colcon.colcon_core.package_identification:_identify(src/jdamr200_cartographer) by extension 'colcon_meta'
[1.823s] Level 1:colcon.colcon_core.package_identification:_identify(src/jdamr200_cartographer) by extensions ['ros']
[1.823s] Level 1:colcon.colcon_core.package_identification:_identify(src/jdamr200_cartographer) by extension 'ros'
[1.826s] DEBUG:colcon.colcon_core.package_identification:Package 'src/jdamr200_cartographer' with type 'ros.ament_cmake' and name 'jdamr200_cartographer'
[1.827s] Level 1:colcon.colcon_core.package_identification:_identify(src/jdamr200_description) by extensions ['ignore', 'ignore_ament_install']
[1.827s] Level 1:colcon.colcon_core.package_identification:_identify(src/jdamr200_description) by extension 'ignore'
[1.827s] Level 1:colcon.colcon_core.package_identification:_identify(src/jdamr200_description) by extension 'ignore_ament_install'
[1.828s] Level 1:colcon.colcon_core.package_identification:_identify(src/jdamr200_description) by extensions ['colcon_pkg']
[1.828s] Level 1:colcon.colcon_core.package_identification:_identify(src/jdamr200_description) by extension 'colcon_pkg'
[1.828s] Level 1:colcon.colcon_core.package_identification:_identify(src/jdamr200_description) by extensions ['colcon_meta']
[1.828s] Level 1:colcon.colcon_core.package_identification:_identify(src/jdamr200_description) by extension 'colcon_meta'
[1.828s] Level 1:colcon.colcon_core.package_identification:_identify(src/jdamr200_description) by extensions ['ros']
[1.829s] Level 1:colcon.colcon_core.package_identification:_identify(src/jdamr200_description) by extension 'ros'
[1.831s] DEBUG:colcon.colcon_core.package_identification:Package 'src/jdamr200_description' with type 'ros.ament_python' and name 'jdamr200_description'
[1.832s] Level 1:colcon.colcon_core.package_identification:_identify(src/jdamr200_node) by extensions ['ignore', 'ignore_ament_install']
[1.832s] Level 1:colcon.colcon_core.package_identification:_identify(src/jdamr200_node) by extension 'ignore'
[1.832s] Level 1:colcon.colcon_core.package_identification:_identify(src/jdamr200_node) by extension 'ignore_ament_install'
[1.833s] Level 1:colcon.colcon_core.package_identification:_identify(src/jdamr200_node) by extensions ['colcon_pkg']
[1.833s] Level 1:colcon.colcon_core.package_identification:_identify(src/jdamr200_node) by extension 'colcon_pkg'
[1.833s] Level 1:colcon.colcon_core.package_identification:_identify(src/jdamr200_node) by extensions ['colcon_meta']
[1.833s] Level 1:colcon.colcon_core.package_identification:_identify(src/jdamr200_node) by extension 'colcon_meta'
[1.833s] Level 1:colcon.colcon_core.package_identification:_identify(src/jdamr200_node) by extensions ['ros']
[1.834s] Level 1:colcon.colcon_core.package_identification:_identify(src/jdamr200_node) by extension 'ros'
[1.836s] DEBUG:colcon.colcon_core.package_identification:Package 'src/jdamr200_node' with type 'ros.ament_python' and name 'jdamr200_node'
[1.837s] Level 1:colcon.colcon_core.package_identification:_identify(src/jdamr200_teleop) by extensions ['ignore', 'ignore_ament_install']
[1.837s] Level 1:colcon.colcon_core.package_identification:_identify(src/jdamr200_teleop) by extension 'ignore'
[1.838s] Level 1:colcon.colcon_core.package_identification:_identify(src/jdamr200_teleop) by extension 'ignore_ament_install'
[1.838s] Level 1:colcon.colcon_core.package_identification:_identify(src/jdamr200_teleop) by extensions ['colcon_pkg']
[1.838s] Level 1:colcon.colcon_core.package_identification:_identify(src/jdamr200_teleop) by extension 'colcon_pkg'
[1.838s] Level 1:colcon.colcon_core.package_identification:_identify(src/jdamr200_teleop) by extensions ['colcon_meta']
[1.838s] Level 1:colcon.colcon_core.package_identification:_identify(src/jdamr200_teleop) by extension 'colcon_meta'
[1.839s] Level 1:colcon.colcon_core.package_identification:_identify(src/jdamr200_teleop) by extensions ['ros']
[1.839s] Level 1:colcon.colcon_core.package_identification:_identify(src/jdamr200_teleop) by extension 'ros'
[1.841s] DEBUG:colcon.colcon_core.package_identification:Package 'src/jdamr200_teleop' with type 'ros.ament_python' and name 'jdamr200_teleop'
[1.841s] Level 1:colcon.colcon_core.package_identification:_identify(src/ldlidar_sl_ros2) by extensions ['ignore', 'ignore_ament_install']
[1.842s] Level 1:colcon.colcon_core.package_identification:_identify(src/ldlidar_sl_ros2) by extension 'ignore'
[1.842s] Level 1:colcon.colcon_core.package_identification:_identify(src/ldlidar_sl_ros2) by extension 'ignore_ament_install'
[1.842s] Level 1:colcon.colcon_core.package_identification:_identify(src/ldlidar_sl_ros2) by extensions ['colcon_pkg']
[1.843s] Level 1:colcon.colcon_core.package_identification:_identify(src/ldlidar_sl_ros2) by extension 'colcon_pkg'
[1.843s] Level 1:colcon.colcon_core.package_identification:_identify(src/ldlidar_sl_ros2) by extensions ['colcon_meta']
[1.843s] Level 1:colcon.colcon_core.package_identification:_identify(src/ldlidar_sl_ros2) by extension 'colcon_meta'
[1.843s] Level 1:colcon.colcon_core.package_identification:_identify(src/ldlidar_sl_ros2) by extensions ['ros']
[1.843s] Level 1:colcon.colcon_core.package_identification:_identify(src/ldlidar_sl_ros2) by extension 'ros'
[1.846s] DEBUG:colcon.colcon_core.package_identification:Package 'src/ldlidar_sl_ros2' with type 'ros.ament_cmake' and name 'ldlidar_sl_ros2'
[1.846s] Level 1:colcon.colcon_core.package_discovery:discover_packages(recursive) using defaults
[1.847s] Level 1:colcon.colcon_core.package_discovery:discover_packages(ignore) discover
[1.847s] Level 1:colcon.colcon_core.package_discovery:discover_packages(ignore) using defaults
[1.847s] Level 1:colcon.colcon_core.package_discovery:discover_packages(path) discover
[1.847s] Level 1:colcon.colcon_core.package_discovery:discover_packages(path) using defaults
[1.996s] Level 5:colcon.colcon_core.verb:set package 'jdamr200_bringup' build argument 'cmake_args' from command line to 'None'
[1.997s] Level 5:colcon.colcon_core.verb:set package 'jdamr200_bringup' build argument 'cmake_target' from command line to 'None'
[1.997s] Level 5:colcon.colcon_core.verb:set package 'jdamr200_bringup' build argument 'cmake_target_skip_unavailable' from command line to 'False'
[1.997s] Level 5:colcon.colcon_core.verb:set package 'jdamr200_bringup' build argument 'cmake_clean_cache' from command line to 'False'
[1.997s] Level 5:colcon.colcon_core.verb:set package 'jdamr200_bringup' build argument 'cmake_clean_first' from command line to 'False'
[1.997s] Level 5:colcon.colcon_core.verb:set package 'jdamr200_bringup' build argument 'cmake_force_configure' from command line to 'False'
[1.997s] Level 5:colcon.colcon_core.verb:set package 'jdamr200_bringup' build argument 'ament_cmake_args' from command line to 'None'
[1.997s] Level 5:colcon.colcon_core.verb:set package 'jdamr200_bringup' build argument 'catkin_cmake_args' from command line to 'None'
[1.997s] Level 5:colcon.colcon_core.verb:set package 'jdamr200_bringup' build argument 'catkin_skip_building_tests' from command line to 'False'
[1.998s] DEBUG:colcon.colcon_core.verb:Building package 'jdamr200_bringup' with the following arguments: {'ament_cmake_args': None, 'build_base': '/home/jd/jdamr_200_ros/build/jdamr200_bringup', 'catkin_cmake_args': None, 'catkin_skip_building_tests': False, 'cmake_args': None, 'cmake_clean_cache': False, 'cmake_clean_first': False, 'cmake_force_configure': False, 'cmake_target': None, 'cmake_target_skip_unavailable': False, 'install_base': '/home/jd/jdamr_200_ros/install/jdamr200_bringup', 'merge_install': False, 'path': '/home/jd/jdamr_200_ros/src/jdamr200_bringup', 'symlink_install': False, 'test_result_base': None}
[1.999s] Level 5:colcon.colcon_core.verb:set package 'jdamr200_cartographer' build argument 'cmake_args' from command line to 'None'
[1.999s] Level 5:colcon.colcon_core.verb:set package 'jdamr200_cartographer' build argument 'cmake_target' from command line to 'None'
[1.999s] Level 5:colcon.colcon_core.verb:set package 'jdamr200_cartographer' build argument 'cmake_target_skip_unavailable' from command line to 'False'
[2.000s] Level 5:colcon.colcon_core.verb:set package 'jdamr200_cartographer' build argument 'cmake_clean_cache' from command line to 'False'
[2.000s] Level 5:colcon.colcon_core.verb:set package 'jdamr200_cartographer' build argument 'cmake_clean_first' from command line to 'False'
[2.000s] Level 5:colcon.colcon_core.verb:set package 'jdamr200_cartographer' build argument 'cmake_force_configure' from command line to 'False'
[2.000s] Level 5:colcon.colcon_core.verb:set package 'jdamr200_cartographer' build argument 'ament_cmake_args' from command line to 'None'
[2.000s] Level 5:colcon.colcon_core.verb:set package 'jdamr200_cartographer' build argument 'catkin_cmake_args' from command line to 'None'
[2.000s] Level 5:colcon.colcon_core.verb:set package 'jdamr200_cartographer' build argument 'catkin_skip_building_tests' from command line to 'False'
[2.000s] DEBUG:colcon.colcon_core.verb:Building package 'jdamr200_cartographer' with the following arguments: {'ament_cmake_args': None, 'build_base': '/home/jd/jdamr_200_ros/build/jdamr200_cartographer', 'catkin_cmake_args': None, 'catkin_skip_building_tests': False, 'cmake_args': None, 'cmake_clean_cache': False, 'cmake_clean_first': False, 'cmake_force_configure': False, 'cmake_target': None, 'cmake_target_skip_unavailable': False, 'install_base': '/home/jd/jdamr_200_ros/install/jdamr200_cartographer', 'merge_install': False, 'path': '/home/jd/jdamr_200_ros/src/jdamr200_cartographer', 'symlink_install': False, 'test_result_base': None}
[2.002s] Level 5:colcon.colcon_core.verb:set package 'jdamr200_description' build argument 'cmake_args' from command line to 'None'
[2.002s] Level 5:colcon.colcon_core.verb:set package 'jdamr200_description' build argument 'cmake_target' from command line to 'None'
[2.002s] Level 5:colcon.colcon_core.verb:set package 'jdamr200_description' build argument 'cmake_target_skip_unavailable' from command line to 'False'
[2.002s] Level 5:colcon.colcon_core.verb:set package 'jdamr200_description' build argument 'cmake_clean_cache' from command line to 'False'
[2.003s] Level 5:colcon.colcon_core.verb:set package 'jdamr200_description' build argument 'cmake_clean_first' from command line to 'False'
[2.003s] Level 5:colcon.colcon_core.verb:set package 'jdamr200_description' build argument 'cmake_force_configure' from command line to 'False'
[2.003s] Level 5:colcon.colcon_core.verb:set package 'jdamr200_description' build argument 'ament_cmake_args' from command line to 'None'
[2.003s] Level 5:colcon.colcon_core.verb:set package 'jdamr200_description' build argument 'catkin_cmake_args' from command line to 'None'
[2.003s] Level 5:colcon.colcon_core.verb:set package 'jdamr200_description' build argument 'catkin_skip_building_tests' from command line to 'False'
[2.003s] DEBUG:colcon.colcon_core.verb:Building package 'jdamr200_description' with the following arguments: {'ament_cmake_args': None, 'build_base': '/home/jd/jdamr_200_ros/build/jdamr200_description', 'catkin_cmake_args': None, 'catkin_skip_building_tests': False, 'cmake_args': None, 'cmake_clean_cache': False, 'cmake_clean_first': False, 'cmake_force_configure': False, 'cmake_target': None, 'cmake_target_skip_unavailable': False, 'install_base': '/home/jd/jdamr_200_ros/install/jdamr200_description', 'merge_install': False, 'path': '/home/jd/jdamr_200_ros/src/jdamr200_description', 'symlink_install': False, 'test_result_base': None}
[2.005s] Level 5:colcon.colcon_core.verb:set package 'jdamr200_node' build argument 'cmake_args' from command line to 'None'
[2.005s] Level 5:colcon.colcon_core.verb:set package 'jdamr200_node' build argument 'cmake_target' from command line to 'None'
[2.005s] Level 5:colcon.colcon_core.verb:set package 'jdamr200_node' build argument 'cmake_target_skip_unavailable' from command line to 'False'
[2.005s] Level 5:colcon.colcon_core.verb:set package 'jdamr200_node' build argument 'cmake_clean_cache' from command line to 'False'
[2.005s] Level 5:colcon.colcon_core.verb:set package 'jdamr200_node' build argument 'cmake_clean_first' from command line to 'False'
[2.005s] Level 5:colcon.colcon_core.verb:set package 'jdamr200_node' build argument 'cmake_force_configure' from command line to 'False'
[2.005s] Level 5:colcon.colcon_core.verb:set package 'jdamr200_node' build argument 'ament_cmake_args' from command line to 'None'
[2.006s] Level 5:colcon.colcon_core.verb:set package 'jdamr200_node' build argument 'catkin_cmake_args' from command line to 'None'
[2.006s] Level 5:colcon.colcon_core.verb:set package 'jdamr200_node' build argument 'catkin_skip_building_tests' from command line to 'False'
[2.006s] DEBUG:colcon.colcon_core.verb:Building package 'jdamr200_node' with the following arguments: {'ament_cmake_args': None, 'build_base': '/home/jd/jdamr_200_ros/build/jdamr200_node', 'catkin_cmake_args': None, 'catkin_skip_building_tests': False, 'cmake_args': None, 'cmake_clean_cache': False, 'cmake_clean_first': False, 'cmake_force_configure': False, 'cmake_target': None, 'cmake_target_skip_unavailable': False, 'install_base': '/home/jd/jdamr_200_ros/install/jdamr200_node', 'merge_install': False, 'path': '/home/jd/jdamr_200_ros/src/jdamr200_node', 'symlink_install': False, 'test_result_base': None}
[2.007s] Level 5:colcon.colcon_core.verb:set package 'jdamr200_teleop' build argument 'cmake_args' from command line to 'None'
[2.008s] Level 5:colcon.colcon_core.verb:set package 'jdamr200_teleop' build argument 'cmake_target' from command line to 'None'
[2.008s] Level 5:colcon.colcon_core.verb:set package 'jdamr200_teleop' build argument 'cmake_target_skip_unavailable' from command line to 'False'
[2.008s] Level 5:colcon.colcon_core.verb:set package 'jdamr200_teleop' build argument 'cmake_clean_cache' from command line to 'False'
[2.008s] Level 5:colcon.colcon_core.verb:set package 'jdamr200_teleop' build argument 'cmake_clean_first' from command line to 'False'
[2.008s] Level 5:colcon.colcon_core.verb:set package 'jdamr200_teleop' build argument 'cmake_force_configure' from command line to 'False'
[2.008s] Level 5:colcon.colcon_core.verb:set package 'jdamr200_teleop' build argument 'ament_cmake_args' from command line to 'None'
[2.008s] Level 5:colcon.colcon_core.verb:set package 'jdamr200_teleop' build argument 'catkin_cmake_args' from command line to 'None'
[2.008s] Level 5:colcon.colcon_core.verb:set package 'jdamr200_teleop' build argument 'catkin_skip_building_tests' from command line to 'False'
[2.008s] DEBUG:colcon.colcon_core.verb:Building package 'jdamr200_teleop' with the following arguments: {'ament_cmake_args': None, 'build_base': '/home/jd/jdamr_200_ros/build/jdamr200_teleop', 'catkin_cmake_args': None, 'catkin_skip_building_tests': False, 'cmake_args': None, 'cmake_clean_cache': False, 'cmake_clean_first': False, 'cmake_force_configure': False, 'cmake_target': None, 'cmake_target_skip_unavailable': False, 'install_base': '/home/jd/jdamr_200_ros/install/jdamr200_teleop', 'merge_install': False, 'path': '/home/jd/jdamr_200_ros/src/jdamr200_teleop', 'symlink_install': False, 'test_result_base': None}
[2.010s] Level 5:colcon.colcon_core.verb:set package 'ldlidar_sl_ros2' build argument 'cmake_args' from command line to 'None'
[2.010s] Level 5:colcon.colcon_core.verb:set package 'ldlidar_sl_ros2' build argument 'cmake_target' from command line to 'None'
[2.010s] Level 5:colcon.colcon_core.verb:set package 'ldlidar_sl_ros2' build argument 'cmake_target_skip_unavailable' from command line to 'False'
[2.010s] Level 5:colcon.colcon_core.verb:set package 'ldlidar_sl_ros2' build argument 'cmake_clean_cache' from command line to 'False'
[2.010s] Level 5:colcon.colcon_core.verb:set package 'ldlidar_sl_ros2' build argument 'cmake_clean_first' from command line to 'False'
[2.010s] Level 5:colcon.colcon_core.verb:set package 'ldlidar_sl_ros2' build argument 'cmake_force_configure' from command line to 'False'
[2.011s] Level 5:colcon.colcon_core.verb:set package 'ldlidar_sl_ros2' build argument 'ament_cmake_args' from command line to 'None'
[2.011s] Level 5:colcon.colcon_core.verb:set package 'ldlidar_sl_ros2' build argument 'catkin_cmake_args' from command line to 'None'
[2.011s] Level 5:colcon.colcon_core.verb:set package 'ldlidar_sl_ros2' build argument 'catkin_skip_building_tests' from command line to 'False'
[2.011s] DEBUG:colcon.colcon_core.verb:Building package 'ldlidar_sl_ros2' with the following arguments: {'ament_cmake_args': None, 'build_base': '/home/jd/jdamr_200_ros/build/ldlidar_sl_ros2', 'catkin_cmake_args': None, 'catkin_skip_building_tests': False, 'cmake_args': None, 'cmake_clean_cache': False, 'cmake_clean_first': False, 'cmake_force_configure': False, 'cmake_target': None, 'cmake_target_skip_unavailable': False, 'install_base': '/home/jd/jdamr_200_ros/install/ldlidar_sl_ros2', 'merge_install': False, 'path': '/home/jd/jdamr_200_ros/src/ldlidar_sl_ros2', 'symlink_install': False, 'test_result_base': None}
[2.011s] INFO:colcon.colcon_core.executor:Executing jobs using 'parallel' executor
[2.015s] DEBUG:colcon.colcon_parallel_executor.executor.parallel:run_until_complete
[2.016s] INFO:colcon.colcon_ros.task.ament_python.build:Building ROS package in '/home/jd/jdamr_200_ros/src/jdamr200_bringup' with build type 'ament_python'
[2.018s] Level 1:colcon.colcon_core.shell:create_environment_hook('jdamr200_bringup', 'ament_prefix_path')
[2.039s] INFO:colcon.colcon_core.plugin_system:Skipping extension 'colcon_core.shell.bat': Not used on non-Windows systems
[2.040s] INFO:colcon.colcon_core.shell:Creating environment hook '/home/jd/jdamr_200_ros/install/jdamr200_bringup/share/jdamr200_bringup/hook/ament_prefix_path.ps1'
[2.046s] INFO:colcon.colcon_core.shell:Creating environment descriptor '/home/jd/jdamr_200_ros/install/jdamr200_bringup/share/jdamr200_bringup/hook/ament_prefix_path.dsv'
[2.051s] INFO:colcon.colcon_core.shell:Creating environment hook '/home/jd/jdamr_200_ros/install/jdamr200_bringup/share/jdamr200_bringup/hook/ament_prefix_path.sh'
[2.057s] INFO:colcon.colcon_core.shell:Skip shell extension 'powershell' for command environment: Not usable outside of PowerShell
[2.058s] DEBUG:colcon.colcon_core.shell:Skip shell extension 'dsv' for command environment
[2.102s] INFO:colcon.colcon_ros.task.ament_cmake.build:Building ROS package in '/home/jd/jdamr_200_ros/src/jdamr200_cartographer' with build type 'ament_cmake'
[2.102s] INFO:colcon.colcon_cmake.task.cmake.build:Building CMake package in '/home/jd/jdamr_200_ros/src/jdamr200_cartographer'
[2.104s] INFO:colcon.colcon_core.shell:Skip shell extension 'powershell' for command environment: Not usable outside of PowerShell
[2.104s] DEBUG:colcon.colcon_core.shell:Skip shell extension 'dsv' for command environment
[2.141s] INFO:colcon.colcon_ros.task.ament_python.build:Building ROS package in '/home/jd/jdamr_200_ros/src/jdamr200_description' with build type 'ament_python'
[2.142s] Level 1:colcon.colcon_core.shell:create_environment_hook('jdamr200_description', 'ament_prefix_path')
[2.145s] INFO:colcon.colcon_core.shell:Creating environment hook '/home/jd/jdamr_200_ros/install/jdamr200_description/share/jdamr200_description/hook/ament_prefix_path.ps1'
[2.156s] INFO:colcon.colcon_core.shell:Creating environment descriptor '/home/jd/jdamr_200_ros/install/jdamr200_description/share/jdamr200_description/hook/ament_prefix_path.dsv'
[2.159s] INFO:colcon.colcon_core.shell:Creating environment hook '/home/jd/jdamr_200_ros/install/jdamr200_description/share/jdamr200_description/hook/ament_prefix_path.sh'
[2.167s] INFO:colcon.colcon_core.shell:Skip shell extension 'powershell' for command environment: Not usable outside of PowerShell
[2.168s] DEBUG:colcon.colcon_core.shell:Skip shell extension 'dsv' for command environment
[2.199s] INFO:colcon.colcon_ros.task.ament_python.build:Building ROS package in '/home/jd/jdamr_200_ros/src/jdamr200_node' with build type 'ament_python'
[2.200s] Level 1:colcon.colcon_core.shell:create_environment_hook('jdamr200_node', 'ament_prefix_path')
[2.202s] INFO:colcon.colcon_core.shell:Creating environment hook '/home/jd/jdamr_200_ros/install/jdamr200_node/share/jdamr200_node/hook/ament_prefix_path.ps1'
[2.209s] INFO:colcon.colcon_core.shell:Creating environment descriptor '/home/jd/jdamr_200_ros/install/jdamr200_node/share/jdamr200_node/hook/ament_prefix_path.dsv'
[2.212s] INFO:colcon.colcon_core.shell:Creating environment hook '/home/jd/jdamr_200_ros/install/jdamr200_node/share/jdamr200_node/hook/ament_prefix_path.sh'
[2.218s] INFO:colcon.colcon_core.shell:Skip shell extension 'powershell' for command environment: Not usable outside of PowerShell
[2.220s] DEBUG:colcon.colcon_core.shell:Skip shell extension 'dsv' for command environment
[3.518s] INFO:colcon.colcon_core.task.python.build:Building Python package in '/home/jd/jdamr_200_ros/src/jdamr200_bringup'
[3.519s] INFO:colcon.colcon_core.shell:Skip shell extension 'powershell' for command environment: Not usable outside of PowerShell
[3.520s] DEBUG:colcon.colcon_core.shell:Skip shell extension 'dsv' for command environment
[3.567s] DEBUG:colcon.colcon_core.event_handler.log_command:Invoking command in '/home/jd/jdamr_200_ros/build/jdamr200_cartographer': CMAKE_PREFIX_PATH=${CMAKE_PREFIX_PATH}:/home/jd/jdamr_200_ros/install/jdamr200_teleop:/home/jd/jdamr_200_ros/install/jdamr200_node:/home/jd/jdamr_200_ros/install/jdamr200_description:/home/jd/jdamr_200_ros/install/jdamr200_bringup:/opt/ros/humble /usr/bin/cmake --build /home/jd/jdamr_200_ros/build/jdamr200_cartographer -- -j4 -l4
[4.839s] INFO:colcon.colcon_core.task.python.build:Building Python package in '/home/jd/jdamr_200_ros/src/jdamr200_description'
[4.840s] INFO:colcon.colcon_core.shell:Skip shell extension 'powershell' for command environment: Not usable outside of PowerShell
[4.840s] DEBUG:colcon.colcon_core.shell:Skip shell extension 'dsv' for command environment
[6.074s] INFO:colcon.colcon_core.task.python.build:Building Python package in '/home/jd/jdamr_200_ros/src/jdamr200_node'
[6.075s] INFO:colcon.colcon_core.shell:Skip shell extension 'powershell' for command environment: Not usable outside of PowerShell
[6.075s] DEBUG:colcon.colcon_core.shell:Skip shell extension 'dsv' for command environment
[6.125s] DEBUG:colcon.colcon_core.event_handler.log_command:Invoked command in '/home/jd/jdamr_200_ros/build/jdamr200_cartographer' returned '0': CMAKE_PREFIX_PATH=${CMAKE_PREFIX_PATH}:/home/jd/jdamr_200_ros/install/jdamr200_teleop:/home/jd/jdamr_200_ros/install/jdamr200_node:/home/jd/jdamr_200_ros/install/jdamr200_description:/home/jd/jdamr_200_ros/install/jdamr200_bringup:/opt/ros/humble /usr/bin/cmake --build /home/jd/jdamr_200_ros/build/jdamr200_cartographer -- -j4 -l4
[6.177s] DEBUG:colcon.colcon_core.event_handler.log_command:Invoking command in '/home/jd/jdamr_200_ros/build/jdamr200_cartographer': CMAKE_PREFIX_PATH=${CMAKE_PREFIX_PATH}:/home/jd/jdamr_200_ros/install/jdamr200_teleop:/home/jd/jdamr_200_ros/install/jdamr200_node:/home/jd/jdamr_200_ros/install/jdamr200_description:/home/jd/jdamr_200_ros/install/jdamr200_bringup:/opt/ros/humble /usr/bin/cmake --install /home/jd/jdamr_200_ros/build/jdamr200_cartographer
[6.245s] Level 1:colcon.colcon_core.environment:create_environment_scripts_only(jdamr200_cartographer)
[6.260s] DEBUG:colcon.colcon_core.event_handler.log_command:Invoked command in '/home/jd/jdamr_200_ros/build/jdamr200_cartographer' returned '0': CMAKE_PREFIX_PATH=${CMAKE_PREFIX_PATH}:/home/jd/jdamr_200_ros/install/jdamr200_teleop:/home/jd/jdamr_200_ros/install/jdamr200_node:/home/jd/jdamr_200_ros/install/jdamr200_description:/home/jd/jdamr_200_ros/install/jdamr200_bringup:/opt/ros/humble /usr/bin/cmake --install /home/jd/jdamr_200_ros/build/jdamr200_cartographer
[6.278s] Level 1:colcon.colcon_core.environment:checking '/home/jd/jdamr_200_ros/install/jdamr200_cartographer' for CMake module files
[6.282s] Level 1:colcon.colcon_core.environment:checking '/home/jd/jdamr_200_ros/install/jdamr200_cartographer' for CMake config files
[6.293s] Level 1:colcon.colcon_core.shell:create_environment_hook('jdamr200_cartographer', 'cmake_prefix_path')
[6.302s] INFO:colcon.colcon_core.shell:Creating environment hook '/home/jd/jdamr_200_ros/install/jdamr200_cartographer/share/jdamr200_cartographer/hook/cmake_prefix_path.ps1'
[6.306s] INFO:colcon.colcon_core.shell:Creating environment descriptor '/home/jd/jdamr_200_ros/install/jdamr200_cartographer/share/jdamr200_cartographer/hook/cmake_prefix_path.dsv'
[6.309s] INFO:colcon.colcon_core.shell:Creating environment hook '/home/jd/jdamr_200_ros/install/jdamr200_cartographer/share/jdamr200_cartographer/hook/cmake_prefix_path.sh'
[6.315s] Level 1:colcon.colcon_core.environment:checking '/home/jd/jdamr_200_ros/install/jdamr200_cartographer/bin'
[6.315s] Level 1:colcon.colcon_core.environment:checking '/home/jd/jdamr_200_ros/install/jdamr200_cartographer/lib/pkgconfig/jdamr200_cartographer.pc'
[6.317s] Level 1:colcon.colcon_core.environment:checking '/home/jd/jdamr_200_ros/install/jdamr200_cartographer/lib/python3.10/site-packages'
[6.318s] Level 1:colcon.colcon_core.environment:checking '/home/jd/jdamr_200_ros/install/jdamr200_cartographer/bin'
[6.321s] INFO:colcon.colcon_core.shell:Creating package script '/home/jd/jdamr_200_ros/install/jdamr200_cartographer/share/jdamr200_cartographer/package.ps1'
[6.330s] INFO:colcon.colcon_core.shell:Creating package descriptor '/home/jd/jdamr_200_ros/install/jdamr200_cartographer/share/jdamr200_cartographer/package.dsv'
[6.335s] INFO:colcon.colcon_core.shell:Creating package script '/home/jd/jdamr_200_ros/install/jdamr200_cartographer/share/jdamr200_cartographer/package.sh'
[6.340s] INFO:colcon.colcon_core.shell:Creating package script '/home/jd/jdamr_200_ros/install/jdamr200_cartographer/share/jdamr200_cartographer/package.bash'
[6.347s] INFO:colcon.colcon_core.shell:Creating package script '/home/jd/jdamr_200_ros/install/jdamr200_cartographer/share/jdamr200_cartographer/package.zsh'
[6.353s] Level 1:colcon.colcon_core.environment:create_file_with_runtime_dependencies(/home/jd/jdamr_200_ros/install/jdamr200_cartographer/share/colcon-core/packages/jdamr200_cartographer)
[6.358s] Level 1:colcon.colcon_core.environment:create_environment_scripts_only(jdamr200_cartographer)
[6.359s] Level 1:colcon.colcon_core.environment:checking '/home/jd/jdamr_200_ros/install/jdamr200_cartographer' for CMake module files
[6.365s] Level 1:colcon.colcon_core.environment:checking '/home/jd/jdamr_200_ros/install/jdamr200_cartographer' for CMake config files
[6.368s] Level 1:colcon.colcon_core.shell:create_environment_hook('jdamr200_cartographer', 'cmake_prefix_path')
[6.369s] INFO:colcon.colcon_core.shell:Creating environment hook '/home/jd/jdamr_200_ros/install/jdamr200_cartographer/share/jdamr200_cartographer/hook/cmake_prefix_path.ps1'
[6.372s] INFO:colcon.colcon_core.shell:Creating environment descriptor '/home/jd/jdamr_200_ros/install/jdamr200_cartographer/share/jdamr200_cartographer/hook/cmake_prefix_path.dsv'
[6.375s] INFO:colcon.colcon_core.shell:Creating environment hook '/home/jd/jdamr_200_ros/install/jdamr200_cartographer/share/jdamr200_cartographer/hook/cmake_prefix_path.sh'
[6.379s] Level 1:colcon.colcon_core.environment:checking '/home/jd/jdamr_200_ros/install/jdamr200_cartographer/bin'
[6.380s] Level 1:colcon.colcon_core.environment:checking '/home/jd/jdamr_200_ros/install/jdamr200_cartographer/lib/pkgconfig/jdamr200_cartographer.pc'
[6.382s] Level 1:colcon.colcon_core.environment:checking '/home/jd/jdamr_200_ros/install/jdamr200_cartographer/lib/python3.10/site-packages'
[6.383s] Level 1:colcon.colcon_core.environment:checking '/home/jd/jdamr_200_ros/install/jdamr200_cartographer/bin'
[6.385s] INFO:colcon.colcon_core.shell:Creating package script '/home/jd/jdamr_200_ros/install/jdamr200_cartographer/share/jdamr200_cartographer/package.ps1'
[6.390s] INFO:colcon.colcon_core.shell:Creating package descriptor '/home/jd/jdamr_200_ros/install/jdamr200_cartographer/share/jdamr200_cartographer/package.dsv'
[6.397s] INFO:colcon.colcon_core.shell:Creating package script '/home/jd/jdamr_200_ros/install/jdamr200_cartographer/share/jdamr200_cartographer/package.sh'
[6.403s] INFO:colcon.colcon_core.shell:Creating package script '/home/jd/jdamr_200_ros/install/jdamr200_cartographer/share/jdamr200_cartographer/package.bash'
[6.407s] INFO:colcon.colcon_core.shell:Creating package script '/home/jd/jdamr_200_ros/install/jdamr200_cartographer/share/jdamr200_cartographer/package.zsh'
[6.411s] Level 1:colcon.colcon_core.environment:create_file_with_runtime_dependencies(/home/jd/jdamr_200_ros/install/jdamr200_cartographer/share/colcon-core/packages/jdamr200_cartographer)
[6.419s] INFO:colcon.colcon_ros.task.ament_python.build:Building ROS package in '/home/jd/jdamr_200_ros/src/jdamr200_teleop' with build type 'ament_python'
[6.420s] Level 1:colcon.colcon_core.shell:create_environment_hook('jdamr200_teleop', 'ament_prefix_path')
[6.422s] INFO:colcon.colcon_core.shell:Creating environment hook '/home/jd/jdamr_200_ros/install/jdamr200_teleop/share/jdamr200_teleop/hook/ament_prefix_path.ps1'
[6.426s] INFO:colcon.colcon_core.shell:Creating environment descriptor '/home/jd/jdamr_200_ros/install/jdamr200_teleop/share/jdamr200_teleop/hook/ament_prefix_path.dsv'
[6.430s] INFO:colcon.colcon_core.shell:Creating environment hook '/home/jd/jdamr_200_ros/install/jdamr200_teleop/share/jdamr200_teleop/hook/ament_prefix_path.sh'
[6.434s] INFO:colcon.colcon_core.shell:Skip shell extension 'powershell' for command environment: Not usable outside of PowerShell
[6.435s] DEBUG:colcon.colcon_core.shell:Skip shell extension 'dsv' for command environment
[8.919s] INFO:colcon.colcon_core.task.python.build:Building Python package in '/home/jd/jdamr_200_ros/src/jdamr200_teleop'
[8.922s] INFO:colcon.colcon_core.shell:Skip shell extension 'powershell' for command environment: Not usable outside of PowerShell
[8.924s] DEBUG:colcon.colcon_core.shell:Skip shell extension 'dsv' for command environment
[9.162s] DEBUG:colcon.colcon_core.event_handler.log_command:Invoking command in '/home/jd/jdamr_200_ros/src/jdamr200_node': PYTHONPATH=/home/jd/jdamr_200_ros/build/jdamr200_node/prefix_override:/usr/local/lib/python3.10/dist-packages/colcon_core/task/python/colcon_distutils_commands:/home/jd/jdamr_200_ros/install/jdamr200_node/lib/python3.10/site-packages:${PYTHONPATH} /usr/bin/python3 -W ignore:setup.py install is deprecated -W ignore:easy_install command is deprecated setup.py egg_info --egg-base ../../build/jdamr200_node build --build-base /home/jd/jdamr_200_ros/build/jdamr200_node/build install --record /home/jd/jdamr_200_ros/build/jdamr200_node/install.log --single-version-externally-managed install_data
[9.167s] DEBUG:colcon.colcon_core.event_handler.log_command:Invoking command in '/home/jd/jdamr_200_ros/src/jdamr200_description': PYTHONPATH=/home/jd/jdamr_200_ros/build/jdamr200_description/prefix_override:/usr/local/lib/python3.10/dist-packages/colcon_core/task/python/colcon_distutils_commands:/home/jd/jdamr_200_ros/install/jdamr200_description/lib/python3.10/site-packages:${PYTHONPATH} /usr/bin/python3 -W ignore:setup.py install is deprecated -W ignore:easy_install command is deprecated setup.py egg_info --egg-base ../../build/jdamr200_description build --build-base /home/jd/jdamr_200_ros/build/jdamr200_description/build install --record /home/jd/jdamr_200_ros/build/jdamr200_description/install.log --single-version-externally-managed install_data
[9.188s] DEBUG:colcon.colcon_core.event_handler.log_command:Invoking command in '/home/jd/jdamr_200_ros/src/jdamr200_bringup': PYTHONPATH=/home/jd/jdamr_200_ros/build/jdamr200_bringup/prefix_override:/usr/local/lib/python3.10/dist-packages/colcon_core/task/python/colcon_distutils_commands:/home/jd/jdamr_200_ros/install/jdamr200_bringup/lib/python3.10/site-packages:${PYTHONPATH} /usr/bin/python3 -W ignore:setup.py install is deprecated -W ignore:easy_install command is deprecated setup.py egg_info --egg-base ../../build/jdamr200_bringup build --build-base /home/jd/jdamr_200_ros/build/jdamr200_bringup/build install --record /home/jd/jdamr_200_ros/build/jdamr200_bringup/install.log --single-version-externally-managed install_data
[11.424s] Level 1:colcon.colcon_core.environment:checking '/home/jd/jdamr_200_ros/install/jdamr200_description' for CMake module files
[11.429s] DEBUG:colcon.colcon_core.event_handler.log_command:Invoked command in '/home/jd/jdamr_200_ros/src/jdamr200_description' returned '0': PYTHONPATH=/home/jd/jdamr_200_ros/build/jdamr200_description/prefix_override:/usr/local/lib/python3.10/dist-packages/colcon_core/task/python/colcon_distutils_commands:/home/jd/jdamr_200_ros/install/jdamr200_description/lib/python3.10/site-packages:${PYTHONPATH} /usr/bin/python3 -W ignore:setup.py install is deprecated -W ignore:easy_install command is deprecated setup.py egg_info --egg-base ../../build/jdamr200_description build --build-base /home/jd/jdamr_200_ros/build/jdamr200_description/build install --record /home/jd/jdamr_200_ros/build/jdamr200_description/install.log --single-version-externally-managed install_data
[11.435s] Level 1:colcon.colcon_core.environment:checking '/home/jd/jdamr_200_ros/install/jdamr200_description' for CMake config files
[11.448s] Level 1:colcon.colcon_core.environment:checking '/home/jd/jdamr_200_ros/install/jdamr200_description/lib'
[11.450s] Level 1:colcon.colcon_core.environment:checking '/home/jd/jdamr_200_ros/install/jdamr200_description/bin'
[11.451s] Level 1:colcon.colcon_core.environment:checking '/home/jd/jdamr_200_ros/install/jdamr200_description/lib/pkgconfig/jdamr200_description.pc'
[11.453s] Level 1:colcon.colcon_core.environment:checking '/home/jd/jdamr_200_ros/install/jdamr200_description/lib/python3.10/site-packages'
[11.454s] Level 1:colcon.colcon_core.shell:create_environment_hook('jdamr200_description', 'pythonpath')
[11.456s] INFO:colcon.colcon_core.shell:Creating environment hook '/home/jd/jdamr_200_ros/install/jdamr200_description/share/jdamr200_description/hook/pythonpath.ps1'
[11.466s] INFO:colcon.colcon_core.shell:Creating environment descriptor '/home/jd/jdamr_200_ros/install/jdamr200_description/share/jdamr200_description/hook/pythonpath.dsv'
[11.477s] INFO:colcon.colcon_core.shell:Creating environment hook '/home/jd/jdamr_200_ros/install/jdamr200_description/share/jdamr200_description/hook/pythonpath.sh'
[11.486s] Level 1:colcon.colcon_core.environment:checking '/home/jd/jdamr_200_ros/install/jdamr200_description/bin'
[11.488s] Level 1:colcon.colcon_core.environment:create_environment_scripts_only(jdamr200_description)
[11.491s] INFO:colcon.colcon_core.shell:Creating package script '/home/jd/jdamr_200_ros/install/jdamr200_description/share/jdamr200_description/package.ps1'
[11.502s] INFO:colcon.colcon_core.shell:Creating package descriptor '/home/jd/jdamr_200_ros/install/jdamr200_description/share/jdamr200_description/package.dsv'
[11.512s] INFO:colcon.colcon_core.shell:Creating package script '/home/jd/jdamr_200_ros/install/jdamr200_description/share/jdamr200_description/package.sh'
[11.522s] INFO:colcon.colcon_core.shell:Creating package script '/home/jd/jdamr_200_ros/install/jdamr200_description/share/jdamr200_description/package.bash'
[11.529s] INFO:colcon.colcon_core.shell:Creating package script '/home/jd/jdamr_200_ros/install/jdamr200_description/share/jdamr200_description/package.zsh'
[11.539s] Level 1:colcon.colcon_core.environment:create_file_with_runtime_dependencies(/home/jd/jdamr_200_ros/install/jdamr200_description/share/colcon-core/packages/jdamr200_description)
[11.550s] INFO:colcon.colcon_ros.task.ament_cmake.build:Building ROS package in '/home/jd/jdamr_200_ros/src/ldlidar_sl_ros2' with build type 'ament_cmake'
[11.554s] INFO:colcon.colcon_cmake.task.cmake.build:Building CMake package in '/home/jd/jdamr_200_ros/src/ldlidar_sl_ros2'
[11.556s] INFO:colcon.colcon_core.shell:Skip shell extension 'powershell' for command environment: Not usable outside of PowerShell
[11.558s] DEBUG:colcon.colcon_core.shell:Skip shell extension 'dsv' for command environment
[11.630s] Level 1:colcon.colcon_core.environment:checking '/home/jd/jdamr_200_ros/install/jdamr200_bringup' for CMake module files
[11.631s] DEBUG:colcon.colcon_core.event_handler.log_command:Invoked command in '/home/jd/jdamr_200_ros/src/jdamr200_bringup' returned '0': PYTHONPATH=/home/jd/jdamr_200_ros/build/jdamr200_bringup/prefix_override:/usr/local/lib/python3.10/dist-packages/colcon_core/task/python/colcon_distutils_commands:/home/jd/jdamr_200_ros/install/jdamr200_bringup/lib/python3.10/site-packages:${PYTHONPATH} /usr/bin/python3 -W ignore:setup.py install is deprecated -W ignore:easy_install command is deprecated setup.py egg_info --egg-base ../../build/jdamr200_bringup build --build-base /home/jd/jdamr_200_ros/build/jdamr200_bringup/build install --record /home/jd/jdamr_200_ros/build/jdamr200_bringup/install.log --single-version-externally-managed install_data
[11.643s] Level 1:colcon.colcon_core.environment:checking '/home/jd/jdamr_200_ros/install/jdamr200_bringup' for CMake config files
[11.658s] Level 1:colcon.colcon_core.environment:checking '/home/jd/jdamr_200_ros/install/jdamr200_bringup/lib'
[11.660s] Level 1:colcon.colcon_core.environment:checking '/home/jd/jdamr_200_ros/install/jdamr200_bringup/bin'
[11.663s] Level 1:colcon.colcon_core.environment:checking '/home/jd/jdamr_200_ros/install/jdamr200_bringup/lib/pkgconfig/jdamr200_bringup.pc'
[11.667s] Level 1:colcon.colcon_core.environment:checking '/home/jd/jdamr_200_ros/install/jdamr200_bringup/lib/python3.10/site-packages'
[11.669s] Level 1:colcon.colcon_core.shell:create_environment_hook('jdamr200_bringup', 'pythonpath')
[11.672s] INFO:colcon.colcon_core.shell:Creating environment hook '/home/jd/jdamr_200_ros/install/jdamr200_bringup/share/jdamr200_bringup/hook/pythonpath.ps1'
[11.678s] INFO:colcon.colcon_core.shell:Creating environment descriptor '/home/jd/jdamr_200_ros/install/jdamr200_bringup/share/jdamr200_bringup/hook/pythonpath.dsv'
[11.684s] INFO:colcon.colcon_core.shell:Creating environment hook '/home/jd/jdamr_200_ros/install/jdamr200_bringup/share/jdamr200_bringup/hook/pythonpath.sh'
[11.697s] Level 1:colcon.colcon_core.environment:checking '/home/jd/jdamr_200_ros/install/jdamr200_bringup/bin'
[11.699s] Level 1:colcon.colcon_core.environment:create_environment_scripts_only(jdamr200_bringup)
[11.702s] INFO:colcon.colcon_core.shell:Creating package script '/home/jd/jdamr_200_ros/install/jdamr200_bringup/share/jdamr200_bringup/package.ps1'
[11.710s] INFO:colcon.colcon_core.shell:Creating package descriptor '/home/jd/jdamr_200_ros/install/jdamr200_bringup/share/jdamr200_bringup/package.dsv'
[11.717s] INFO:colcon.colcon_core.shell:Creating package script '/home/jd/jdamr_200_ros/install/jdamr200_bringup/share/jdamr200_bringup/package.sh'
[11.725s] INFO:colcon.colcon_core.shell:Creating package script '/home/jd/jdamr_200_ros/install/jdamr200_bringup/share/jdamr200_bringup/package.bash'
[11.733s] INFO:colcon.colcon_core.shell:Creating package script '/home/jd/jdamr_200_ros/install/jdamr200_bringup/share/jdamr200_bringup/package.zsh'
[11.739s] Level 1:colcon.colcon_core.environment:create_file_with_runtime_dependencies(/home/jd/jdamr_200_ros/install/jdamr200_bringup/share/colcon-core/packages/jdamr200_bringup)
[11.789s] DEBUG:colcon.colcon_core.event_handler.log_command:Invoking command in '/home/jd/jdamr_200_ros/build/ldlidar_sl_ros2': CMAKE_PREFIX_PATH=${CMAKE_PREFIX_PATH}:/home/jd/jdamr_200_ros/install/jdamr200_teleop:/home/jd/jdamr_200_ros/install/jdamr200_node:/home/jd/jdamr_200_ros/install/jdamr200_description:/home/jd/jdamr_200_ros/install/jdamr200_bringup:/opt/ros/humble /usr/bin/cmake --build /home/jd/jdamr_200_ros/build/ldlidar_sl_ros2 -- -j4 -l4
[11.831s] DEBUG:colcon.colcon_core.event_handler.log_command:Invoking command in '/home/jd/jdamr_200_ros/src/jdamr200_teleop': PYTHONPATH=/home/jd/jdamr_200_ros/build/jdamr200_teleop/prefix_override:/usr/local/lib/python3.10/dist-packages/colcon_core/task/python/colcon_distutils_commands:/home/jd/jdamr_200_ros/install/jdamr200_teleop/lib/python3.10/site-packages:${PYTHONPATH} /usr/bin/python3 -W ignore:setup.py install is deprecated -W ignore:easy_install command is deprecated setup.py egg_info --egg-base ../../build/jdamr200_teleop build --build-base /home/jd/jdamr_200_ros/build/jdamr200_teleop/build install --record /home/jd/jdamr_200_ros/build/jdamr200_teleop/install.log --single-version-externally-managed install_data
[12.012s] Level 1:colcon.colcon_core.environment:checking '/home/jd/jdamr_200_ros/install/jdamr200_node' for CMake module files
[12.019s] DEBUG:colcon.colcon_core.event_handler.log_command:Invoked command in '/home/jd/jdamr_200_ros/src/jdamr200_node' returned '0': PYTHONPATH=/home/jd/jdamr_200_ros/build/jdamr200_node/prefix_override:/usr/local/lib/python3.10/dist-packages/colcon_core/task/python/colcon_distutils_commands:/home/jd/jdamr_200_ros/install/jdamr200_node/lib/python3.10/site-packages:${PYTHONPATH} /usr/bin/python3 -W ignore:setup.py install is deprecated -W ignore:easy_install command is deprecated setup.py egg_info --egg-base ../../build/jdamr200_node build --build-base /home/jd/jdamr_200_ros/build/jdamr200_node/build install --record /home/jd/jdamr_200_ros/build/jdamr200_node/install.log --single-version-externally-managed install_data
[12.025s] Level 1:colcon.colcon_core.environment:checking '/home/jd/jdamr_200_ros/install/jdamr200_node' for CMake config files
[12.037s] Level 1:colcon.colcon_core.environment:checking '/home/jd/jdamr_200_ros/install/jdamr200_node/lib'
[12.040s] Level 1:colcon.colcon_core.environment:checking '/home/jd/jdamr_200_ros/install/jdamr200_node/bin'
[12.042s] Level 1:colcon.colcon_core.environment:checking '/home/jd/jdamr_200_ros/install/jdamr200_node/lib/pkgconfig/jdamr200_node.pc'
[12.046s] Level 1:colcon.colcon_core.environment:checking '/home/jd/jdamr_200_ros/install/jdamr200_node/lib/python3.10/site-packages'
[12.048s] Level 1:colcon.colcon_core.shell:create_environment_hook('jdamr200_node', 'pythonpath')
[12.052s] INFO:colcon.colcon_core.shell:Creating environment hook '/home/jd/jdamr_200_ros/install/jdamr200_node/share/jdamr200_node/hook/pythonpath.ps1'
[12.056s] INFO:colcon.colcon_core.shell:Creating environment descriptor '/home/jd/jdamr_200_ros/install/jdamr200_node/share/jdamr200_node/hook/pythonpath.dsv'
[12.062s] INFO:colcon.colcon_core.shell:Creating environment hook '/home/jd/jdamr_200_ros/install/jdamr200_node/share/jdamr200_node/hook/pythonpath.sh'
[12.075s] Level 1:colcon.colcon_core.environment:checking '/home/jd/jdamr_200_ros/install/jdamr200_node/bin'
[12.076s] Level 1:colcon.colcon_core.environment:create_environment_scripts_only(jdamr200_node)
[12.078s] INFO:colcon.colcon_core.shell:Creating package script '/home/jd/jdamr_200_ros/install/jdamr200_node/share/jdamr200_node/package.ps1'
[12.083s] INFO:colcon.colcon_core.shell:Creating package descriptor '/home/jd/jdamr_200_ros/install/jdamr200_node/share/jdamr200_node/package.dsv'
[12.087s] INFO:colcon.colcon_core.shell:Creating package script '/home/jd/jdamr_200_ros/install/jdamr200_node/share/jdamr200_node/package.sh'
[12.094s] INFO:colcon.colcon_core.shell:Creating package script '/home/jd/jdamr_200_ros/install/jdamr200_node/share/jdamr200_node/package.bash'
[12.097s] INFO:colcon.colcon_core.shell:Creating package script '/home/jd/jdamr_200_ros/install/jdamr200_node/share/jdamr200_node/package.zsh'
[12.102s] Level 1:colcon.colcon_core.environment:create_file_with_runtime_dependencies(/home/jd/jdamr_200_ros/install/jdamr200_node/share/colcon-core/packages/jdamr200_node)
[12.319s] DEBUG:colcon.colcon_core.event_handler.log_command:Invoked command in '/home/jd/jdamr_200_ros/build/ldlidar_sl_ros2' returned '0': CMAKE_PREFIX_PATH=${CMAKE_PREFIX_PATH}:/home/jd/jdamr_200_ros/install/jdamr200_teleop:/home/jd/jdamr_200_ros/install/jdamr200_node:/home/jd/jdamr_200_ros/install/jdamr200_description:/home/jd/jdamr_200_ros/install/jdamr200_bringup:/opt/ros/humble /usr/bin/cmake --build /home/jd/jdamr_200_ros/build/ldlidar_sl_ros2 -- -j4 -l4
[12.330s] DEBUG:colcon.colcon_core.event_handler.log_command:Invoking command in '/home/jd/jdamr_200_ros/build/ldlidar_sl_ros2': CMAKE_PREFIX_PATH=${CMAKE_PREFIX_PATH}:/home/jd/jdamr_200_ros/install/jdamr200_teleop:/home/jd/jdamr_200_ros/install/jdamr200_node:/home/jd/jdamr_200_ros/install/jdamr200_description:/home/jd/jdamr_200_ros/install/jdamr200_bringup:/opt/ros/humble /usr/bin/cmake --install /home/jd/jdamr_200_ros/build/ldlidar_sl_ros2
[12.383s] Level 1:colcon.colcon_core.environment:create_environment_scripts_only(ldlidar_sl_ros2)
[12.385s] Level 1:colcon.colcon_core.environment:checking '/home/jd/jdamr_200_ros/install/ldlidar_sl_ros2' for CMake module files
[12.390s] DEBUG:colcon.colcon_core.event_handler.log_command:Invoked command in '/home/jd/jdamr_200_ros/build/ldlidar_sl_ros2' returned '0': CMAKE_PREFIX_PATH=${CMAKE_PREFIX_PATH}:/home/jd/jdamr_200_ros/install/jdamr200_teleop:/home/jd/jdamr_200_ros/install/jdamr200_node:/home/jd/jdamr_200_ros/install/jdamr200_description:/home/jd/jdamr_200_ros/install/jdamr200_bringup:/opt/ros/humble /usr/bin/cmake --install /home/jd/jdamr_200_ros/build/ldlidar_sl_ros2
[12.394s] Level 1:colcon.colcon_core.environment:checking '/home/jd/jdamr_200_ros/install/ldlidar_sl_ros2' for CMake config files
[12.398s] Level 1:colcon.colcon_core.shell:create_environment_hook('ldlidar_sl_ros2', 'cmake_prefix_path')
[12.400s] INFO:colcon.colcon_core.shell:Creating environment hook '/home/jd/jdamr_200_ros/install/ldlidar_sl_ros2/share/ldlidar_sl_ros2/hook/cmake_prefix_path.ps1'
[12.407s] INFO:colcon.colcon_core.shell:Creating environment descriptor '/home/jd/jdamr_200_ros/install/ldlidar_sl_ros2/share/ldlidar_sl_ros2/hook/cmake_prefix_path.dsv'
[12.411s] INFO:colcon.colcon_core.shell:Creating environment hook '/home/jd/jdamr_200_ros/install/ldlidar_sl_ros2/share/ldlidar_sl_ros2/hook/cmake_prefix_path.sh'
[12.414s] Level 1:colcon.colcon_core.environment:checking '/home/jd/jdamr_200_ros/install/ldlidar_sl_ros2/lib'
[12.415s] Level 1:colcon.colcon_core.environment:checking '/home/jd/jdamr_200_ros/install/ldlidar_sl_ros2/bin'
[12.415s] Level 1:colcon.colcon_core.environment:checking '/home/jd/jdamr_200_ros/install/ldlidar_sl_ros2/lib/pkgconfig/ldlidar_sl_ros2.pc'
[12.416s] Level 1:colcon.colcon_core.environment:checking '/home/jd/jdamr_200_ros/install/ldlidar_sl_ros2/lib/python3.10/site-packages'
[12.417s] Level 1:colcon.colcon_core.environment:checking '/home/jd/jdamr_200_ros/install/ldlidar_sl_ros2/bin'
[12.419s] INFO:colcon.colcon_core.shell:Creating package script '/home/jd/jdamr_200_ros/install/ldlidar_sl_ros2/share/ldlidar_sl_ros2/package.ps1'
[12.422s] INFO:colcon.colcon_core.shell:Creating package descriptor '/home/jd/jdamr_200_ros/install/ldlidar_sl_ros2/share/ldlidar_sl_ros2/package.dsv'
[12.424s] INFO:colcon.colcon_core.shell:Creating package script '/home/jd/jdamr_200_ros/install/ldlidar_sl_ros2/share/ldlidar_sl_ros2/package.sh'
[12.427s] INFO:colcon.colcon_core.shell:Creating package script '/home/jd/jdamr_200_ros/install/ldlidar_sl_ros2/share/ldlidar_sl_ros2/package.bash'
[12.429s] INFO:colcon.colcon_core.shell:Creating package script '/home/jd/jdamr_200_ros/install/ldlidar_sl_ros2/share/ldlidar_sl_ros2/package.zsh'
[12.432s] Level 1:colcon.colcon_core.environment:create_file_with_runtime_dependencies(/home/jd/jdamr_200_ros/install/ldlidar_sl_ros2/share/colcon-core/packages/ldlidar_sl_ros2)
[12.435s] Level 1:colcon.colcon_core.environment:create_environment_scripts_only(ldlidar_sl_ros2)
[12.436s] Level 1:colcon.colcon_core.environment:checking '/home/jd/jdamr_200_ros/install/ldlidar_sl_ros2' for CMake module files
[12.439s] Level 1:colcon.colcon_core.environment:checking '/home/jd/jdamr_200_ros/install/ldlidar_sl_ros2' for CMake config files
[12.441s] Level 1:colcon.colcon_core.shell:create_environment_hook('ldlidar_sl_ros2', 'cmake_prefix_path')
[12.442s] INFO:colcon.colcon_core.shell:Creating environment hook '/home/jd/jdamr_200_ros/install/ldlidar_sl_ros2/share/ldlidar_sl_ros2/hook/cmake_prefix_path.ps1'
[12.445s] INFO:colcon.colcon_core.shell:Creating environment descriptor '/home/jd/jdamr_200_ros/install/ldlidar_sl_ros2/share/ldlidar_sl_ros2/hook/cmake_prefix_path.dsv'
[12.447s] INFO:colcon.colcon_core.shell:Creating environment hook '/home/jd/jdamr_200_ros/install/ldlidar_sl_ros2/share/ldlidar_sl_ros2/hook/cmake_prefix_path.sh'
[12.450s] Level 1:colcon.colcon_core.environment:checking '/home/jd/jdamr_200_ros/install/ldlidar_sl_ros2/lib'
[12.451s] Level 1:colcon.colcon_core.environment:checking '/home/jd/jdamr_200_ros/install/ldlidar_sl_ros2/bin'
[12.452s] Level 1:colcon.colcon_core.environment:checking '/home/jd/jdamr_200_ros/install/ldlidar_sl_ros2/lib/pkgconfig/ldlidar_sl_ros2.pc'
[12.453s] Level 1:colcon.colcon_core.environment:checking '/home/jd/jdamr_200_ros/install/ldlidar_sl_ros2/lib/python3.10/site-packages'
[12.454s] Level 1:colcon.colcon_core.environment:checking '/home/jd/jdamr_200_ros/install/ldlidar_sl_ros2/bin'
[12.455s] INFO:colcon.colcon_core.shell:Creating package script '/home/jd/jdamr_200_ros/install/ldlidar_sl_ros2/share/ldlidar_sl_ros2/package.ps1'
[12.458s] INFO:colcon.colcon_core.shell:Creating package descriptor '/home/jd/jdamr_200_ros/install/ldlidar_sl_ros2/share/ldlidar_sl_ros2/package.dsv'
[12.461s] INFO:colcon.colcon_core.shell:Creating package script '/home/jd/jdamr_200_ros/install/ldlidar_sl_ros2/share/ldlidar_sl_ros2/package.sh'
[12.464s] INFO:colcon.colcon_core.shell:Creating package script '/home/jd/jdamr_200_ros/install/ldlidar_sl_ros2/share/ldlidar_sl_ros2/package.bash'
[12.466s] INFO:colcon.colcon_core.shell:Creating package script '/home/jd/jdamr_200_ros/install/ldlidar_sl_ros2/share/ldlidar_sl_ros2/package.zsh'
[12.469s] Level 1:colcon.colcon_core.environment:create_file_with_runtime_dependencies(/home/jd/jdamr_200_ros/install/ldlidar_sl_ros2/share/colcon-core/packages/ldlidar_sl_ros2)
[13.555s] Level 1:colcon.colcon_core.environment:checking '/home/jd/jdamr_200_ros/install/jdamr200_teleop' for CMake module files
[13.557s] DEBUG:colcon.colcon_core.event_handler.log_command:Invoked command in '/home/jd/jdamr_200_ros/src/jdamr200_teleop' returned '0': PYTHONPATH=/home/jd/jdamr_200_ros/build/jdamr200_teleop/prefix_override:/usr/local/lib/python3.10/dist-packages/colcon_core/task/python/colcon_distutils_commands:/home/jd/jdamr_200_ros/install/jdamr200_teleop/lib/python3.10/site-packages:${PYTHONPATH} /usr/bin/python3 -W ignore:setup.py install is deprecated -W ignore:easy_install command is deprecated setup.py egg_info --egg-base ../../build/jdamr200_teleop build --build-base /home/jd/jdamr_200_ros/build/jdamr200_teleop/build install --record /home/jd/jdamr_200_ros/build/jdamr200_teleop/install.log --single-version-externally-managed install_data
[13.564s] Level 1:colcon.colcon_core.environment:checking '/home/jd/jdamr_200_ros/install/jdamr200_teleop' for CMake config files
[13.570s] Level 1:colcon.colcon_core.environment:checking '/home/jd/jdamr_200_ros/install/jdamr200_teleop/lib'
[13.571s] Level 1:colcon.colcon_core.environment:checking '/home/jd/jdamr_200_ros/install/jdamr200_teleop/bin'
[13.571s] Level 1:colcon.colcon_core.environment:checking '/home/jd/jdamr_200_ros/install/jdamr200_teleop/lib/pkgconfig/jdamr200_teleop.pc'
[13.572s] Level 1:colcon.colcon_core.environment:checking '/home/jd/jdamr_200_ros/install/jdamr200_teleop/lib/python3.10/site-packages'
[13.573s] Level 1:colcon.colcon_core.shell:create_environment_hook('jdamr200_teleop', 'pythonpath')
[13.574s] INFO:colcon.colcon_core.shell:Creating environment hook '/home/jd/jdamr_200_ros/install/jdamr200_teleop/share/jdamr200_teleop/hook/pythonpath.ps1'
[13.577s] INFO:colcon.colcon_core.shell:Creating environment descriptor '/home/jd/jdamr_200_ros/install/jdamr200_teleop/share/jdamr200_teleop/hook/pythonpath.dsv'
[13.579s] INFO:colcon.colcon_core.shell:Creating environment hook '/home/jd/jdamr_200_ros/install/jdamr200_teleop/share/jdamr200_teleop/hook/pythonpath.sh'
[13.582s] Level 1:colcon.colcon_core.environment:checking '/home/jd/jdamr_200_ros/install/jdamr200_teleop/bin'
[13.583s] Level 1:colcon.colcon_core.environment:create_environment_scripts_only(jdamr200_teleop)
[13.584s] INFO:colcon.colcon_core.shell:Creating package script '/home/jd/jdamr_200_ros/install/jdamr200_teleop/share/jdamr200_teleop/package.ps1'
[13.586s] INFO:colcon.colcon_core.shell:Creating package descriptor '/home/jd/jdamr_200_ros/install/jdamr200_teleop/share/jdamr200_teleop/package.dsv'
[13.589s] INFO:colcon.colcon_core.shell:Creating package script '/home/jd/jdamr_200_ros/install/jdamr200_teleop/share/jdamr200_teleop/package.sh'
[13.591s] INFO:colcon.colcon_core.shell:Creating package script '/home/jd/jdamr_200_ros/install/jdamr200_teleop/share/jdamr200_teleop/package.bash'
[13.593s] INFO:colcon.colcon_core.shell:Creating package script '/home/jd/jdamr_200_ros/install/jdamr200_teleop/share/jdamr200_teleop/package.zsh'
[13.595s] Level 1:colcon.colcon_core.environment:create_file_with_runtime_dependencies(/home/jd/jdamr_200_ros/install/jdamr200_teleop/share/colcon-core/packages/jdamr200_teleop)
[13.596s] DEBUG:colcon.colcon_parallel_executor.executor.parallel:closing loop
[13.597s] DEBUG:colcon.colcon_parallel_executor.executor.parallel:loop closed
[13.599s] DEBUG:colcon.colcon_parallel_executor.executor.parallel:run_until_complete finished with '0'
[13.599s] DEBUG:colcon.colcon_core.event_reactor:joining thread
[13.642s] INFO:colcon.colcon_core.plugin_system:Skipping extension 'colcon_notification.desktop_notification.terminal_notifier': Not used on non-Darwin systems
[13.643s] INFO:colcon.colcon_core.plugin_system:Skipping extension 'colcon_notification.desktop_notification.win32': Not used on non-Windows systems
[13.643s] INFO:colcon.colcon_notification.desktop_notification:Sending desktop notification using 'notify2'
[13.707s] DEBUG:colcon.colcon_core.event_reactor:joined thread
[13.709s] INFO:colcon.colcon_core.shell:Creating prefix script '/home/jd/jdamr_200_ros/install/local_setup.ps1'
[13.715s] INFO:colcon.colcon_core.shell:Creating prefix util module '/home/jd/jdamr_200_ros/install/_local_setup_util_ps1.py'
[13.724s] INFO:colcon.colcon_core.shell:Creating prefix chain script '/home/jd/jdamr_200_ros/install/setup.ps1'
[13.735s] INFO:colcon.colcon_core.shell:Creating prefix script '/home/jd/jdamr_200_ros/install/local_setup.sh'
[13.751s] INFO:colcon.colcon_core.shell:Creating prefix util module '/home/jd/jdamr_200_ros/install/_local_setup_util_sh.py'
[13.758s] INFO:colcon.colcon_core.shell:Creating prefix chain script '/home/jd/jdamr_200_ros/install/setup.sh'
[13.769s] INFO:colcon.colcon_core.shell:Creating prefix script '/home/jd/jdamr_200_ros/install/local_setup.bash'
[13.772s] INFO:colcon.colcon_core.shell:Creating prefix chain script '/home/jd/jdamr_200_ros/install/setup.bash'
[13.782s] INFO:colcon.colcon_core.shell:Creating prefix script '/home/jd/jdamr_200_ros/install/local_setup.zsh'
[13.801s] INFO:colcon.colcon_core.shell:Creating prefix chain script '/home/jd/jdamr_200_ros/install/setup.zsh'
