[6.384s] Invoking command in '/home/jd/jdamr_200_ros/src/jdamr200_teleop': PYTHONPATH=/home/jd/jdamr_200_ros/build/jdamr200_teleop/prefix_override:/usr/local/lib/python3.10/dist-packages/colcon_core/task/python/colcon_distutils_commands:/home/jd/jdamr_200_ros/install/jdamr200_teleop/lib/python3.10/site-packages:${PYTHONPATH} /usr/bin/python3 -W ignore:setup.py install is deprecated -W ignore:easy_install command is deprecated setup.py egg_info --egg-base ../../build/jdamr200_teleop build --build-base /home/jd/jdamr_200_ros/build/jdamr200_teleop/build install --record /home/jd/jdamr_200_ros/build/jdamr200_teleop/install.log --single-version-externally-managed install_data
[8.021s] running egg_info
[8.024s] writing ../../build/jdamr200_teleop/jdamr200_teleop.egg-info/PKG-INFO
[8.026s] writing dependency_links to ../../build/jdamr200_teleop/jdamr200_teleop.egg-info/dependency_links.txt
[8.026s] writing entry points to ../../build/jdamr200_teleop/jdamr200_teleop.egg-info/entry_points.txt
[8.027s] writing requirements to ../../build/jdamr200_teleop/jdamr200_teleop.egg-info/requires.txt
[8.028s] writing top-level names to ../../build/jdamr200_teleop/jdamr200_teleop.egg-info/top_level.txt
[8.036s] reading manifest file '../../build/jdamr200_teleop/jdamr200_teleop.egg-info/SOURCES.txt'
[8.039s] writing manifest file '../../build/jdamr200_teleop/jdamr200_teleop.egg-info/SOURCES.txt'
[8.041s] running build
[8.041s] running build_py
[8.042s] running install
[8.044s] running install_lib
[8.052s] running install_data
[8.053s] running install_egg_info
[8.065s] removing '/home/jd/jdamr_200_ros/install/jdamr200_teleop/lib/python3.10/site-packages/jdamr200_teleop-0.0.0-py3.10.egg-info' (and everything under it)
[8.067s] Copying ../../build/jdamr200_teleop/jdamr200_teleop.egg-info to /home/jd/jdamr_200_ros/install/jdamr200_teleop/lib/python3.10/site-packages/jdamr200_teleop-0.0.0-py3.10.egg-info
[8.075s] running install_scripts
[8.169s] Installing jdamr_teleop script to /home/jd/jdamr_200_ros/install/jdamr200_teleop/lib/jdamr200_teleop
[8.171s] writing list of installed files to '/home/jd/jdamr_200_ros/build/jdamr200_teleop/install.log'
[8.322s] Invoked command in '/home/jd/jdamr_200_ros/src/jdamr200_teleop' returned '0': PYTHONPATH=/home/jd/jdamr_200_ros/build/jdamr200_teleop/prefix_override:/usr/local/lib/python3.10/dist-packages/colcon_core/task/python/colcon_distutils_commands:/home/jd/jdamr_200_ros/install/jdamr200_teleop/lib/python3.10/site-packages:${PYTHONPATH} /usr/bin/python3 -W ignore:setup.py install is deprecated -W ignore:easy_install command is deprecated setup.py egg_info --egg-base ../../build/jdamr200_teleop build --build-base /home/jd/jdamr_200_ros/build/jdamr200_teleop/build install --record /home/jd/jdamr_200_ros/build/jdamr200_teleop/install.log --single-version-externally-managed install_data
