[8.185s] Invoking command in '/home/jd/jdamr_200_ros/src/jdamr200_bringup': PYTHONPATH=/home/jd/jdamr_200_ros/build/jdamr200_bringup/prefix_override:/usr/local/lib/python3.10/dist-packages/colcon_core/task/python/colcon_distutils_commands:/home/jd/jdamr_200_ros/install/jdamr200_bringup/lib/python3.10/site-packages:${PYTHONPATH} /usr/bin/python3 -W ignore:setup.py install is deprecated -W ignore:easy_install command is deprecated setup.py egg_info --egg-base ../../build/jdamr200_bringup build --build-base /home/jd/jdamr_200_ros/build/jdamr200_bringup/build install --record /home/jd/jdamr_200_ros/build/jdamr200_bringup/install.log --single-version-externally-managed install_data
[10.276s] running egg_info
[10.280s] writing ../../build/jdamr200_bringup/jdamr200_bringup.egg-info/PKG-INFO
[10.284s] writing dependency_links to ../../build/jdamr200_bringup/jdamr200_bringup.egg-info/dependency_links.txt
[10.285s] writing entry points to ../../build/jdamr200_bringup/jdamr200_bringup.egg-info/entry_points.txt
[10.288s] writing requirements to ../../build/jdamr200_bringup/jdamr200_bringup.egg-info/requires.txt
[10.289s] writing top-level names to ../../build/jdamr200_bringup/jdamr200_bringup.egg-info/top_level.txt
[10.307s] reading manifest file '../../build/jdamr200_bringup/jdamr200_bringup.egg-info/SOURCES.txt'
[10.315s] writing manifest file '../../build/jdamr200_bringup/jdamr200_bringup.egg-info/SOURCES.txt'
[10.316s] running build
[10.317s] running build_py
[10.322s] running install
[10.326s] running install_lib
[10.340s] running install_data
[10.349s] running install_egg_info
[10.372s] removing '/home/jd/jdamr_200_ros/install/jdamr200_bringup/lib/python3.10/site-packages/jdamr200_bringup-0.0.0-py3.10.egg-info' (and everything under it)
[10.379s] Copying ../../build/jdamr200_bringup/jdamr200_bringup.egg-info to /home/jd/jdamr_200_ros/install/jdamr200_bringup/lib/python3.10/site-packages/jdamr200_bringup-0.0.0-py3.10.egg-info
[10.399s] running install_scripts
[10.697s] writing list of installed files to '/home/jd/jdamr_200_ros/build/jdamr200_bringup/install.log'
[11.037s] Invoked command in '/home/jd/jdamr_200_ros/src/jdamr200_bringup' returned '0': PYTHONPATH=/home/jd/jdamr_200_ros/build/jdamr200_bringup/prefix_override:/usr/local/lib/python3.10/dist-packages/colcon_core/task/python/colcon_distutils_commands:/home/jd/jdamr_200_ros/install/jdamr200_bringup/lib/python3.10/site-packages:${PYTHONPATH} /usr/bin/python3 -W ignore:setup.py install is deprecated -W ignore:easy_install command is deprecated setup.py egg_info --egg-base ../../build/jdamr200_bringup build --build-base /home/jd/jdamr_200_ros/build/jdamr200_bringup/build install --record /home/jd/jdamr_200_ros/build/jdamr200_bringup/install.log --single-version-externally-managed install_data
