[0.561s] DEBUG:colcon:Command line arguments: ['/usr/local/bin/colcon', 'build']
[0.561s] DEBUG:colcon:Parsed command line arguments: Namespace(log_base=None, log_level=None, verb_name='build', build_base='build', install_base='install', merge_install=False, symlink_install=False, test_result_base=None, continue_on_error=False, executor='parallel', parallel_workers=4, event_handlers=None, ignore_user_meta=False, metas=['./colcon.meta'], base_paths=['.'], packages_ignore=None, packages_ignore_regex=None, paths=None, packages_up_to=None, packages_up_to_regex=None, packages_above=None, packages_above_and_dependencies=None, packages_above_depth=None, packages_select_by_dep=None, packages_skip_by_dep=None, packages_skip_up_to=None, packages_select_build_failed=False, packages_skip_build_finished=False, packages_select_test_failures=False, packages_skip_test_passed=False, packages_select=None, packages_skip=None, packages_select_regex=None, packages_skip_regex=None, packages_start=None, packages_end=None, cmake_args=None, cmake_target=None, cmake_target_skip_unavailable=False, cmake_clean_cache=False, cmake_clean_first=False, cmake_force_configure=False, ament_cmake_args=None, catkin_cmake_args=None, catkin_skip_building_tests=False, verb_parser=<colcon_defaults.argument_parser.defaults.DefaultArgumentsDecorator object at 0xffff9898ab60>, verb_extension=<colcon_core.verb.build.BuildVerb object at 0xffff98b47f70>, main=<bound method BuildVerb.main of <colcon_core.verb.build.BuildVerb object at 0xffff98b47f70>>)
[1.237s] Level 1:colcon.colcon_core.package_discovery:discover_packages(colcon_meta) check parameters
[1.237s] Level 1:colcon.colcon_core.package_discovery:discover_packages(recursive) check parameters
[1.237s] Level 1:colcon.colcon_core.package_discovery:discover_packages(ignore) check parameters
[1.238s] Level 1:colcon.colcon_core.package_discovery:discover_packages(path) check parameters
[1.238s] Level 1:colcon.colcon_core.package_discovery:discover_packages(colcon_meta) discover
[1.238s] Level 1:colcon.colcon_core.package_discovery:discover_packages(recursive) discover
[1.238s] INFO:colcon.colcon_core.package_discovery:Crawling recursively for packages in '/home/jd/jdamr_200_ros'
[1.238s] Level 1:colcon.colcon_core.package_identification:_identify(.) by extensions ['ignore', 'ignore_ament_install']
[1.239s] Level 1:colcon.colcon_core.package_identification:_identify(.) by extension 'ignore'
[1.239s] Level 1:colcon.colcon_core.package_identification:_identify(.) by extension 'ignore_ament_install'
[1.239s] Level 1:colcon.colcon_core.package_identification:_identify(.) by extensions ['colcon_pkg']
[1.239s] Level 1:colcon.colcon_core.package_identification:_identify(.) by extension 'colcon_pkg'
[1.240s] Level 1:colcon.colcon_core.package_identification:_identify(.) by extensions ['colcon_meta']
[1.240s] Level 1:colcon.colcon_core.package_identification:_identify(.) by extension 'colcon_meta'
[1.240s] Level 1:colcon.colcon_core.package_identification:_identify(.) by extensions ['ros']
[1.240s] Level 1:colcon.colcon_core.package_identification:_identify(.) by extension 'ros'
[1.284s] Level 1:colcon.colcon_core.package_identification:_identify(.) by extensions ['cmake', 'python']
[1.284s] Level 1:colcon.colcon_core.package_identification:_identify(.) by extension 'cmake'
[1.285s] Level 1:colcon.colcon_core.package_identification:_identify(.) by extension 'python'
[1.285s] Level 1:colcon.colcon_core.package_identification:_identify(.) by extensions ['python_setup_py']
[1.285s] Level 1:colcon.colcon_core.package_identification:_identify(.) by extension 'python_setup_py'
[1.285s] Level 1:colcon.colcon_core.package_identification:_identify(build) by extensions ['ignore', 'ignore_ament_install']
[1.286s] Level 1:colcon.colcon_core.package_identification:_identify(build) by extension 'ignore'
[1.286s] Level 1:colcon.colcon_core.package_identification:_identify(build) ignored
[1.287s] Level 1:colcon.colcon_core.package_identification:_identify(install) by extensions ['ignore', 'ignore_ament_install']
[1.287s] Level 1:colcon.colcon_core.package_identification:_identify(install) by extension 'ignore'
[1.287s] Level 1:colcon.colcon_core.package_identification:_identify(install) ignored
[1.288s] Level 1:colcon.colcon_core.package_identification:_identify(log) by extensions ['ignore', 'ignore_ament_install']
[1.288s] Level 1:colcon.colcon_core.package_identification:_identify(log) by extension 'ignore'
[1.288s] Level 1:colcon.colcon_core.package_identification:_identify(log) ignored
[1.289s] Level 1:colcon.colcon_core.package_identification:_identify(src) by extensions ['ignore', 'ignore_ament_install']
[1.289s] Level 1:colcon.colcon_core.package_identification:_identify(src) by extension 'ignore'
[1.289s] Level 1:colcon.colcon_core.package_identification:_identify(src) by extension 'ignore_ament_install'
[1.289s] Level 1:colcon.colcon_core.package_identification:_identify(src) by extensions ['colcon_pkg']
[1.290s] Level 1:colcon.colcon_core.package_identification:_identify(src) by extension 'colcon_pkg'
[1.290s] Level 1:colcon.colcon_core.package_identification:_identify(src) by extensions ['colcon_meta']
[1.290s] Level 1:colcon.colcon_core.package_identification:_identify(src) by extension 'colcon_meta'
[1.290s] Level 1:colcon.colcon_core.package_identification:_identify(src) by extensions ['ros']
[1.291s] Level 1:colcon.colcon_core.package_identification:_identify(src) by extension 'ros'
[1.291s] Level 1:colcon.colcon_core.package_identification:_identify(src) by extensions ['cmake', 'python']
[1.291s] Level 1:colcon.colcon_core.package_identification:_identify(src) by extension 'cmake'
[1.292s] Level 1:colcon.colcon_core.package_identification:_identify(src) by extension 'python'
[1.292s] Level 1:colcon.colcon_core.package_identification:_identify(src) by extensions ['python_setup_py']
[1.292s] Level 1:colcon.colcon_core.package_identification:_identify(src) by extension 'python_setup_py'
[1.292s] Level 1:colcon.colcon_core.package_identification:_identify(src/jdamr200_bringup) by extensions ['ignore', 'ignore_ament_install']
[1.293s] Level 1:colcon.colcon_core.package_identification:_identify(src/jdamr200_bringup) by extension 'ignore'
[1.293s] Level 1:colcon.colcon_core.package_identification:_identify(src/jdamr200_bringup) by extension 'ignore_ament_install'
[1.293s] Level 1:colcon.colcon_core.package_identification:_identify(src/jdamr200_bringup) by extensions ['colcon_pkg']
[1.293s] Level 1:colcon.colcon_core.package_identification:_identify(src/jdamr200_bringup) by extension 'colcon_pkg'
[1.293s] Level 1:colcon.colcon_core.package_identification:_identify(src/jdamr200_bringup) by extensions ['colcon_meta']
[1.294s] Level 1:colcon.colcon_core.package_identification:_identify(src/jdamr200_bringup) by extension 'colcon_meta'
[1.294s] Level 1:colcon.colcon_core.package_identification:_identify(src/jdamr200_bringup) by extensions ['ros']
[1.294s] Level 1:colcon.colcon_core.package_identification:_identify(src/jdamr200_bringup) by extension 'ros'
[1.303s] DEBUG:colcon.colcon_core.package_identification:Package 'src/jdamr200_bringup' with type 'ros.ament_python' and name 'jdamr200_bringup'
[1.304s] Level 1:colcon.colcon_core.package_identification:_identify(src/jdamr200_cartographer) by extensions ['ignore', 'ignore_ament_install']
[1.304s] Level 1:colcon.colcon_core.package_identification:_identify(src/jdamr200_cartographer) by extension 'ignore'
[1.304s] Level 1:colcon.colcon_core.package_identification:_identify(src/jdamr200_cartographer) by extension 'ignore_ament_install'
[1.305s] Level 1:colcon.colcon_core.package_identification:_identify(src/jdamr200_cartographer) by extensions ['colcon_pkg']
[1.305s] Level 1:colcon.colcon_core.package_identification:_identify(src/jdamr200_cartographer) by extension 'colcon_pkg'
[1.305s] Level 1:colcon.colcon_core.package_identification:_identify(src/jdamr200_cartographer) by extensions ['colcon_meta']
[1.305s] Level 1:colcon.colcon_core.package_identification:_identify(src/jdamr200_cartographer) by extension 'colcon_meta'
[1.305s] Level 1:colcon.colcon_core.package_identification:_identify(src/jdamr200_cartographer) by extensions ['ros']
[1.305s] Level 1:colcon.colcon_core.package_identification:_identify(src/jdamr200_cartographer) by extension 'ros'
[1.307s] DEBUG:colcon.colcon_core.package_identification:Package 'src/jdamr200_cartographer' with type 'ros.ament_cmake' and name 'jdamr200_cartographer'
[1.308s] Level 1:colcon.colcon_core.package_identification:_identify(src/jdamr200_description) by extensions ['ignore', 'ignore_ament_install']
[1.308s] Level 1:colcon.colcon_core.package_identification:_identify(src/jdamr200_description) by extension 'ignore'
[1.309s] Level 1:colcon.colcon_core.package_identification:_identify(src/jdamr200_description) by extension 'ignore_ament_install'
[1.309s] Level 1:colcon.colcon_core.package_identification:_identify(src/jdamr200_description) by extensions ['colcon_pkg']
[1.309s] Level 1:colcon.colcon_core.package_identification:_identify(src/jdamr200_description) by extension 'colcon_pkg'
[1.309s] Level 1:colcon.colcon_core.package_identification:_identify(src/jdamr200_description) by extensions ['colcon_meta']
[1.309s] Level 1:colcon.colcon_core.package_identification:_identify(src/jdamr200_description) by extension 'colcon_meta'
[1.309s] Level 1:colcon.colcon_core.package_identification:_identify(src/jdamr200_description) by extensions ['ros']
[1.310s] Level 1:colcon.colcon_core.package_identification:_identify(src/jdamr200_description) by extension 'ros'
[1.312s] DEBUG:colcon.colcon_core.package_identification:Package 'src/jdamr200_description' with type 'ros.ament_python' and name 'jdamr200_description'
[1.312s] Level 1:colcon.colcon_core.package_identification:_identify(src/jdamr200_node) by extensions ['ignore', 'ignore_ament_install']
[1.313s] Level 1:colcon.colcon_core.package_identification:_identify(src/jdamr200_node) by extension 'ignore'
[1.313s] Level 1:colcon.colcon_core.package_identification:_identify(src/jdamr200_node) by extension 'ignore_ament_install'
[1.313s] Level 1:colcon.colcon_core.package_identification:_identify(src/jdamr200_node) by extensions ['colcon_pkg']
[1.313s] Level 1:colcon.colcon_core.package_identification:_identify(src/jdamr200_node) by extension 'colcon_pkg'
[1.313s] Level 1:colcon.colcon_core.package_identification:_identify(src/jdamr200_node) by extensions ['colcon_meta']
[1.313s] Level 1:colcon.colcon_core.package_identification:_identify(src/jdamr200_node) by extension 'colcon_meta'
[1.314s] Level 1:colcon.colcon_core.package_identification:_identify(src/jdamr200_node) by extensions ['ros']
[1.314s] Level 1:colcon.colcon_core.package_identification:_identify(src/jdamr200_node) by extension 'ros'
[1.316s] DEBUG:colcon.colcon_core.package_identification:Package 'src/jdamr200_node' with type 'ros.ament_python' and name 'jdamr200_node'
[1.317s] Level 1:colcon.colcon_core.package_identification:_identify(src/jdamr200_teleop) by extensions ['ignore', 'ignore_ament_install']
[1.317s] Level 1:colcon.colcon_core.package_identification:_identify(src/jdamr200_teleop) by extension 'ignore'
[1.317s] Level 1:colcon.colcon_core.package_identification:_identify(src/jdamr200_teleop) by extension 'ignore_ament_install'
[1.318s] Level 1:colcon.colcon_core.package_identification:_identify(src/jdamr200_teleop) by extensions ['colcon_pkg']
[1.318s] Level 1:colcon.colcon_core.package_identification:_identify(src/jdamr200_teleop) by extension 'colcon_pkg'
[1.318s] Level 1:colcon.colcon_core.package_identification:_identify(src/jdamr200_teleop) by extensions ['colcon_meta']
[1.318s] Level 1:colcon.colcon_core.package_identification:_identify(src/jdamr200_teleop) by extension 'colcon_meta'
[1.318s] Level 1:colcon.colcon_core.package_identification:_identify(src/jdamr200_teleop) by extensions ['ros']
[1.318s] Level 1:colcon.colcon_core.package_identification:_identify(src/jdamr200_teleop) by extension 'ros'
[1.320s] DEBUG:colcon.colcon_core.package_identification:Package 'src/jdamr200_teleop' with type 'ros.ament_python' and name 'jdamr200_teleop'
[1.321s] Level 1:colcon.colcon_core.package_identification:_identify(src/ldlidar_sl_ros2) by extensions ['ignore', 'ignore_ament_install']
[1.321s] Level 1:colcon.colcon_core.package_identification:_identify(src/ldlidar_sl_ros2) by extension 'ignore'
[1.322s] Level 1:colcon.colcon_core.package_identification:_identify(src/ldlidar_sl_ros2) by extension 'ignore_ament_install'
[1.322s] Level 1:colcon.colcon_core.package_identification:_identify(src/ldlidar_sl_ros2) by extensions ['colcon_pkg']
[1.322s] Level 1:colcon.colcon_core.package_identification:_identify(src/ldlidar_sl_ros2) by extension 'colcon_pkg'
[1.322s] Level 1:colcon.colcon_core.package_identification:_identify(src/ldlidar_sl_ros2) by extensions ['colcon_meta']
[1.322s] Level 1:colcon.colcon_core.package_identification:_identify(src/ldlidar_sl_ros2) by extension 'colcon_meta'
[1.322s] Level 1:colcon.colcon_core.package_identification:_identify(src/ldlidar_sl_ros2) by extensions ['ros']
[1.323s] Level 1:colcon.colcon_core.package_identification:_identify(src/ldlidar_sl_ros2) by extension 'ros'
[1.325s] DEBUG:colcon.colcon_core.package_identification:Package 'src/ldlidar_sl_ros2' with type 'ros.ament_cmake' and name 'ldlidar_sl_ros2'
[1.326s] Level 1:colcon.colcon_core.package_discovery:discover_packages(recursive) using defaults
[1.326s] Level 1:colcon.colcon_core.package_discovery:discover_packages(ignore) discover
[1.326s] Level 1:colcon.colcon_core.package_discovery:discover_packages(ignore) using defaults
[1.326s] Level 1:colcon.colcon_core.package_discovery:discover_packages(path) discover
[1.326s] Level 1:colcon.colcon_core.package_discovery:discover_packages(path) using defaults
[1.414s] Level 5:colcon.colcon_core.verb:set package 'jdamr200_bringup' build argument 'cmake_args' from command line to 'None'
[1.414s] Level 5:colcon.colcon_core.verb:set package 'jdamr200_bringup' build argument 'cmake_target' from command line to 'None'
[1.414s] Level 5:colcon.colcon_core.verb:set package 'jdamr200_bringup' build argument 'cmake_target_skip_unavailable' from command line to 'False'
[1.414s] Level 5:colcon.colcon_core.verb:set package 'jdamr200_bringup' build argument 'cmake_clean_cache' from command line to 'False'
[1.414s] Level 5:colcon.colcon_core.verb:set package 'jdamr200_bringup' build argument 'cmake_clean_first' from command line to 'False'
[1.415s] Level 5:colcon.colcon_core.verb:set package 'jdamr200_bringup' build argument 'cmake_force_configure' from command line to 'False'
[1.415s] Level 5:colcon.colcon_core.verb:set package 'jdamr200_bringup' build argument 'ament_cmake_args' from command line to 'None'
[1.415s] Level 5:colcon.colcon_core.verb:set package 'jdamr200_bringup' build argument 'catkin_cmake_args' from command line to 'None'
[1.415s] Level 5:colcon.colcon_core.verb:set package 'jdamr200_bringup' build argument 'catkin_skip_building_tests' from command line to 'False'
[1.415s] DEBUG:colcon.colcon_core.verb:Building package 'jdamr200_bringup' with the following arguments: {'ament_cmake_args': None, 'build_base': '/home/jd/jdamr_200_ros/build/jdamr200_bringup', 'catkin_cmake_args': None, 'catkin_skip_building_tests': False, 'cmake_args': None, 'cmake_clean_cache': False, 'cmake_clean_first': False, 'cmake_force_configure': False, 'cmake_target': None, 'cmake_target_skip_unavailable': False, 'install_base': '/home/jd/jdamr_200_ros/install/jdamr200_bringup', 'merge_install': False, 'path': '/home/jd/jdamr_200_ros/src/jdamr200_bringup', 'symlink_install': False, 'test_result_base': None}
[1.416s] Level 5:colcon.colcon_core.verb:set package 'jdamr200_cartographer' build argument 'cmake_args' from command line to 'None'
[1.417s] Level 5:colcon.colcon_core.verb:set package 'jdamr200_cartographer' build argument 'cmake_target' from command line to 'None'
[1.417s] Level 5:colcon.colcon_core.verb:set package 'jdamr200_cartographer' build argument 'cmake_target_skip_unavailable' from command line to 'False'
[1.417s] Level 5:colcon.colcon_core.verb:set package 'jdamr200_cartographer' build argument 'cmake_clean_cache' from command line to 'False'
[1.417s] Level 5:colcon.colcon_core.verb:set package 'jdamr200_cartographer' build argument 'cmake_clean_first' from command line to 'False'
[1.417s] Level 5:colcon.colcon_core.verb:set package 'jdamr200_cartographer' build argument 'cmake_force_configure' from command line to 'False'
[1.417s] Level 5:colcon.colcon_core.verb:set package 'jdamr200_cartographer' build argument 'ament_cmake_args' from command line to 'None'
[1.417s] Level 5:colcon.colcon_core.verb:set package 'jdamr200_cartographer' build argument 'catkin_cmake_args' from command line to 'None'
[1.417s] Level 5:colcon.colcon_core.verb:set package 'jdamr200_cartographer' build argument 'catkin_skip_building_tests' from command line to 'False'
[1.417s] DEBUG:colcon.colcon_core.verb:Building package 'jdamr200_cartographer' with the following arguments: {'ament_cmake_args': None, 'build_base': '/home/jd/jdamr_200_ros/build/jdamr200_cartographer', 'catkin_cmake_args': None, 'catkin_skip_building_tests': False, 'cmake_args': None, 'cmake_clean_cache': False, 'cmake_clean_first': False, 'cmake_force_configure': False, 'cmake_target': None, 'cmake_target_skip_unavailable': False, 'install_base': '/home/jd/jdamr_200_ros/install/jdamr200_cartographer', 'merge_install': False, 'path': '/home/jd/jdamr_200_ros/src/jdamr200_cartographer', 'symlink_install': False, 'test_result_base': None}
[1.419s] Level 5:colcon.colcon_core.verb:set package 'jdamr200_description' build argument 'cmake_args' from command line to 'None'
[1.419s] Level 5:colcon.colcon_core.verb:set package 'jdamr200_description' build argument 'cmake_target' from command line to 'None'
[1.419s] Level 5:colcon.colcon_core.verb:set package 'jdamr200_description' build argument 'cmake_target_skip_unavailable' from command line to 'False'
[1.419s] Level 5:colcon.colcon_core.verb:set package 'jdamr200_description' build argument 'cmake_clean_cache' from command line to 'False'
[1.419s] Level 5:colcon.colcon_core.verb:set package 'jdamr200_description' build argument 'cmake_clean_first' from command line to 'False'
[1.419s] Level 5:colcon.colcon_core.verb:set package 'jdamr200_description' build argument 'cmake_force_configure' from command line to 'False'
[1.420s] Level 5:colcon.colcon_core.verb:set package 'jdamr200_description' build argument 'ament_cmake_args' from command line to 'None'
[1.420s] Level 5:colcon.colcon_core.verb:set package 'jdamr200_description' build argument 'catkin_cmake_args' from command line to 'None'
[1.420s] Level 5:colcon.colcon_core.verb:set package 'jdamr200_description' build argument 'catkin_skip_building_tests' from command line to 'False'
[1.420s] DEBUG:colcon.colcon_core.verb:Building package 'jdamr200_description' with the following arguments: {'ament_cmake_args': None, 'build_base': '/home/jd/jdamr_200_ros/build/jdamr200_description', 'catkin_cmake_args': None, 'catkin_skip_building_tests': False, 'cmake_args': None, 'cmake_clean_cache': False, 'cmake_clean_first': False, 'cmake_force_configure': False, 'cmake_target': None, 'cmake_target_skip_unavailable': False, 'install_base': '/home/jd/jdamr_200_ros/install/jdamr200_description', 'merge_install': False, 'path': '/home/jd/jdamr_200_ros/src/jdamr200_description', 'symlink_install': False, 'test_result_base': None}
[1.421s] Level 5:colcon.colcon_core.verb:set package 'jdamr200_node' build argument 'cmake_args' from command line to 'None'
[1.421s] Level 5:colcon.colcon_core.verb:set package 'jdamr200_node' build argument 'cmake_target' from command line to 'None'
[1.421s] Level 5:colcon.colcon_core.verb:set package 'jdamr200_node' build argument 'cmake_target_skip_unavailable' from command line to 'False'
[1.422s] Level 5:colcon.colcon_core.verb:set package 'jdamr200_node' build argument 'cmake_clean_cache' from command line to 'False'
[1.422s] Level 5:colcon.colcon_core.verb:set package 'jdamr200_node' build argument 'cmake_clean_first' from command line to 'False'
[1.422s] Level 5:colcon.colcon_core.verb:set package 'jdamr200_node' build argument 'cmake_force_configure' from command line to 'False'
[1.422s] Level 5:colcon.colcon_core.verb:set package 'jdamr200_node' build argument 'ament_cmake_args' from command line to 'None'
[1.422s] Level 5:colcon.colcon_core.verb:set package 'jdamr200_node' build argument 'catkin_cmake_args' from command line to 'None'
[1.422s] Level 5:colcon.colcon_core.verb:set package 'jdamr200_node' build argument 'catkin_skip_building_tests' from command line to 'False'
[1.422s] DEBUG:colcon.colcon_core.verb:Building package 'jdamr200_node' with the following arguments: {'ament_cmake_args': None, 'build_base': '/home/jd/jdamr_200_ros/build/jdamr200_node', 'catkin_cmake_args': None, 'catkin_skip_building_tests': False, 'cmake_args': None, 'cmake_clean_cache': False, 'cmake_clean_first': False, 'cmake_force_configure': False, 'cmake_target': None, 'cmake_target_skip_unavailable': False, 'install_base': '/home/jd/jdamr_200_ros/install/jdamr200_node', 'merge_install': False, 'path': '/home/jd/jdamr_200_ros/src/jdamr200_node', 'symlink_install': False, 'test_result_base': None}
[1.424s] Level 5:colcon.colcon_core.verb:set package 'jdamr200_teleop' build argument 'cmake_args' from command line to 'None'
[1.424s] Level 5:colcon.colcon_core.verb:set package 'jdamr200_teleop' build argument 'cmake_target' from command line to 'None'
[1.424s] Level 5:colcon.colcon_core.verb:set package 'jdamr200_teleop' build argument 'cmake_target_skip_unavailable' from command line to 'False'
[1.424s] Level 5:colcon.colcon_core.verb:set package 'jdamr200_teleop' build argument 'cmake_clean_cache' from command line to 'False'
[1.424s] Level 5:colcon.colcon_core.verb:set package 'jdamr200_teleop' build argument 'cmake_clean_first' from command line to 'False'
[1.424s] Level 5:colcon.colcon_core.verb:set package 'jdamr200_teleop' build argument 'cmake_force_configure' from command line to 'False'
[1.424s] Level 5:colcon.colcon_core.verb:set package 'jdamr200_teleop' build argument 'ament_cmake_args' from command line to 'None'
[1.424s] Level 5:colcon.colcon_core.verb:set package 'jdamr200_teleop' build argument 'catkin_cmake_args' from command line to 'None'
[1.425s] Level 5:colcon.colcon_core.verb:set package 'jdamr200_teleop' build argument 'catkin_skip_building_tests' from command line to 'False'
[1.425s] DEBUG:colcon.colcon_core.verb:Building package 'jdamr200_teleop' with the following arguments: {'ament_cmake_args': None, 'build_base': '/home/jd/jdamr_200_ros/build/jdamr200_teleop', 'catkin_cmake_args': None, 'catkin_skip_building_tests': False, 'cmake_args': None, 'cmake_clean_cache': False, 'cmake_clean_first': False, 'cmake_force_configure': False, 'cmake_target': None, 'cmake_target_skip_unavailable': False, 'install_base': '/home/jd/jdamr_200_ros/install/jdamr200_teleop', 'merge_install': False, 'path': '/home/jd/jdamr_200_ros/src/jdamr200_teleop', 'symlink_install': False, 'test_result_base': None}
[1.426s] Level 5:colcon.colcon_core.verb:set package 'ldlidar_sl_ros2' build argument 'cmake_args' from command line to 'None'
[1.426s] Level 5:colcon.colcon_core.verb:set package 'ldlidar_sl_ros2' build argument 'cmake_target' from command line to 'None'
[1.426s] Level 5:colcon.colcon_core.verb:set package 'ldlidar_sl_ros2' build argument 'cmake_target_skip_unavailable' from command line to 'False'
[1.426s] Level 5:colcon.colcon_core.verb:set package 'ldlidar_sl_ros2' build argument 'cmake_clean_cache' from command line to 'False'
[1.426s] Level 5:colcon.colcon_core.verb:set package 'ldlidar_sl_ros2' build argument 'cmake_clean_first' from command line to 'False'
[1.427s] Level 5:colcon.colcon_core.verb:set package 'ldlidar_sl_ros2' build argument 'cmake_force_configure' from command line to 'False'
[1.427s] Level 5:colcon.colcon_core.verb:set package 'ldlidar_sl_ros2' build argument 'ament_cmake_args' from command line to 'None'
[1.427s] Level 5:colcon.colcon_core.verb:set package 'ldlidar_sl_ros2' build argument 'catkin_cmake_args' from command line to 'None'
[1.427s] Level 5:colcon.colcon_core.verb:set package 'ldlidar_sl_ros2' build argument 'catkin_skip_building_tests' from command line to 'False'
[1.427s] DEBUG:colcon.colcon_core.verb:Building package 'ldlidar_sl_ros2' with the following arguments: {'ament_cmake_args': None, 'build_base': '/home/jd/jdamr_200_ros/build/ldlidar_sl_ros2', 'catkin_cmake_args': None, 'catkin_skip_building_tests': False, 'cmake_args': None, 'cmake_clean_cache': False, 'cmake_clean_first': False, 'cmake_force_configure': False, 'cmake_target': None, 'cmake_target_skip_unavailable': False, 'install_base': '/home/jd/jdamr_200_ros/install/ldlidar_sl_ros2', 'merge_install': False, 'path': '/home/jd/jdamr_200_ros/src/ldlidar_sl_ros2', 'symlink_install': False, 'test_result_base': None}
[1.428s] INFO:colcon.colcon_core.executor:Executing jobs using 'parallel' executor
[1.431s] DEBUG:colcon.colcon_parallel_executor.executor.parallel:run_until_complete
[1.432s] INFO:colcon.colcon_ros.task.ament_python.build:Building ROS package in '/home/jd/jdamr_200_ros/src/jdamr200_bringup' with build type 'ament_python'
[1.433s] Level 1:colcon.colcon_core.shell:create_environment_hook('jdamr200_bringup', 'ament_prefix_path')
[1.443s] INFO:colcon.colcon_core.plugin_system:Skipping extension 'colcon_core.shell.bat': Not used on non-Windows systems
[1.444s] INFO:colcon.colcon_core.shell:Creating environment hook '/home/jd/jdamr_200_ros/install/jdamr200_bringup/share/jdamr200_bringup/hook/ament_prefix_path.ps1'
[1.447s] INFO:colcon.colcon_core.shell:Creating environment descriptor '/home/jd/jdamr_200_ros/install/jdamr200_bringup/share/jdamr200_bringup/hook/ament_prefix_path.dsv'
[1.450s] INFO:colcon.colcon_core.shell:Creating environment hook '/home/jd/jdamr_200_ros/install/jdamr200_bringup/share/jdamr200_bringup/hook/ament_prefix_path.sh'
[1.455s] INFO:colcon.colcon_core.shell:Skip shell extension 'powershell' for command environment: Not usable outside of PowerShell
[1.456s] DEBUG:colcon.colcon_core.shell:Skip shell extension 'dsv' for command environment
[1.486s] INFO:colcon.colcon_ros.task.ament_cmake.build:Building ROS package in '/home/jd/jdamr_200_ros/src/jdamr200_cartographer' with build type 'ament_cmake'
[1.487s] INFO:colcon.colcon_cmake.task.cmake.build:Building CMake package in '/home/jd/jdamr_200_ros/src/jdamr200_cartographer'
[1.488s] INFO:colcon.colcon_core.shell:Skip shell extension 'powershell' for command environment: Not usable outside of PowerShell
[1.488s] DEBUG:colcon.colcon_core.shell:Skip shell extension 'dsv' for command environment
[1.513s] INFO:colcon.colcon_ros.task.ament_python.build:Building ROS package in '/home/jd/jdamr_200_ros/src/jdamr200_description' with build type 'ament_python'
[1.513s] Level 1:colcon.colcon_core.shell:create_environment_hook('jdamr200_description', 'ament_prefix_path')
[1.515s] INFO:colcon.colcon_core.shell:Creating environment hook '/home/jd/jdamr_200_ros/install/jdamr200_description/share/jdamr200_description/hook/ament_prefix_path.ps1'
[1.519s] INFO:colcon.colcon_core.shell:Creating environment descriptor '/home/jd/jdamr_200_ros/install/jdamr200_description/share/jdamr200_description/hook/ament_prefix_path.dsv'
[1.525s] INFO:colcon.colcon_core.shell:Creating environment hook '/home/jd/jdamr_200_ros/install/jdamr200_description/share/jdamr200_description/hook/ament_prefix_path.sh'
[1.534s] INFO:colcon.colcon_core.shell:Skip shell extension 'powershell' for command environment: Not usable outside of PowerShell
[1.534s] DEBUG:colcon.colcon_core.shell:Skip shell extension 'dsv' for command environment
[1.560s] INFO:colcon.colcon_ros.task.ament_python.build:Building ROS package in '/home/jd/jdamr_200_ros/src/jdamr200_node' with build type 'ament_python'
[1.562s] Level 1:colcon.colcon_core.shell:create_environment_hook('jdamr200_node', 'ament_prefix_path')
[1.564s] INFO:colcon.colcon_core.shell:Creating environment hook '/home/jd/jdamr_200_ros/install/jdamr200_node/share/jdamr200_node/hook/ament_prefix_path.ps1'
[1.569s] INFO:colcon.colcon_core.shell:Creating environment descriptor '/home/jd/jdamr_200_ros/install/jdamr200_node/share/jdamr200_node/hook/ament_prefix_path.dsv'
[1.575s] INFO:colcon.colcon_core.shell:Creating environment hook '/home/jd/jdamr_200_ros/install/jdamr200_node/share/jdamr200_node/hook/ament_prefix_path.sh'
[1.580s] INFO:colcon.colcon_core.shell:Skip shell extension 'powershell' for command environment: Not usable outside of PowerShell
[1.580s] DEBUG:colcon.colcon_core.shell:Skip shell extension 'dsv' for command environment
[2.878s] INFO:colcon.colcon_core.task.python.build:Building Python package in '/home/jd/jdamr_200_ros/src/jdamr200_bringup'
[2.880s] INFO:colcon.colcon_core.shell:Skip shell extension 'powershell' for command environment: Not usable outside of PowerShell
[2.880s] DEBUG:colcon.colcon_core.shell:Skip shell extension 'dsv' for command environment
[2.919s] DEBUG:colcon.colcon_core.event_handler.log_command:Invoking command in '/home/jd/jdamr_200_ros/build/jdamr200_cartographer': CMAKE_PREFIX_PATH=${CMAKE_PREFIX_PATH}:/home/jd/jdamr_200_ros/install/jdamr200_teleop:/home/jd/jdamr_200_ros/install/jdamr200_node:/home/jd/jdamr_200_ros/install/jdamr200_description:/home/jd/jdamr_200_ros/install/jdamr200_bringup:/opt/ros/humble /usr/bin/cmake --build /home/jd/jdamr_200_ros/build/jdamr200_cartographer -- -j4 -l4
[4.149s] INFO:colcon.colcon_core.task.python.build:Building Python package in '/home/jd/jdamr_200_ros/src/jdamr200_description'
[4.150s] INFO:colcon.colcon_core.shell:Skip shell extension 'powershell' for command environment: Not usable outside of PowerShell
[4.150s] DEBUG:colcon.colcon_core.shell:Skip shell extension 'dsv' for command environment
[5.377s] INFO:colcon.colcon_core.task.python.build:Building Python package in '/home/jd/jdamr_200_ros/src/jdamr200_node'
[5.378s] INFO:colcon.colcon_core.shell:Skip shell extension 'powershell' for command environment: Not usable outside of PowerShell
[5.378s] DEBUG:colcon.colcon_core.shell:Skip shell extension 'dsv' for command environment
[5.404s] DEBUG:colcon.colcon_core.event_handler.log_command:Invoked command in '/home/jd/jdamr_200_ros/build/jdamr200_cartographer' returned '0': CMAKE_PREFIX_PATH=${CMAKE_PREFIX_PATH}:/home/jd/jdamr_200_ros/install/jdamr200_teleop:/home/jd/jdamr_200_ros/install/jdamr200_node:/home/jd/jdamr_200_ros/install/jdamr200_description:/home/jd/jdamr_200_ros/install/jdamr200_bringup:/opt/ros/humble /usr/bin/cmake --build /home/jd/jdamr_200_ros/build/jdamr200_cartographer -- -j4 -l4
[5.448s] DEBUG:colcon.colcon_core.event_handler.log_command:Invoking command in '/home/jd/jdamr_200_ros/build/jdamr200_cartographer': CMAKE_PREFIX_PATH=${CMAKE_PREFIX_PATH}:/home/jd/jdamr_200_ros/install/jdamr200_teleop:/home/jd/jdamr_200_ros/install/jdamr200_node:/home/jd/jdamr_200_ros/install/jdamr200_description:/home/jd/jdamr_200_ros/install/jdamr200_bringup:/opt/ros/humble /usr/bin/cmake --install /home/jd/jdamr_200_ros/build/jdamr200_cartographer
[5.531s] Level 1:colcon.colcon_core.environment:create_environment_scripts_only(jdamr200_cartographer)
[5.534s] DEBUG:colcon.colcon_core.event_handler.log_command:Invoked command in '/home/jd/jdamr_200_ros/build/jdamr200_cartographer' returned '0': CMAKE_PREFIX_PATH=${CMAKE_PREFIX_PATH}:/home/jd/jdamr_200_ros/install/jdamr200_teleop:/home/jd/jdamr_200_ros/install/jdamr200_node:/home/jd/jdamr_200_ros/install/jdamr200_description:/home/jd/jdamr_200_ros/install/jdamr200_bringup:/opt/ros/humble /usr/bin/cmake --install /home/jd/jdamr_200_ros/build/jdamr200_cartographer
[5.553s] Level 1:colcon.colcon_core.environment:checking '/home/jd/jdamr_200_ros/install/jdamr200_cartographer' for CMake module files
[5.556s] Level 1:colcon.colcon_core.environment:checking '/home/jd/jdamr_200_ros/install/jdamr200_cartographer' for CMake config files
[5.567s] Level 1:colcon.colcon_core.shell:create_environment_hook('jdamr200_cartographer', 'cmake_prefix_path')
[5.569s] INFO:colcon.colcon_core.shell:Creating environment hook '/home/jd/jdamr_200_ros/install/jdamr200_cartographer/share/jdamr200_cartographer/hook/cmake_prefix_path.ps1'
[5.572s] INFO:colcon.colcon_core.shell:Creating environment descriptor '/home/jd/jdamr_200_ros/install/jdamr200_cartographer/share/jdamr200_cartographer/hook/cmake_prefix_path.dsv'
[5.577s] INFO:colcon.colcon_core.shell:Creating environment hook '/home/jd/jdamr_200_ros/install/jdamr200_cartographer/share/jdamr200_cartographer/hook/cmake_prefix_path.sh'
[5.583s] Level 1:colcon.colcon_core.environment:checking '/home/jd/jdamr_200_ros/install/jdamr200_cartographer/bin'
[5.584s] Level 1:colcon.colcon_core.environment:checking '/home/jd/jdamr_200_ros/install/jdamr200_cartographer/lib/pkgconfig/jdamr200_cartographer.pc'
[5.586s] Level 1:colcon.colcon_core.environment:checking '/home/jd/jdamr_200_ros/install/jdamr200_cartographer/lib/python3.10/site-packages'
[5.588s] Level 1:colcon.colcon_core.environment:checking '/home/jd/jdamr_200_ros/install/jdamr200_cartographer/bin'
[5.590s] INFO:colcon.colcon_core.shell:Creating package script '/home/jd/jdamr_200_ros/install/jdamr200_cartographer/share/jdamr200_cartographer/package.ps1'
[5.596s] INFO:colcon.colcon_core.shell:Creating package descriptor '/home/jd/jdamr_200_ros/install/jdamr200_cartographer/share/jdamr200_cartographer/package.dsv'
[5.600s] INFO:colcon.colcon_core.shell:Creating package script '/home/jd/jdamr_200_ros/install/jdamr200_cartographer/share/jdamr200_cartographer/package.sh'
[5.606s] INFO:colcon.colcon_core.shell:Creating package script '/home/jd/jdamr_200_ros/install/jdamr200_cartographer/share/jdamr200_cartographer/package.bash'
[5.619s] INFO:colcon.colcon_core.shell:Creating package script '/home/jd/jdamr_200_ros/install/jdamr200_cartographer/share/jdamr200_cartographer/package.zsh'
[5.624s] Level 1:colcon.colcon_core.environment:create_file_with_runtime_dependencies(/home/jd/jdamr_200_ros/install/jdamr200_cartographer/share/colcon-core/packages/jdamr200_cartographer)
[5.628s] Level 1:colcon.colcon_core.environment:create_environment_scripts_only(jdamr200_cartographer)
[5.630s] Level 1:colcon.colcon_core.environment:checking '/home/jd/jdamr_200_ros/install/jdamr200_cartographer' for CMake module files
[5.633s] Level 1:colcon.colcon_core.environment:checking '/home/jd/jdamr_200_ros/install/jdamr200_cartographer' for CMake config files
[5.637s] Level 1:colcon.colcon_core.shell:create_environment_hook('jdamr200_cartographer', 'cmake_prefix_path')
[5.638s] INFO:colcon.colcon_core.shell:Creating environment hook '/home/jd/jdamr_200_ros/install/jdamr200_cartographer/share/jdamr200_cartographer/hook/cmake_prefix_path.ps1'
[5.641s] INFO:colcon.colcon_core.shell:Creating environment descriptor '/home/jd/jdamr_200_ros/install/jdamr200_cartographer/share/jdamr200_cartographer/hook/cmake_prefix_path.dsv'
[5.644s] INFO:colcon.colcon_core.shell:Creating environment hook '/home/jd/jdamr_200_ros/install/jdamr200_cartographer/share/jdamr200_cartographer/hook/cmake_prefix_path.sh'
[5.648s] Level 1:colcon.colcon_core.environment:checking '/home/jd/jdamr_200_ros/install/jdamr200_cartographer/bin'
[5.648s] Level 1:colcon.colcon_core.environment:checking '/home/jd/jdamr_200_ros/install/jdamr200_cartographer/lib/pkgconfig/jdamr200_cartographer.pc'
[5.649s] Level 1:colcon.colcon_core.environment:checking '/home/jd/jdamr_200_ros/install/jdamr200_cartographer/lib/python3.10/site-packages'
[5.651s] Level 1:colcon.colcon_core.environment:checking '/home/jd/jdamr_200_ros/install/jdamr200_cartographer/bin'
[5.652s] INFO:colcon.colcon_core.shell:Creating package script '/home/jd/jdamr_200_ros/install/jdamr200_cartographer/share/jdamr200_cartographer/package.ps1'
[5.656s] INFO:colcon.colcon_core.shell:Creating package descriptor '/home/jd/jdamr_200_ros/install/jdamr200_cartographer/share/jdamr200_cartographer/package.dsv'
[5.660s] INFO:colcon.colcon_core.shell:Creating package script '/home/jd/jdamr_200_ros/install/jdamr200_cartographer/share/jdamr200_cartographer/package.sh'
[5.662s] INFO:colcon.colcon_core.shell:Creating package script '/home/jd/jdamr_200_ros/install/jdamr200_cartographer/share/jdamr200_cartographer/package.bash'
[5.666s] INFO:colcon.colcon_core.shell:Creating package script '/home/jd/jdamr_200_ros/install/jdamr200_cartographer/share/jdamr200_cartographer/package.zsh'
[5.670s] Level 1:colcon.colcon_core.environment:create_file_with_runtime_dependencies(/home/jd/jdamr_200_ros/install/jdamr200_cartographer/share/colcon-core/packages/jdamr200_cartographer)
[5.672s] INFO:colcon.colcon_ros.task.ament_python.build:Building ROS package in '/home/jd/jdamr_200_ros/src/jdamr200_teleop' with build type 'ament_python'
[5.673s] Level 1:colcon.colcon_core.shell:create_environment_hook('jdamr200_teleop', 'ament_prefix_path')
[5.675s] INFO:colcon.colcon_core.shell:Creating environment hook '/home/jd/jdamr_200_ros/install/jdamr200_teleop/share/jdamr200_teleop/hook/ament_prefix_path.ps1'
[5.679s] INFO:colcon.colcon_core.shell:Creating environment descriptor '/home/jd/jdamr_200_ros/install/jdamr200_teleop/share/jdamr200_teleop/hook/ament_prefix_path.dsv'
[5.682s] INFO:colcon.colcon_core.shell:Creating environment hook '/home/jd/jdamr_200_ros/install/jdamr200_teleop/share/jdamr200_teleop/hook/ament_prefix_path.sh'
[5.687s] INFO:colcon.colcon_core.shell:Skip shell extension 'powershell' for command environment: Not usable outside of PowerShell
[5.687s] DEBUG:colcon.colcon_core.shell:Skip shell extension 'dsv' for command environment
[7.975s] INFO:colcon.colcon_core.task.python.build:Building Python package in '/home/jd/jdamr_200_ros/src/jdamr200_teleop'
[7.977s] INFO:colcon.colcon_core.shell:Skip shell extension 'powershell' for command environment: Not usable outside of PowerShell
[7.978s] DEBUG:colcon.colcon_core.shell:Skip shell extension 'dsv' for command environment
[8.076s] DEBUG:colcon.colcon_core.event_handler.log_command:Invoking command in '/home/jd/jdamr_200_ros/src/jdamr200_bringup': PYTHONPATH=/home/jd/jdamr_200_ros/build/jdamr200_bringup/prefix_override:/usr/local/lib/python3.10/dist-packages/colcon_core/task/python/colcon_distutils_commands:/home/jd/jdamr_200_ros/install/jdamr200_bringup/lib/python3.10/site-packages:${PYTHONPATH} /usr/bin/python3 -W ignore:setup.py install is deprecated -W ignore:easy_install command is deprecated setup.py egg_info --egg-base ../../build/jdamr200_bringup build --build-base /home/jd/jdamr_200_ros/build/jdamr200_bringup/build install --record /home/jd/jdamr_200_ros/build/jdamr200_bringup/install.log --single-version-externally-managed install_data
[8.358s] DEBUG:colcon.colcon_core.event_handler.log_command:Invoking command in '/home/jd/jdamr_200_ros/src/jdamr200_description': PYTHONPATH=/home/jd/jdamr_200_ros/build/jdamr200_description/prefix_override:/usr/local/lib/python3.10/dist-packages/colcon_core/task/python/colcon_distutils_commands:/home/jd/jdamr_200_ros/install/jdamr200_description/lib/python3.10/site-packages:${PYTHONPATH} /usr/bin/python3 -W ignore:setup.py install is deprecated -W ignore:easy_install command is deprecated setup.py egg_info --egg-base ../../build/jdamr200_description build --build-base /home/jd/jdamr_200_ros/build/jdamr200_description/build install --record /home/jd/jdamr_200_ros/build/jdamr200_description/install.log --single-version-externally-managed install_data
[8.645s] DEBUG:colcon.colcon_core.event_handler.log_command:Invoking command in '/home/jd/jdamr_200_ros/src/jdamr200_node': PYTHONPATH=/home/jd/jdamr_200_ros/build/jdamr200_node/prefix_override:/usr/local/lib/python3.10/dist-packages/colcon_core/task/python/colcon_distutils_commands:/home/jd/jdamr_200_ros/install/jdamr200_node/lib/python3.10/site-packages:${PYTHONPATH} /usr/bin/python3 -W ignore:setup.py install is deprecated -W ignore:easy_install command is deprecated setup.py egg_info --egg-base ../../build/jdamr200_node build --build-base /home/jd/jdamr_200_ros/build/jdamr200_node/build install --record /home/jd/jdamr_200_ros/build/jdamr200_node/install.log --single-version-externally-managed install_data
[10.626s] Level 1:colcon.colcon_core.environment:checking '/home/jd/jdamr_200_ros/install/jdamr200_bringup' for CMake module files
[10.639s] DEBUG:colcon.colcon_core.event_handler.log_command:Invoked command in '/home/jd/jdamr_200_ros/src/jdamr200_bringup' returned '0': PYTHONPATH=/home/jd/jdamr_200_ros/build/jdamr200_bringup/prefix_override:/usr/local/lib/python3.10/dist-packages/colcon_core/task/python/colcon_distutils_commands:/home/jd/jdamr_200_ros/install/jdamr200_bringup/lib/python3.10/site-packages:${PYTHONPATH} /usr/bin/python3 -W ignore:setup.py install is deprecated -W ignore:easy_install command is deprecated setup.py egg_info --egg-base ../../build/jdamr200_bringup build --build-base /home/jd/jdamr_200_ros/build/jdamr200_bringup/build install --record /home/jd/jdamr_200_ros/build/jdamr200_bringup/install.log --single-version-externally-managed install_data
[10.645s] Level 1:colcon.colcon_core.environment:checking '/home/jd/jdamr_200_ros/install/jdamr200_bringup' for CMake config files
[10.653s] Level 1:colcon.colcon_core.environment:checking '/home/jd/jdamr_200_ros/install/jdamr200_bringup/lib'
[10.655s] Level 1:colcon.colcon_core.environment:checking '/home/jd/jdamr_200_ros/install/jdamr200_bringup/bin'
[10.656s] Level 1:colcon.colcon_core.environment:checking '/home/jd/jdamr_200_ros/install/jdamr200_bringup/lib/pkgconfig/jdamr200_bringup.pc'
[10.658s] Level 1:colcon.colcon_core.environment:checking '/home/jd/jdamr_200_ros/install/jdamr200_bringup/lib/python3.10/site-packages'
[10.663s] Level 1:colcon.colcon_core.shell:create_environment_hook('jdamr200_bringup', 'pythonpath')
[10.665s] INFO:colcon.colcon_core.shell:Creating environment hook '/home/jd/jdamr_200_ros/install/jdamr200_bringup/share/jdamr200_bringup/hook/pythonpath.ps1'
[10.675s] INFO:colcon.colcon_core.shell:Creating environment descriptor '/home/jd/jdamr_200_ros/install/jdamr200_bringup/share/jdamr200_bringup/hook/pythonpath.dsv'
[10.699s] INFO:colcon.colcon_core.shell:Creating environment hook '/home/jd/jdamr_200_ros/install/jdamr200_bringup/share/jdamr200_bringup/hook/pythonpath.sh'
[10.703s] Level 1:colcon.colcon_core.environment:checking '/home/jd/jdamr_200_ros/install/jdamr200_bringup/bin'
[10.703s] Level 1:colcon.colcon_core.environment:create_environment_scripts_only(jdamr200_bringup)
[10.705s] INFO:colcon.colcon_core.shell:Creating package script '/home/jd/jdamr_200_ros/install/jdamr200_bringup/share/jdamr200_bringup/package.ps1'
[10.708s] INFO:colcon.colcon_core.shell:Creating package descriptor '/home/jd/jdamr_200_ros/install/jdamr200_bringup/share/jdamr200_bringup/package.dsv'
[10.715s] INFO:colcon.colcon_core.shell:Creating package script '/home/jd/jdamr_200_ros/install/jdamr200_bringup/share/jdamr200_bringup/package.sh'
[10.721s] INFO:colcon.colcon_core.shell:Creating package script '/home/jd/jdamr_200_ros/install/jdamr200_bringup/share/jdamr200_bringup/package.bash'
[10.726s] INFO:colcon.colcon_core.shell:Creating package script '/home/jd/jdamr_200_ros/install/jdamr200_bringup/share/jdamr200_bringup/package.zsh'
[10.735s] Level 1:colcon.colcon_core.environment:create_file_with_runtime_dependencies(/home/jd/jdamr_200_ros/install/jdamr200_bringup/share/colcon-core/packages/jdamr200_bringup)
[10.741s] INFO:colcon.colcon_ros.task.ament_cmake.build:Building ROS package in '/home/jd/jdamr_200_ros/src/ldlidar_sl_ros2' with build type 'ament_cmake'
[10.742s] INFO:colcon.colcon_cmake.task.cmake.build:Building CMake package in '/home/jd/jdamr_200_ros/src/ldlidar_sl_ros2'
[10.743s] INFO:colcon.colcon_core.shell:Skip shell extension 'powershell' for command environment: Not usable outside of PowerShell
[10.744s] DEBUG:colcon.colcon_core.shell:Skip shell extension 'dsv' for command environment
[10.847s] DEBUG:colcon.colcon_core.event_handler.log_command:Invoking command in '/home/jd/jdamr_200_ros/src/jdamr200_teleop': PYTHONPATH=/home/jd/jdamr_200_ros/build/jdamr200_teleop/prefix_override:/usr/local/lib/python3.10/dist-packages/colcon_core/task/python/colcon_distutils_commands:/home/jd/jdamr_200_ros/install/jdamr200_teleop/lib/python3.10/site-packages:${PYTHONPATH} /usr/bin/python3 -W ignore:setup.py install is deprecated -W ignore:easy_install command is deprecated setup.py egg_info --egg-base ../../build/jdamr200_teleop build --build-base /home/jd/jdamr_200_ros/build/jdamr200_teleop/build install --record /home/jd/jdamr_200_ros/build/jdamr200_teleop/install.log --single-version-externally-managed install_data
[10.913s] DEBUG:colcon.colcon_core.event_handler.log_command:Invoking command in '/home/jd/jdamr_200_ros/build/ldlidar_sl_ros2': CMAKE_PREFIX_PATH=${CMAKE_PREFIX_PATH}:/home/jd/jdamr_200_ros/install/jdamr200_teleop:/home/jd/jdamr_200_ros/install/jdamr200_node:/home/jd/jdamr_200_ros/install/jdamr200_description:/home/jd/jdamr_200_ros/install/jdamr200_bringup:/opt/ros/humble /usr/bin/cmake --build /home/jd/jdamr_200_ros/build/ldlidar_sl_ros2 -- -j4 -l4
[11.266s] Level 1:colcon.colcon_core.environment:checking '/home/jd/jdamr_200_ros/install/jdamr200_description' for CMake module files
[11.269s] DEBUG:colcon.colcon_core.event_handler.log_command:Invoked command in '/home/jd/jdamr_200_ros/src/jdamr200_description' returned '0': PYTHONPATH=/home/jd/jdamr_200_ros/build/jdamr200_description/prefix_override:/usr/local/lib/python3.10/dist-packages/colcon_core/task/python/colcon_distutils_commands:/home/jd/jdamr_200_ros/install/jdamr200_description/lib/python3.10/site-packages:${PYTHONPATH} /usr/bin/python3 -W ignore:setup.py install is deprecated -W ignore:easy_install command is deprecated setup.py egg_info --egg-base ../../build/jdamr200_description build --build-base /home/jd/jdamr_200_ros/build/jdamr200_description/build install --record /home/jd/jdamr_200_ros/build/jdamr200_description/install.log --single-version-externally-managed install_data
[11.271s] Level 1:colcon.colcon_core.environment:checking '/home/jd/jdamr_200_ros/install/jdamr200_description' for CMake config files
[11.275s] Level 1:colcon.colcon_core.environment:checking '/home/jd/jdamr_200_ros/install/jdamr200_description/lib'
[11.276s] Level 1:colcon.colcon_core.environment:checking '/home/jd/jdamr_200_ros/install/jdamr200_description/bin'
[11.276s] Level 1:colcon.colcon_core.environment:checking '/home/jd/jdamr_200_ros/install/jdamr200_description/lib/pkgconfig/jdamr200_description.pc'
[11.277s] Level 1:colcon.colcon_core.environment:checking '/home/jd/jdamr_200_ros/install/jdamr200_description/lib/python3.10/site-packages'
[11.278s] Level 1:colcon.colcon_core.shell:create_environment_hook('jdamr200_description', 'pythonpath')
[11.279s] INFO:colcon.colcon_core.shell:Creating environment hook '/home/jd/jdamr_200_ros/install/jdamr200_description/share/jdamr200_description/hook/pythonpath.ps1'
[11.281s] INFO:colcon.colcon_core.shell:Creating environment descriptor '/home/jd/jdamr_200_ros/install/jdamr200_description/share/jdamr200_description/hook/pythonpath.dsv'
[11.284s] INFO:colcon.colcon_core.shell:Creating environment hook '/home/jd/jdamr_200_ros/install/jdamr200_description/share/jdamr200_description/hook/pythonpath.sh'
[11.288s] Level 1:colcon.colcon_core.environment:checking '/home/jd/jdamr_200_ros/install/jdamr200_description/bin'
[11.289s] Level 1:colcon.colcon_core.environment:create_environment_scripts_only(jdamr200_description)
[11.290s] INFO:colcon.colcon_core.shell:Creating package script '/home/jd/jdamr_200_ros/install/jdamr200_description/share/jdamr200_description/package.ps1'
[11.294s] INFO:colcon.colcon_core.shell:Creating package descriptor '/home/jd/jdamr_200_ros/install/jdamr200_description/share/jdamr200_description/package.dsv'
[11.297s] INFO:colcon.colcon_core.shell:Creating package script '/home/jd/jdamr_200_ros/install/jdamr200_description/share/jdamr200_description/package.sh'
[11.301s] INFO:colcon.colcon_core.shell:Creating package script '/home/jd/jdamr_200_ros/install/jdamr200_description/share/jdamr200_description/package.bash'
[11.307s] INFO:colcon.colcon_core.shell:Creating package script '/home/jd/jdamr_200_ros/install/jdamr200_description/share/jdamr200_description/package.zsh'
[11.313s] Level 1:colcon.colcon_core.environment:create_file_with_runtime_dependencies(/home/jd/jdamr_200_ros/install/jdamr200_description/share/colcon-core/packages/jdamr200_description)
[11.321s] Level 1:colcon.colcon_core.environment:checking '/home/jd/jdamr_200_ros/install/jdamr200_node' for CMake module files
[11.325s] Level 1:colcon.colcon_core.environment:checking '/home/jd/jdamr_200_ros/install/jdamr200_node' for CMake config files
[11.330s] Level 1:colcon.colcon_core.environment:checking '/home/jd/jdamr_200_ros/install/jdamr200_node/lib'
[11.331s] Level 1:colcon.colcon_core.environment:checking '/home/jd/jdamr_200_ros/install/jdamr200_node/bin'
[11.331s] Level 1:colcon.colcon_core.environment:checking '/home/jd/jdamr_200_ros/install/jdamr200_node/lib/pkgconfig/jdamr200_node.pc'
[11.333s] Level 1:colcon.colcon_core.environment:checking '/home/jd/jdamr_200_ros/install/jdamr200_node/lib/python3.10/site-packages'
[11.334s] Level 1:colcon.colcon_core.shell:create_environment_hook('jdamr200_node', 'pythonpath')
[11.335s] INFO:colcon.colcon_core.shell:Creating environment hook '/home/jd/jdamr_200_ros/install/jdamr200_node/share/jdamr200_node/hook/pythonpath.ps1'
[11.339s] INFO:colcon.colcon_core.shell:Creating environment descriptor '/home/jd/jdamr_200_ros/install/jdamr200_node/share/jdamr200_node/hook/pythonpath.dsv'
[11.343s] INFO:colcon.colcon_core.shell:Creating environment hook '/home/jd/jdamr_200_ros/install/jdamr200_node/share/jdamr200_node/hook/pythonpath.sh'
[11.351s] Level 1:colcon.colcon_core.environment:checking '/home/jd/jdamr_200_ros/install/jdamr200_node/bin'
[11.353s] Level 1:colcon.colcon_core.environment:create_environment_scripts_only(jdamr200_node)
[11.355s] INFO:colcon.colcon_core.shell:Creating package script '/home/jd/jdamr_200_ros/install/jdamr200_node/share/jdamr200_node/package.ps1'
[11.356s] DEBUG:colcon.colcon_core.event_handler.log_command:Invoked command in '/home/jd/jdamr_200_ros/src/jdamr200_node' returned '0': PYTHONPATH=/home/jd/jdamr_200_ros/build/jdamr200_node/prefix_override:/usr/local/lib/python3.10/dist-packages/colcon_core/task/python/colcon_distutils_commands:/home/jd/jdamr_200_ros/install/jdamr200_node/lib/python3.10/site-packages:${PYTHONPATH} /usr/bin/python3 -W ignore:setup.py install is deprecated -W ignore:easy_install command is deprecated setup.py egg_info --egg-base ../../build/jdamr200_node build --build-base /home/jd/jdamr_200_ros/build/jdamr200_node/build install --record /home/jd/jdamr_200_ros/build/jdamr200_node/install.log --single-version-externally-managed install_data
[11.359s] INFO:colcon.colcon_core.shell:Creating package descriptor '/home/jd/jdamr_200_ros/install/jdamr200_node/share/jdamr200_node/package.dsv'
[11.363s] INFO:colcon.colcon_core.shell:Creating package script '/home/jd/jdamr_200_ros/install/jdamr200_node/share/jdamr200_node/package.sh'
[11.366s] INFO:colcon.colcon_core.shell:Creating package script '/home/jd/jdamr_200_ros/install/jdamr200_node/share/jdamr200_node/package.bash'
[11.369s] INFO:colcon.colcon_core.shell:Creating package script '/home/jd/jdamr_200_ros/install/jdamr200_node/share/jdamr200_node/package.zsh'
[11.371s] Level 1:colcon.colcon_core.environment:create_file_with_runtime_dependencies(/home/jd/jdamr_200_ros/install/jdamr200_node/share/colcon-core/packages/jdamr200_node)
[11.602s] DEBUG:colcon.colcon_core.event_handler.log_command:Invoked command in '/home/jd/jdamr_200_ros/build/ldlidar_sl_ros2' returned '0': CMAKE_PREFIX_PATH=${CMAKE_PREFIX_PATH}:/home/jd/jdamr_200_ros/install/jdamr200_teleop:/home/jd/jdamr_200_ros/install/jdamr200_node:/home/jd/jdamr_200_ros/install/jdamr200_description:/home/jd/jdamr_200_ros/install/jdamr200_bringup:/opt/ros/humble /usr/bin/cmake --build /home/jd/jdamr_200_ros/build/ldlidar_sl_ros2 -- -j4 -l4
[11.626s] DEBUG:colcon.colcon_core.event_handler.log_command:Invoking command in '/home/jd/jdamr_200_ros/build/ldlidar_sl_ros2': CMAKE_PREFIX_PATH=${CMAKE_PREFIX_PATH}:/home/jd/jdamr_200_ros/install/jdamr200_teleop:/home/jd/jdamr_200_ros/install/jdamr200_node:/home/jd/jdamr_200_ros/install/jdamr200_description:/home/jd/jdamr_200_ros/install/jdamr200_bringup:/opt/ros/humble /usr/bin/cmake --install /home/jd/jdamr_200_ros/build/ldlidar_sl_ros2
[11.671s] Level 1:colcon.colcon_core.environment:create_environment_scripts_only(ldlidar_sl_ros2)
[11.673s] Level 1:colcon.colcon_core.environment:checking '/home/jd/jdamr_200_ros/install/ldlidar_sl_ros2' for CMake module files
[11.677s] DEBUG:colcon.colcon_core.event_handler.log_command:Invoked command in '/home/jd/jdamr_200_ros/build/ldlidar_sl_ros2' returned '0': CMAKE_PREFIX_PATH=${CMAKE_PREFIX_PATH}:/home/jd/jdamr_200_ros/install/jdamr200_teleop:/home/jd/jdamr_200_ros/install/jdamr200_node:/home/jd/jdamr_200_ros/install/jdamr200_description:/home/jd/jdamr_200_ros/install/jdamr200_bringup:/opt/ros/humble /usr/bin/cmake --install /home/jd/jdamr_200_ros/build/ldlidar_sl_ros2
[11.679s] Level 1:colcon.colcon_core.environment:checking '/home/jd/jdamr_200_ros/install/ldlidar_sl_ros2' for CMake config files
[11.681s] Level 1:colcon.colcon_core.shell:create_environment_hook('ldlidar_sl_ros2', 'cmake_prefix_path')
[11.683s] INFO:colcon.colcon_core.shell:Creating environment hook '/home/jd/jdamr_200_ros/install/ldlidar_sl_ros2/share/ldlidar_sl_ros2/hook/cmake_prefix_path.ps1'
[11.685s] INFO:colcon.colcon_core.shell:Creating environment descriptor '/home/jd/jdamr_200_ros/install/ldlidar_sl_ros2/share/ldlidar_sl_ros2/hook/cmake_prefix_path.dsv'
[11.688s] INFO:colcon.colcon_core.shell:Creating environment hook '/home/jd/jdamr_200_ros/install/ldlidar_sl_ros2/share/ldlidar_sl_ros2/hook/cmake_prefix_path.sh'
[11.692s] Level 1:colcon.colcon_core.environment:checking '/home/jd/jdamr_200_ros/install/ldlidar_sl_ros2/lib'
[11.692s] Level 1:colcon.colcon_core.environment:checking '/home/jd/jdamr_200_ros/install/ldlidar_sl_ros2/bin'
[11.693s] Level 1:colcon.colcon_core.environment:checking '/home/jd/jdamr_200_ros/install/ldlidar_sl_ros2/lib/pkgconfig/ldlidar_sl_ros2.pc'
[11.694s] Level 1:colcon.colcon_core.environment:checking '/home/jd/jdamr_200_ros/install/ldlidar_sl_ros2/lib/python3.10/site-packages'
[11.696s] Level 1:colcon.colcon_core.environment:checking '/home/jd/jdamr_200_ros/install/ldlidar_sl_ros2/bin'
[11.698s] INFO:colcon.colcon_core.shell:Creating package script '/home/jd/jdamr_200_ros/install/ldlidar_sl_ros2/share/ldlidar_sl_ros2/package.ps1'
[11.703s] INFO:colcon.colcon_core.shell:Creating package descriptor '/home/jd/jdamr_200_ros/install/ldlidar_sl_ros2/share/ldlidar_sl_ros2/package.dsv'
[11.708s] INFO:colcon.colcon_core.shell:Creating package script '/home/jd/jdamr_200_ros/install/ldlidar_sl_ros2/share/ldlidar_sl_ros2/package.sh'
[11.711s] INFO:colcon.colcon_core.shell:Creating package script '/home/jd/jdamr_200_ros/install/ldlidar_sl_ros2/share/ldlidar_sl_ros2/package.bash'
[11.716s] INFO:colcon.colcon_core.shell:Creating package script '/home/jd/jdamr_200_ros/install/ldlidar_sl_ros2/share/ldlidar_sl_ros2/package.zsh'
[11.719s] Level 1:colcon.colcon_core.environment:create_file_with_runtime_dependencies(/home/jd/jdamr_200_ros/install/ldlidar_sl_ros2/share/colcon-core/packages/ldlidar_sl_ros2)
[11.724s] Level 1:colcon.colcon_core.environment:create_environment_scripts_only(ldlidar_sl_ros2)
[11.725s] Level 1:colcon.colcon_core.environment:checking '/home/jd/jdamr_200_ros/install/ldlidar_sl_ros2' for CMake module files
[11.728s] Level 1:colcon.colcon_core.environment:checking '/home/jd/jdamr_200_ros/install/ldlidar_sl_ros2' for CMake config files
[11.730s] Level 1:colcon.colcon_core.shell:create_environment_hook('ldlidar_sl_ros2', 'cmake_prefix_path')
[11.732s] INFO:colcon.colcon_core.shell:Creating environment hook '/home/jd/jdamr_200_ros/install/ldlidar_sl_ros2/share/ldlidar_sl_ros2/hook/cmake_prefix_path.ps1'
[11.734s] INFO:colcon.colcon_core.shell:Creating environment descriptor '/home/jd/jdamr_200_ros/install/ldlidar_sl_ros2/share/ldlidar_sl_ros2/hook/cmake_prefix_path.dsv'
[11.736s] INFO:colcon.colcon_core.shell:Creating environment hook '/home/jd/jdamr_200_ros/install/ldlidar_sl_ros2/share/ldlidar_sl_ros2/hook/cmake_prefix_path.sh'
[11.740s] Level 1:colcon.colcon_core.environment:checking '/home/jd/jdamr_200_ros/install/ldlidar_sl_ros2/lib'
[11.741s] Level 1:colcon.colcon_core.environment:checking '/home/jd/jdamr_200_ros/install/ldlidar_sl_ros2/bin'
[11.741s] Level 1:colcon.colcon_core.environment:checking '/home/jd/jdamr_200_ros/install/ldlidar_sl_ros2/lib/pkgconfig/ldlidar_sl_ros2.pc'
[11.742s] Level 1:colcon.colcon_core.environment:checking '/home/jd/jdamr_200_ros/install/ldlidar_sl_ros2/lib/python3.10/site-packages'
[11.743s] Level 1:colcon.colcon_core.environment:checking '/home/jd/jdamr_200_ros/install/ldlidar_sl_ros2/bin'
[11.744s] INFO:colcon.colcon_core.shell:Creating package script '/home/jd/jdamr_200_ros/install/ldlidar_sl_ros2/share/ldlidar_sl_ros2/package.ps1'
[11.747s] INFO:colcon.colcon_core.shell:Creating package descriptor '/home/jd/jdamr_200_ros/install/ldlidar_sl_ros2/share/ldlidar_sl_ros2/package.dsv'
[11.750s] INFO:colcon.colcon_core.shell:Creating package script '/home/jd/jdamr_200_ros/install/ldlidar_sl_ros2/share/ldlidar_sl_ros2/package.sh'
[11.752s] INFO:colcon.colcon_core.shell:Creating package script '/home/jd/jdamr_200_ros/install/ldlidar_sl_ros2/share/ldlidar_sl_ros2/package.bash'
[11.755s] INFO:colcon.colcon_core.shell:Creating package script '/home/jd/jdamr_200_ros/install/ldlidar_sl_ros2/share/ldlidar_sl_ros2/package.zsh'
[11.758s] Level 1:colcon.colcon_core.environment:create_file_with_runtime_dependencies(/home/jd/jdamr_200_ros/install/ldlidar_sl_ros2/share/colcon-core/packages/ldlidar_sl_ros2)
[12.740s] Level 1:colcon.colcon_core.environment:checking '/home/jd/jdamr_200_ros/install/jdamr200_teleop' for CMake module files
[12.742s] DEBUG:colcon.colcon_core.event_handler.log_command:Invoked command in '/home/jd/jdamr_200_ros/src/jdamr200_teleop' returned '0': PYTHONPATH=/home/jd/jdamr_200_ros/build/jdamr200_teleop/prefix_override:/usr/local/lib/python3.10/dist-packages/colcon_core/task/python/colcon_distutils_commands:/home/jd/jdamr_200_ros/install/jdamr200_teleop/lib/python3.10/site-packages:${PYTHONPATH} /usr/bin/python3 -W ignore:setup.py install is deprecated -W ignore:easy_install command is deprecated setup.py egg_info --egg-base ../../build/jdamr200_teleop build --build-base /home/jd/jdamr_200_ros/build/jdamr200_teleop/build install --record /home/jd/jdamr_200_ros/build/jdamr200_teleop/install.log --single-version-externally-managed install_data
[12.744s] Level 1:colcon.colcon_core.environment:checking '/home/jd/jdamr_200_ros/install/jdamr200_teleop' for CMake config files
[12.747s] Level 1:colcon.colcon_core.environment:checking '/home/jd/jdamr_200_ros/install/jdamr200_teleop/lib'
[12.747s] Level 1:colcon.colcon_core.environment:checking '/home/jd/jdamr_200_ros/install/jdamr200_teleop/bin'
[12.748s] Level 1:colcon.colcon_core.environment:checking '/home/jd/jdamr_200_ros/install/jdamr200_teleop/lib/pkgconfig/jdamr200_teleop.pc'
[12.749s] Level 1:colcon.colcon_core.environment:checking '/home/jd/jdamr_200_ros/install/jdamr200_teleop/lib/python3.10/site-packages'
[12.749s] Level 1:colcon.colcon_core.shell:create_environment_hook('jdamr200_teleop', 'pythonpath')
[12.750s] INFO:colcon.colcon_core.shell:Creating environment hook '/home/jd/jdamr_200_ros/install/jdamr200_teleop/share/jdamr200_teleop/hook/pythonpath.ps1'
[12.752s] INFO:colcon.colcon_core.shell:Creating environment descriptor '/home/jd/jdamr_200_ros/install/jdamr200_teleop/share/jdamr200_teleop/hook/pythonpath.dsv'
[12.754s] INFO:colcon.colcon_core.shell:Creating environment hook '/home/jd/jdamr_200_ros/install/jdamr200_teleop/share/jdamr200_teleop/hook/pythonpath.sh'
[12.758s] Level 1:colcon.colcon_core.environment:checking '/home/jd/jdamr_200_ros/install/jdamr200_teleop/bin'
[12.758s] Level 1:colcon.colcon_core.environment:create_environment_scripts_only(jdamr200_teleop)
[12.760s] INFO:colcon.colcon_core.shell:Creating package script '/home/jd/jdamr_200_ros/install/jdamr200_teleop/share/jdamr200_teleop/package.ps1'
[12.762s] INFO:colcon.colcon_core.shell:Creating package descriptor '/home/jd/jdamr_200_ros/install/jdamr200_teleop/share/jdamr200_teleop/package.dsv'
[12.765s] INFO:colcon.colcon_core.shell:Creating package script '/home/jd/jdamr_200_ros/install/jdamr200_teleop/share/jdamr200_teleop/package.sh'
[12.767s] INFO:colcon.colcon_core.shell:Creating package script '/home/jd/jdamr_200_ros/install/jdamr200_teleop/share/jdamr200_teleop/package.bash'
[12.770s] INFO:colcon.colcon_core.shell:Creating package script '/home/jd/jdamr_200_ros/install/jdamr200_teleop/share/jdamr200_teleop/package.zsh'
[12.772s] Level 1:colcon.colcon_core.environment:create_file_with_runtime_dependencies(/home/jd/jdamr_200_ros/install/jdamr200_teleop/share/colcon-core/packages/jdamr200_teleop)
[12.773s] DEBUG:colcon.colcon_parallel_executor.executor.parallel:closing loop
[12.774s] DEBUG:colcon.colcon_parallel_executor.executor.parallel:loop closed
[12.774s] DEBUG:colcon.colcon_parallel_executor.executor.parallel:run_until_complete finished with '0'
[12.775s] DEBUG:colcon.colcon_core.event_reactor:joining thread
[12.816s] INFO:colcon.colcon_core.plugin_system:Skipping extension 'colcon_notification.desktop_notification.terminal_notifier': Not used on non-Darwin systems
[12.817s] INFO:colcon.colcon_core.plugin_system:Skipping extension 'colcon_notification.desktop_notification.win32': Not used on non-Windows systems
[12.818s] INFO:colcon.colcon_notification.desktop_notification:Sending desktop notification using 'notify2'
[12.855s] DEBUG:colcon.colcon_core.event_reactor:joined thread
[12.857s] INFO:colcon.colcon_core.shell:Creating prefix script '/home/jd/jdamr_200_ros/install/local_setup.ps1'
[12.861s] INFO:colcon.colcon_core.shell:Creating prefix util module '/home/jd/jdamr_200_ros/install/_local_setup_util_ps1.py'
[12.874s] INFO:colcon.colcon_core.shell:Creating prefix chain script '/home/jd/jdamr_200_ros/install/setup.ps1'
[12.885s] INFO:colcon.colcon_core.shell:Creating prefix script '/home/jd/jdamr_200_ros/install/local_setup.sh'
[12.889s] INFO:colcon.colcon_core.shell:Creating prefix util module '/home/jd/jdamr_200_ros/install/_local_setup_util_sh.py'
[12.892s] INFO:colcon.colcon_core.shell:Creating prefix chain script '/home/jd/jdamr_200_ros/install/setup.sh'
[12.899s] INFO:colcon.colcon_core.shell:Creating prefix script '/home/jd/jdamr_200_ros/install/local_setup.bash'
[12.901s] INFO:colcon.colcon_core.shell:Creating prefix chain script '/home/jd/jdamr_200_ros/install/setup.bash'
[12.908s] INFO:colcon.colcon_core.shell:Creating prefix script '/home/jd/jdamr_200_ros/install/local_setup.zsh'
[12.910s] INFO:colcon.colcon_core.shell:Creating prefix chain script '/home/jd/jdamr_200_ros/install/setup.zsh'
