[7.953s] Invoking command in '/home/jd/jdamr_200_ros/src/jdamr200_node': PYTHONPATH=/home/jd/jdamr_200_ros/build/jdamr200_node/prefix_override:/usr/local/lib/python3.10/dist-packages/colcon_core/task/python/colcon_distutils_commands:/home/jd/jdamr_200_ros/install/jdamr200_node/lib/python3.10/site-packages:${PYTHONPATH} /usr/bin/python3 -W ignore:setup.py install is deprecated -W ignore:easy_install command is deprecated setup.py egg_info --egg-base ../../build/jdamr200_node build --build-base /home/jd/jdamr_200_ros/build/jdamr200_node/build install --record /home/jd/jdamr_200_ros/build/jdamr200_node/install.log --single-version-externally-managed install_data
[10.145s] running egg_info
[10.149s] writing ../../build/jdamr200_node/jdamr200_node.egg-info/PKG-INFO
[10.150s] writing dependency_links to ../../build/jdamr200_node/jdamr200_node.egg-info/dependency_links.txt
[10.152s] writing entry points to ../../build/jdamr200_node/jdamr200_node.egg-info/entry_points.txt
[10.166s] writing requirements to ../../build/jdamr200_node/jdamr200_node.egg-info/requires.txt
[10.167s] writing top-level names to ../../build/jdamr200_node/jdamr200_node.egg-info/top_level.txt
[10.177s] reading manifest file '../../build/jdamr200_node/jdamr200_node.egg-info/SOURCES.txt'
[10.185s] writing manifest file '../../build/jdamr200_node/jdamr200_node.egg-info/SOURCES.txt'
[10.186s] running build
[10.187s] running build_py
[10.188s] running install
[10.190s] running install_lib
[10.202s] running install_data
[10.204s] running install_egg_info
[10.228s] removing '/home/jd/jdamr_200_ros/install/jdamr200_node/lib/python3.10/site-packages/jdamr200_node-0.0.0-py3.10.egg-info' (and everything under it)
[10.230s] Copying ../../build/jdamr200_node/jdamr200_node.egg-info to /home/jd/jdamr_200_ros/install/jdamr200_node/lib/python3.10/site-packages/jdamr200_node-0.0.0-py3.10.egg-info
[10.248s] running install_scripts
[10.441s] Installing jdamr200_node script to /home/jd/jdamr_200_ros/install/jdamr200_node/lib/jdamr200_node
[10.452s] writing list of installed files to '/home/jd/jdamr_200_ros/build/jdamr200_node/install.log'
[10.860s] Invoked command in '/home/jd/jdamr_200_ros/src/jdamr200_node' returned '0': PYTHONPATH=/home/jd/jdamr_200_ros/build/jdamr200_node/prefix_override:/usr/local/lib/python3.10/dist-packages/colcon_core/task/python/colcon_distutils_commands:/home/jd/jdamr_200_ros/install/jdamr200_node/lib/python3.10/site-packages:${PYTHONPATH} /usr/bin/python3 -W ignore:setup.py install is deprecated -W ignore:easy_install command is deprecated setup.py egg_info --egg-base ../../build/jdamr200_node build --build-base /home/jd/jdamr_200_ros/build/jdamr200_node/build install --record /home/jd/jdamr_200_ros/build/jdamr200_node/install.log --single-version-externally-managed install_data
