[5.755s] Invoking command in '/home/jd/jdamr_200_ros/src/jdamr200_teleop': PYTHONPATH=/home/jd/jdamr_200_ros/build/jdamr200_teleop/prefix_override:/usr/local/lib/python3.10/dist-packages/colcon_core/task/python/colcon_distutils_commands:/home/jd/jdamr_200_ros/install/jdamr200_teleop/lib/python3.10/site-packages:${PYTHONPATH} /usr/bin/python3 -W ignore:setup.py install is deprecated -W ignore:easy_install command is deprecated setup.py egg_info --egg-base ../../build/jdamr200_teleop build --build-base /home/jd/jdamr_200_ros/build/jdamr200_teleop/build install --record /home/jd/jdamr_200_ros/build/jdamr200_teleop/install.log --single-version-externally-managed install_data
[7.074s] running egg_info
[7.077s] writing ../../build/jdamr200_teleop/jdamr200_teleop.egg-info/PKG-INFO
[7.079s] writing dependency_links to ../../build/jdamr200_teleop/jdamr200_teleop.egg-info/dependency_links.txt
[7.080s] writing entry points to ../../build/jdamr200_teleop/jdamr200_teleop.egg-info/entry_points.txt
[7.081s] writing requirements to ../../build/jdamr200_teleop/jdamr200_teleop.egg-info/requires.txt
[7.082s] writing top-level names to ../../build/jdamr200_teleop/jdamr200_teleop.egg-info/top_level.txt
[7.090s] reading manifest file '../../build/jdamr200_teleop/jdamr200_teleop.egg-info/SOURCES.txt'
[7.094s] writing manifest file '../../build/jdamr200_teleop/jdamr200_teleop.egg-info/SOURCES.txt'
[7.094s] running build
[7.095s] running build_py
[7.096s] running install
[7.097s] running install_lib
[7.103s] running install_data
[7.104s] running install_egg_info
[7.114s] removing '/home/jd/jdamr_200_ros/install/jdamr200_teleop/lib/python3.10/site-packages/jdamr200_teleop-0.0.0-py3.10.egg-info' (and everything under it)
[7.117s] Copying ../../build/jdamr200_teleop/jdamr200_teleop.egg-info to /home/jd/jdamr_200_ros/install/jdamr200_teleop/lib/python3.10/site-packages/jdamr200_teleop-0.0.0-py3.10.egg-info
[7.124s] running install_scripts
[7.217s] Installing jdamr_teleop script to /home/jd/jdamr_200_ros/install/jdamr200_teleop/lib/jdamr200_teleop
[7.220s] writing list of installed files to '/home/jd/jdamr_200_ros/build/jdamr200_teleop/install.log'
[7.356s] Invoked command in '/home/jd/jdamr_200_ros/src/jdamr200_teleop' returned '0': PYTHONPATH=/home/jd/jdamr_200_ros/build/jdamr200_teleop/prefix_override:/usr/local/lib/python3.10/dist-packages/colcon_core/task/python/colcon_distutils_commands:/home/jd/jdamr_200_ros/install/jdamr200_teleop/lib/python3.10/site-packages:${PYTHONPATH} /usr/bin/python3 -W ignore:setup.py install is deprecated -W ignore:easy_install command is deprecated setup.py egg_info --egg-base ../../build/jdamr200_teleop build --build-base /home/jd/jdamr_200_ros/build/jdamr200_teleop/build install --record /home/jd/jdamr_200_ros/build/jdamr200_teleop/install.log --single-version-externally-managed install_data
