[4.371s] Invoking command in '/home/jd/jdamr_200_ros/src/jdamr200_teleop': PYTHONPATH=/home/jd/jdamr_200_ros/build/jdamr200_teleop/prefix_override:/usr/local/lib/python3.10/dist-packages/colcon_core/task/python/colcon_distutils_commands:/home/jd/jdamr_200_ros/install/jdamr200_teleop/lib/python3.10/site-packages:${PYTHONPATH} /usr/bin/python3 -W ignore:setup.py install is deprecated -W ignore:easy_install command is deprecated setup.py egg_info --egg-base ../../build/jdamr200_teleop build --build-base /home/jd/jdamr_200_ros/build/jdamr200_teleop/build install --record /home/jd/jdamr_200_ros/build/jdamr200_teleop/install.log --single-version-externally-managed install_data
[6.009s] running egg_info
[6.016s] creating ../../build/jdamr200_teleop/jdamr200_teleop.egg-info
[6.023s] writing ../../build/jdamr200_teleop/jdamr200_teleop.egg-info/PKG-INFO
[6.026s] writing dependency_links to ../../build/jdamr200_teleop/jdamr200_teleop.egg-info/dependency_links.txt
[6.028s] writing entry points to ../../build/jdamr200_teleop/jdamr200_teleop.egg-info/entry_points.txt
[6.030s] writing requirements to ../../build/jdamr200_teleop/jdamr200_teleop.egg-info/requires.txt
[6.031s] writing top-level names to ../../build/jdamr200_teleop/jdamr200_teleop.egg-info/top_level.txt
[6.032s] writing manifest file '../../build/jdamr200_teleop/jdamr200_teleop.egg-info/SOURCES.txt'
[6.042s] reading manifest file '../../build/jdamr200_teleop/jdamr200_teleop.egg-info/SOURCES.txt'
[6.048s] writing manifest file '../../build/jdamr200_teleop/jdamr200_teleop.egg-info/SOURCES.txt'
[6.048s] running build
[6.049s] running build_py
[6.050s] creating /home/jd/jdamr_200_ros/build/jdamr200_teleop/build
[6.051s] creating /home/jd/jdamr_200_ros/build/jdamr200_teleop/build/lib
[6.052s] creating /home/jd/jdamr_200_ros/build/jdamr200_teleop/build/lib/jdamr200_teleop
[6.053s] copying jdamr200_teleop/__init__.py -> /home/jd/jdamr_200_ros/build/jdamr200_teleop/build/lib/jdamr200_teleop
[6.054s] copying jdamr200_teleop/jdamr_teleop.py -> /home/jd/jdamr_200_ros/build/jdamr200_teleop/build/lib/jdamr200_teleop
[6.054s] running install
[6.055s] running install_lib
[6.059s] creating /home/jd/jdamr_200_ros/install/jdamr200_teleop/lib/python3.10/site-packages/jdamr200_teleop
[6.060s] copying /home/jd/jdamr_200_ros/build/jdamr200_teleop/build/lib/jdamr200_teleop/__init__.py -> /home/jd/jdamr_200_ros/install/jdamr200_teleop/lib/python3.10/site-packages/jdamr200_teleop
[6.061s] copying /home/jd/jdamr_200_ros/build/jdamr200_teleop/build/lib/jdamr200_teleop/jdamr_teleop.py -> /home/jd/jdamr_200_ros/install/jdamr200_teleop/lib/python3.10/site-packages/jdamr200_teleop
[6.065s] byte-compiling /home/jd/jdamr_200_ros/install/jdamr200_teleop/lib/python3.10/site-packages/jdamr200_teleop/__init__.py to __init__.cpython-310.pyc
[6.070s] byte-compiling /home/jd/jdamr_200_ros/install/jdamr200_teleop/lib/python3.10/site-packages/jdamr200_teleop/jdamr_teleop.py to jdamr_teleop.cpython-310.pyc
[6.077s] running install_data
[6.079s] creating /home/jd/jdamr_200_ros/install/jdamr200_teleop/share/ament_index
[6.080s] creating /home/jd/jdamr_200_ros/install/jdamr200_teleop/share/ament_index/resource_index
[6.081s] creating /home/jd/jdamr_200_ros/install/jdamr200_teleop/share/ament_index/resource_index/packages
[6.082s] copying resource/jdamr200_teleop -> /home/jd/jdamr_200_ros/install/jdamr200_teleop/share/ament_index/resource_index/packages
[6.083s] copying package.xml -> /home/jd/jdamr_200_ros/install/jdamr200_teleop/share/jdamr200_teleop
[6.084s] running install_egg_info
[6.092s] Copying ../../build/jdamr200_teleop/jdamr200_teleop.egg-info to /home/jd/jdamr_200_ros/install/jdamr200_teleop/lib/python3.10/site-packages/jdamr200_teleop-0.0.0-py3.10.egg-info
[6.108s] running install_scripts
[6.224s] Installing jdamr_teleop script to /home/jd/jdamr_200_ros/install/jdamr200_teleop/lib/jdamr200_teleop
[6.225s] writing list of installed files to '/home/jd/jdamr_200_ros/build/jdamr200_teleop/install.log'
[6.414s] Invoked command in '/home/jd/jdamr_200_ros/src/jdamr200_teleop' returned '0': PYTHONPATH=/home/jd/jdamr_200_ros/build/jdamr200_teleop/prefix_override:/usr/local/lib/python3.10/dist-packages/colcon_core/task/python/colcon_distutils_commands:/home/jd/jdamr_200_ros/install/jdamr200_teleop/lib/python3.10/site-packages:${PYTHONPATH} /usr/bin/python3 -W ignore:setup.py install is deprecated -W ignore:easy_install command is deprecated setup.py egg_info --egg-base ../../build/jdamr200_teleop build --build-base /home/jd/jdamr_200_ros/build/jdamr200_teleop/build install --record /home/jd/jdamr_200_ros/build/jdamr200_teleop/install.log --single-version-externally-managed install_data
