[6.676s] Invoking command in '/home/jd/jdamr_200_ros/src/jdamr200_node': PYTHONPATH=/home/jd/jdamr_200_ros/build/jdamr200_node/prefix_override:/usr/local/lib/python3.10/dist-packages/colcon_core/task/python/colcon_distutils_commands:/home/jd/jdamr_200_ros/install/jdamr200_node/lib/python3.10/site-packages:${PYTHONPATH} /usr/bin/python3 -W ignore:setup.py install is deprecated -W ignore:easy_install command is deprecated setup.py egg_info --egg-base ../../build/jdamr200_node build --build-base /home/jd/jdamr_200_ros/build/jdamr200_node/build install --record /home/jd/jdamr_200_ros/build/jdamr200_node/install.log --single-version-externally-managed install_data
[8.603s] running egg_info
[8.608s] writing ../../build/jdamr200_node/jdamr200_node.egg-info/PKG-INFO
[8.613s] writing dependency_links to ../../build/jdamr200_node/jdamr200_node.egg-info/dependency_links.txt
[8.616s] writing entry points to ../../build/jdamr200_node/jdamr200_node.egg-info/entry_points.txt
[8.619s] writing requirements to ../../build/jdamr200_node/jdamr200_node.egg-info/requires.txt
[8.621s] writing top-level names to ../../build/jdamr200_node/jdamr200_node.egg-info/top_level.txt
[8.641s] reading manifest file '../../build/jdamr200_node/jdamr200_node.egg-info/SOURCES.txt'
[8.645s] writing manifest file '../../build/jdamr200_node/jdamr200_node.egg-info/SOURCES.txt'
[8.647s] running build
[8.649s] running build_py
[8.649s] copying jdamr200_node/jdamr200_node.py -> /home/jd/jdamr_200_ros/build/jdamr200_node/build/lib/jdamr200_node
[8.651s] running install
[8.652s] running install_lib
[8.657s] copying /home/jd/jdamr_200_ros/build/jdamr200_node/build/lib/jdamr200_node/jdamr200_node.py -> /home/jd/jdamr_200_ros/install/jdamr200_node/lib/python3.10/site-packages/jdamr200_node
[8.662s] byte-compiling /home/jd/jdamr_200_ros/install/jdamr200_node/lib/python3.10/site-packages/jdamr200_node/jdamr200_node.py to jdamr200_node.cpython-310.pyc
[8.667s] running install_data
[8.669s] running install_egg_info
[8.681s] removing '/home/jd/jdamr_200_ros/install/jdamr200_node/lib/python3.10/site-packages/jdamr200_node-0.0.0-py3.10.egg-info' (and everything under it)
[8.683s] Copying ../../build/jdamr200_node/jdamr200_node.egg-info to /home/jd/jdamr_200_ros/install/jdamr200_node/lib/python3.10/site-packages/jdamr200_node-0.0.0-py3.10.egg-info
[8.693s] running install_scripts
[8.861s] Installing jdamr200_node script to /home/jd/jdamr_200_ros/install/jdamr200_node/lib/jdamr200_node
[8.865s] writing list of installed files to '/home/jd/jdamr_200_ros/build/jdamr200_node/install.log'
[9.231s] Invoked command in '/home/jd/jdamr_200_ros/src/jdamr200_node' returned '0': PYTHONPATH=/home/jd/jdamr_200_ros/build/jdamr200_node/prefix_override:/usr/local/lib/python3.10/dist-packages/colcon_core/task/python/colcon_distutils_commands:/home/jd/jdamr_200_ros/install/jdamr200_node/lib/python3.10/site-packages:${PYTHONPATH} /usr/bin/python3 -W ignore:setup.py install is deprecated -W ignore:easy_install command is deprecated setup.py egg_info --egg-base ../../build/jdamr200_node build --build-base /home/jd/jdamr_200_ros/build/jdamr200_node/build install --record /home/jd/jdamr_200_ros/build/jdamr200_node/install.log --single-version-externally-managed install_data
