[7.248s] Invoking command in '/home/jd/jdamr_200_ros/src/jdamr200_node': PYTHONPATH=/home/jd/jdamr_200_ros/build/jdamr200_node/prefix_override:/usr/local/lib/python3.10/dist-packages/colcon_core/task/python/colcon_distutils_commands:/home/jd/jdamr_200_ros/install/jdamr200_node/lib/python3.10/site-packages:${PYTHONPATH} /usr/bin/python3 -W ignore:setup.py install is deprecated -W ignore:easy_install command is deprecated setup.py egg_info --egg-base ../../build/jdamr200_node build --build-base /home/jd/jdamr_200_ros/build/jdamr200_node/build install --record /home/jd/jdamr_200_ros/build/jdamr200_node/install.log --single-version-externally-managed install_data
[9.194s] running egg_info
[9.206s] writing ../../build/jdamr200_node/jdamr200_node.egg-info/PKG-INFO
[9.212s] writing dependency_links to ../../build/jdamr200_node/jdamr200_node.egg-info/dependency_links.txt
[9.215s] writing entry points to ../../build/jdamr200_node/jdamr200_node.egg-info/entry_points.txt
[9.218s] writing requirements to ../../build/jdamr200_node/jdamr200_node.egg-info/requires.txt
[9.220s] writing top-level names to ../../build/jdamr200_node/jdamr200_node.egg-info/top_level.txt
[9.238s] reading manifest file '../../build/jdamr200_node/jdamr200_node.egg-info/SOURCES.txt'
[9.249s] writing manifest file '../../build/jdamr200_node/jdamr200_node.egg-info/SOURCES.txt'
[9.251s] running build
[9.252s] running build_py
[9.257s] running install
[9.259s] running install_lib
[9.276s] running install_data
[9.284s] running install_egg_info
[9.308s] removing '/home/jd/jdamr_200_ros/install/jdamr200_node/lib/python3.10/site-packages/jdamr200_node-0.0.0-py3.10.egg-info' (and everything under it)
[9.313s] Copying ../../build/jdamr200_node/jdamr200_node.egg-info to /home/jd/jdamr_200_ros/install/jdamr200_node/lib/python3.10/site-packages/jdamr200_node-0.0.0-py3.10.egg-info
[9.326s] running install_scripts
[9.469s] Installing jdamr200_node script to /home/jd/jdamr_200_ros/install/jdamr200_node/lib/jdamr200_node
[9.477s] writing list of installed files to '/home/jd/jdamr_200_ros/build/jdamr200_node/install.log'
[9.773s] Invoked command in '/home/jd/jdamr_200_ros/src/jdamr200_node' returned '0': PYTHONPATH=/home/jd/jdamr_200_ros/build/jdamr200_node/prefix_override:/usr/local/lib/python3.10/dist-packages/colcon_core/task/python/colcon_distutils_commands:/home/jd/jdamr_200_ros/install/jdamr200_node/lib/python3.10/site-packages:${PYTHONPATH} /usr/bin/python3 -W ignore:setup.py install is deprecated -W ignore:easy_install command is deprecated setup.py egg_info --egg-base ../../build/jdamr200_node build --build-base /home/jd/jdamr_200_ros/build/jdamr200_node/build install --record /home/jd/jdamr_200_ros/build/jdamr200_node/install.log --single-version-externally-managed install_data
