[7.942s] Invoking command in '/home/jd/jdamr_200_ros/src/jdamr200_description': PYTHONPATH=/home/jd/jdamr_200_ros/build/jdamr200_description/prefix_override:/usr/local/lib/python3.10/dist-packages/colcon_core/task/python/colcon_distutils_commands:/home/jd/jdamr_200_ros/install/jdamr200_description/lib/python3.10/site-packages:${PYTHONPATH} /usr/bin/python3 -W ignore:setup.py install is deprecated -W ignore:easy_install command is deprecated setup.py egg_info --egg-base ../../build/jdamr200_description build --build-base /home/jd/jdamr_200_ros/build/jdamr200_description/build install --record /home/jd/jdamr_200_ros/build/jdamr200_description/install.log --single-version-externally-managed install_data
[10.367s] running egg_info
[10.369s] writing ../../build/jdamr200_description/jdamr200_description.egg-info/PKG-INFO
[10.370s] writing dependency_links to ../../build/jdamr200_description/jdamr200_description.egg-info/dependency_links.txt
[10.372s] writing entry points to ../../build/jdamr200_description/jdamr200_description.egg-info/entry_points.txt
[10.375s] writing requirements to ../../build/jdamr200_description/jdamr200_description.egg-info/requires.txt
[10.376s] writing top-level names to ../../build/jdamr200_description/jdamr200_description.egg-info/top_level.txt
[10.390s] reading manifest file '../../build/jdamr200_description/jdamr200_description.egg-info/SOURCES.txt'
[10.401s] writing manifest file '../../build/jdamr200_description/jdamr200_description.egg-info/SOURCES.txt'
[10.402s] running build
[10.403s] running build_py
[10.404s] running install
[10.406s] running install_lib
[10.417s] running install_data
[10.437s] running install_egg_info
[10.473s] removing '/home/jd/jdamr_200_ros/install/jdamr200_description/lib/python3.10/site-packages/jdamr200_description-0.0.0-py3.10.egg-info' (and everything under it)
[10.477s] Copying ../../build/jdamr200_description/jdamr200_description.egg-info to /home/jd/jdamr_200_ros/install/jdamr200_description/lib/python3.10/site-packages/jdamr200_description-0.0.0-py3.10.egg-info
[10.491s] running install_scripts
[10.870s] writing list of installed files to '/home/jd/jdamr_200_ros/build/jdamr200_description/install.log'
[11.296s] Invoked command in '/home/jd/jdamr_200_ros/src/jdamr200_description' returned '0': PYTHONPATH=/home/jd/jdamr_200_ros/build/jdamr200_description/prefix_override:/usr/local/lib/python3.10/dist-packages/colcon_core/task/python/colcon_distutils_commands:/home/jd/jdamr_200_ros/install/jdamr200_description/lib/python3.10/site-packages:${PYTHONPATH} /usr/bin/python3 -W ignore:setup.py install is deprecated -W ignore:easy_install command is deprecated setup.py egg_info --egg-base ../../build/jdamr200_description build --build-base /home/jd/jdamr_200_ros/build/jdamr200_description/build install --record /home/jd/jdamr_200_ros/build/jdamr200_description/install.log --single-version-externally-managed install_data
