[0.234s] Invoking command in '/home/jd/jdamr_200_ros/build/ldlidar_sl_ros2': CMAKE_PREFIX_PATH=${CMAKE_PREFIX_PATH}:/home/jd/jdamr_200_ros/install/jdamr200_teleop:/home/jd/jdamr_200_ros/install/jdamr200_node:/home/jd/jdamr_200_ros/install/jdamr200_description:/home/jd/jdamr_200_ros/install/jdamr200_bringup:/opt/ros/humble /usr/bin/cmake --build /home/jd/jdamr_200_ros/build/ldlidar_sl_ros2 -- -j4 -l4
[0.626s] [100%] Built target ldlidar_sl_ros2_node
[0.687s] Invoked command in '/home/jd/jdamr_200_ros/build/ldlidar_sl_ros2' returned '0': CMAKE_PREFIX_PATH=${CMAKE_PREFIX_PATH}:/home/jd/jdamr_200_ros/install/jdamr200_teleop:/home/jd/jdamr_200_ros/install/jdamr200_node:/home/jd/jdamr_200_ros/install/jdamr200_description:/home/jd/jdamr_200_ros/install/jdamr200_bringup:/opt/ros/humble /usr/bin/cmake --build /home/jd/jdamr_200_ros/build/ldlidar_sl_ros2 -- -j4 -l4
[0.690s] Invoking command in '/home/jd/jdamr_200_ros/build/ldlidar_sl_ros2': CMAKE_PREFIX_PATH=${CMAKE_PREFIX_PATH}:/home/jd/jdamr_200_ros/install/jdamr200_teleop:/home/jd/jdamr_200_ros/install/jdamr200_node:/home/jd/jdamr_200_ros/install/jdamr200_description:/home/jd/jdamr_200_ros/install/jdamr200_bringup:/opt/ros/humble /usr/bin/cmake --install /home/jd/jdamr_200_ros/build/ldlidar_sl_ros2
[0.727s] -- Install configuration: ""
[0.728s] -- Up-to-date: /home/jd/jdamr_200_ros/install/ldlidar_sl_ros2/lib/ldlidar_sl_ros2/ldlidar_sl_ros2_node
[0.729s] -- Up-to-date: /home/jd/jdamr_200_ros/install/ldlidar_sl_ros2/share/ldlidar_sl_ros2//launch
[0.730s] -- Up-to-date: /home/jd/jdamr_200_ros/install/ldlidar_sl_ros2/share/ldlidar_sl_ros2//launch/ld14p.launch.py
[0.731s] -- Up-to-date: /home/jd/jdamr_200_ros/install/ldlidar_sl_ros2/share/ldlidar_sl_ros2//launch/ld14_remote.launch.py
[0.731s] -- Up-to-date: /home/jd/jdamr_200_ros/install/ldlidar_sl_ros2/share/ldlidar_sl_ros2//launch/ld14.launch.py
[0.732s] -- Up-to-date: /home/jd/jdamr_200_ros/install/ldlidar_sl_ros2/share/ldlidar_sl_ros2//launch/viewer_ld14_remote.launch.py
[0.732s] -- Up-to-date: /home/jd/jdamr_200_ros/install/ldlidar_sl_ros2/share/ldlidar_sl_ros2//launch/viewer_ld14.launch.py
[0.733s] -- Up-to-date: /home/jd/jdamr_200_ros/install/ldlidar_sl_ros2/share/ldlidar_sl_ros2//launch/viewer_ld14p.launch.py
[0.733s] -- Up-to-date: /home/jd/jdamr_200_ros/install/ldlidar_sl_ros2/share/ldlidar_sl_ros2//rviz2
[0.734s] -- Up-to-date: /home/jd/jdamr_200_ros/install/ldlidar_sl_ros2/share/ldlidar_sl_ros2//rviz2/ldlidar.rviz
[0.734s] -- Up-to-date: /home/jd/jdamr_200_ros/install/ldlidar_sl_ros2/share/ldlidar_sl_ros2//scripts
[0.735s] -- Up-to-date: /home/jd/jdamr_200_ros/install/ldlidar_sl_ros2/share/ldlidar_sl_ros2//scripts/ldlidar.rules
[0.735s] -- Up-to-date: /home/jd/jdamr_200_ros/install/ldlidar_sl_ros2/share/ldlidar_sl_ros2//scripts/create_udev_rules.sh
[0.736s] -- Up-to-date: /home/jd/jdamr_200_ros/install/ldlidar_sl_ros2/share/ldlidar_sl_ros2//scripts/delete_udev_rules.sh
[0.736s] -- Up-to-date: /home/jd/jdamr_200_ros/install/ldlidar_sl_ros2/share/ament_index/resource_index/package_run_dependencies/ldlidar_sl_ros2
[0.737s] -- Up-to-date: /home/jd/jdamr_200_ros/install/ldlidar_sl_ros2/share/ament_index/resource_index/parent_prefix_path/ldlidar_sl_ros2
[0.737s] -- Up-to-date: /home/jd/jdamr_200_ros/install/ldlidar_sl_ros2/share/ldlidar_sl_ros2/environment/ament_prefix_path.sh
[0.738s] -- Up-to-date: /home/jd/jdamr_200_ros/install/ldlidar_sl_ros2/share/ldlidar_sl_ros2/environment/ament_prefix_path.dsv
[0.738s] -- Up-to-date: /home/jd/jdamr_200_ros/install/ldlidar_sl_ros2/share/ldlidar_sl_ros2/environment/path.sh
[0.739s] -- Up-to-date: /home/jd/jdamr_200_ros/install/ldlidar_sl_ros2/share/ldlidar_sl_ros2/environment/path.dsv
[0.747s] -- Up-to-date: /home/jd/jdamr_200_ros/install/ldlidar_sl_ros2/share/ldlidar_sl_ros2/local_setup.bash
[0.750s] -- Up-to-date: /home/jd/jdamr_200_ros/install/ldlidar_sl_ros2/share/ldlidar_sl_ros2/local_setup.sh
[0.753s] -- Up-to-date: /home/jd/jdamr_200_ros/install/ldlidar_sl_ros2/share/ldlidar_sl_ros2/local_setup.zsh
[0.756s] -- Up-to-date: /home/jd/jdamr_200_ros/install/ldlidar_sl_ros2/share/ldlidar_sl_ros2/local_setup.dsv
[0.757s] -- Installing: /home/jd/jdamr_200_ros/install/ldlidar_sl_ros2/share/ldlidar_sl_ros2/package.dsv
[0.758s] -- Up-to-date: /home/jd/jdamr_200_ros/install/ldlidar_sl_ros2/share/ament_index/resource_index/packages/ldlidar_sl_ros2
[0.759s] -- Up-to-date: /home/jd/jdamr_200_ros/install/ldlidar_sl_ros2/share/ldlidar_sl_ros2/cmake/ldlidar_sl_ros2Config.cmake
[0.759s] -- Up-to-date: /home/jd/jdamr_200_ros/install/ldlidar_sl_ros2/share/ldlidar_sl_ros2/cmake/ldlidar_sl_ros2Config-version.cmake
[0.760s] -- Up-to-date: /home/jd/jdamr_200_ros/install/ldlidar_sl_ros2/share/ldlidar_sl_ros2/package.xml
[0.761s] Invoked command in '/home/jd/jdamr_200_ros/build/ldlidar_sl_ros2' returned '0': CMAKE_PREFIX_PATH=${CMAKE_PREFIX_PATH}:/home/jd/jdamr_200_ros/install/jdamr200_teleop:/home/jd/jdamr_200_ros/install/jdamr200_node:/home/jd/jdamr_200_ros/install/jdamr200_description:/home/jd/jdamr_200_ros/install/jdamr200_bringup:/opt/ros/humble /usr/bin/cmake --install /home/jd/jdamr_200_ros/build/ldlidar_sl_ros2
