[0.116s] Invoking command in '/home/jd/jdamr_200_ros/build/ldlidar_sl_ros2': CMAKE_PREFIX_PATH=${CMAKE_PREFIX_PATH}:/home/jd/jdamr_200_ros/install/jdamr200_teleop:/home/jd/jdamr_200_ros/install/jdamr200_node:/home/jd/jdamr_200_ros/install/jdamr200_description:/home/jd/jdamr_200_ros/install/jdamr200_bringup:/opt/ros/humble /usr/bin/cmake /home/jd/jdamr_200_ros/src/ldlidar_sl_ros2 -DCMAKE_INSTALL_PREFIX=/home/jd/jdamr_200_ros/install/ldlidar_sl_ros2
[0.843s] -- The C compiler identification is GNU 11.4.0
[1.450s] -- The CXX compiler identification is GNU 11.4.0
[1.488s] -- Detecting C compiler ABI info
[1.908s] -- Detecting C compiler ABI info - done
[1.936s] -- Check for working C compiler: /usr/bin/cc - skipped
[1.941s] -- Detecting C compile features
[1.944s] -- Detecting C compile features - done
[1.962s] -- Detecting CXX compiler ABI info
[2.565s] -- Detecting CXX compiler ABI info - done
[2.621s] -- Check for working CXX compiler: /usr/bin/c++ - skipped
[2.623s] -- Detecting CXX compile features
[2.624s] -- Detecting CXX compile features - done
[2.679s] -- Found ament_cmake: 1.3.10 (/opt/ros/humble/share/ament_cmake/cmake)
[3.882s] -- Found Python3: /usr/bin/python3 (found version "3.10.12") found components: Interpreter 
[4.610s] -- Found rclcpp: 16.0.10 (/opt/ros/humble/share/rclcpp/cmake)
[5.036s] -- Found rosidl_generator_c: 3.1.5 (/opt/ros/humble/share/rosidl_generator_c/cmake)
[5.089s] -- Found rosidl_adapter: 3.1.5 (/opt/ros/humble/share/rosidl_adapter/cmake)
[5.169s] -- Found rosidl_generator_cpp: 3.1.5 (/opt/ros/humble/share/rosidl_generator_cpp/cmake)
[5.261s] -- Using all available rosidl_typesupport_c: rosidl_typesupport_fastrtps_c;rosidl_typesupport_introspection_c
[5.381s] -- Using all available rosidl_typesupport_cpp: rosidl_typesupport_fastrtps_cpp;rosidl_typesupport_introspection_cpp
[5.731s] -- Found rmw_implementation_cmake: 6.1.2 (/opt/ros/humble/share/rmw_implementation_cmake/cmake)
[5.761s] -- Found rmw_fastrtps_cpp: 6.2.7 (/opt/ros/humble/share/rmw_fastrtps_cpp/cmake)
[6.490s] -- Found OpenSSL: /usr/lib/aarch64-linux-gnu/libcrypto.so (found version "3.0.2")  
[6.773s] -- Found FastRTPS: /opt/ros/humble/include  
[7.233s] -- Using RMW implementation 'rmw_fastrtps_cpp' as default
[7.331s] -- Looking for pthread.h
[7.720s] -- Looking for pthread.h - found
[7.723s] -- Performing Test CMAKE_HAVE_LIBC_PTHREAD
[8.110s] -- Performing Test CMAKE_HAVE_LIBC_PTHREAD - Success
[8.115s] -- Found Threads: TRUE  
[8.425s] -- Found sensor_msgs: 4.2.4 (/opt/ros/humble/share/sensor_msgs/cmake)
[8.602s] -- Found ament_lint_auto: 0.12.11 (/opt/ros/humble/share/ament_lint_auto/cmake)
[9.200s] -- Added test 'copyright' to check source files copyright and LICENSE
[9.251s] -- Added test 'cppcheck' to perform static code analysis on C / C++ code
[9.252s] -- Configured cppcheck include dirs: /home/jd/jdamr_200_ros/src/ldlidar_sl_ros2/include;/home/jd/jdamr_200_ros/src/ldlidar_sl_ros2/ldlidar_driver/include
[9.253s] -- Configured cppcheck exclude dirs and/or files: 
[9.306s] -- Added test 'cpplint' to check C / C++ code against the Google style
[9.306s] -- Configured cpplint exclude dirs and/or files: 
[9.314s] -- Added test 'flake8' to check Python code syntax and style conventions
[9.328s] -- Added test 'lint_cmake' to check CMake code style
[9.337s] -- Added test 'pep257' to check Python code against some of the docstring style conventions in PEP 257
[9.385s] -- Added test 'uncrustify' to check C / C++ code style
[9.386s] -- Configured uncrustify additional arguments: 
[9.394s] -- Added test 'xmllint' to check XML markup files
[9.402s] -- Configuring done
[9.485s] -- Generating done
[9.503s] -- Build files have been written to: /home/jd/jdamr_200_ros/build/ldlidar_sl_ros2
[9.548s] Invoked command in '/home/jd/jdamr_200_ros/build/ldlidar_sl_ros2' returned '0': CMAKE_PREFIX_PATH=${CMAKE_PREFIX_PATH}:/home/jd/jdamr_200_ros/install/jdamr200_teleop:/home/jd/jdamr_200_ros/install/jdamr200_node:/home/jd/jdamr_200_ros/install/jdamr200_description:/home/jd/jdamr_200_ros/install/jdamr200_bringup:/opt/ros/humble /usr/bin/cmake /home/jd/jdamr_200_ros/src/ldlidar_sl_ros2 -DCMAKE_INSTALL_PREFIX=/home/jd/jdamr_200_ros/install/ldlidar_sl_ros2
[9.560s] Invoking command in '/home/jd/jdamr_200_ros/build/ldlidar_sl_ros2': CMAKE_PREFIX_PATH=${CMAKE_PREFIX_PATH}:/home/jd/jdamr_200_ros/install/jdamr200_teleop:/home/jd/jdamr_200_ros/install/jdamr200_node:/home/jd/jdamr_200_ros/install/jdamr200_description:/home/jd/jdamr_200_ros/install/jdamr200_bringup:/opt/ros/humble /usr/bin/cmake --build /home/jd/jdamr_200_ros/build/ldlidar_sl_ros2 -- -j4 -l4
[9.803s] [ 12%] [32mBuilding CXX object CMakeFiles/ldlidar_sl_ros2_node.dir/src/demo.cpp.o[0m
[9.811s] [ 25%] [32mBuilding CXX object CMakeFiles/ldlidar_sl_ros2_node.dir/ldlidar_driver/src/ldlidar_driver.cpp.o[0m
[9.815s] [ 50%] [32mBuilding CXX object CMakeFiles/ldlidar_sl_ros2_node.dir/ldlidar_driver/src/lipkg.cpp.o[0m
[9.816s] [ 50%] [32mBuilding CXX object CMakeFiles/ldlidar_sl_ros2_node.dir/ldlidar_driver/src/log_module.cpp.o[0m
[12.614s] [ 62%] [32mBuilding CXX object CMakeFiles/ldlidar_sl_ros2_node.dir/ldlidar_driver/src/serial_interface_linux.cpp.o[0m
[18.077s] [ 75%] [32mBuilding CXX object CMakeFiles/ldlidar_sl_ros2_node.dir/ldlidar_driver/src/sl_transform.cpp.o[0m
[19.919s] [ 87%] [32mBuilding CXX object CMakeFiles/ldlidar_sl_ros2_node.dir/ldlidar_driver/src/slbf.cpp.o[0m
[43.985s] [100%] [32m[1mLinking CXX executable ldlidar_sl_ros2_node[0m
[45.813s] [100%] Built target ldlidar_sl_ros2_node
[45.877s] Invoked command in '/home/jd/jdamr_200_ros/build/ldlidar_sl_ros2' returned '0': CMAKE_PREFIX_PATH=${CMAKE_PREFIX_PATH}:/home/jd/jdamr_200_ros/install/jdamr200_teleop:/home/jd/jdamr_200_ros/install/jdamr200_node:/home/jd/jdamr_200_ros/install/jdamr200_description:/home/jd/jdamr_200_ros/install/jdamr200_bringup:/opt/ros/humble /usr/bin/cmake --build /home/jd/jdamr_200_ros/build/ldlidar_sl_ros2 -- -j4 -l4
[45.912s] Invoking command in '/home/jd/jdamr_200_ros/build/ldlidar_sl_ros2': CMAKE_PREFIX_PATH=${CMAKE_PREFIX_PATH}:/home/jd/jdamr_200_ros/install/jdamr200_teleop:/home/jd/jdamr_200_ros/install/jdamr200_node:/home/jd/jdamr_200_ros/install/jdamr200_description:/home/jd/jdamr_200_ros/install/jdamr200_bringup:/opt/ros/humble /usr/bin/cmake --install /home/jd/jdamr_200_ros/build/ldlidar_sl_ros2
[45.941s] -- Install configuration: ""
[45.942s] -- Installing: /home/jd/jdamr_200_ros/install/ldlidar_sl_ros2/lib/ldlidar_sl_ros2/ldlidar_sl_ros2_node
[45.955s] -- Set runtime path of "/home/jd/jdamr_200_ros/install/ldlidar_sl_ros2/lib/ldlidar_sl_ros2/ldlidar_sl_ros2_node" to ""
[45.956s] -- Installing: /home/jd/jdamr_200_ros/install/ldlidar_sl_ros2/share/ldlidar_sl_ros2//launch
[45.956s] -- Installing: /home/jd/jdamr_200_ros/install/ldlidar_sl_ros2/share/ldlidar_sl_ros2//launch/ld14p.launch.py
[45.957s] -- Installing: /home/jd/jdamr_200_ros/install/ldlidar_sl_ros2/share/ldlidar_sl_ros2//launch/ld14_remote.launch.py
[45.958s] -- Installing: /home/jd/jdamr_200_ros/install/ldlidar_sl_ros2/share/ldlidar_sl_ros2//launch/ld14.launch.py
[45.959s] -- Installing: /home/jd/jdamr_200_ros/install/ldlidar_sl_ros2/share/ldlidar_sl_ros2//launch/viewer_ld14.launch.py
[45.960s] -- Installing: /home/jd/jdamr_200_ros/install/ldlidar_sl_ros2/share/ldlidar_sl_ros2//launch/viewer_ld14p.launch.py
[45.961s] -- Installing: /home/jd/jdamr_200_ros/install/ldlidar_sl_ros2/share/ldlidar_sl_ros2//rviz2
[45.961s] -- Installing: /home/jd/jdamr_200_ros/install/ldlidar_sl_ros2/share/ldlidar_sl_ros2//rviz2/ldlidar.rviz
[45.962s] -- Installing: /home/jd/jdamr_200_ros/install/ldlidar_sl_ros2/share/ldlidar_sl_ros2//scripts
[45.963s] -- Installing: /home/jd/jdamr_200_ros/install/ldlidar_sl_ros2/share/ldlidar_sl_ros2//scripts/ldlidar.rules
[45.964s] -- Installing: /home/jd/jdamr_200_ros/install/ldlidar_sl_ros2/share/ldlidar_sl_ros2//scripts/create_udev_rules.sh
[45.965s] -- Installing: /home/jd/jdamr_200_ros/install/ldlidar_sl_ros2/share/ldlidar_sl_ros2//scripts/delete_udev_rules.sh
[45.967s] -- Installing: /home/jd/jdamr_200_ros/install/ldlidar_sl_ros2/share/ament_index/resource_index/package_run_dependencies/ldlidar_sl_ros2
[45.968s] -- Installing: /home/jd/jdamr_200_ros/install/ldlidar_sl_ros2/share/ament_index/resource_index/parent_prefix_path/ldlidar_sl_ros2
[45.970s] -- Installing: /home/jd/jdamr_200_ros/install/ldlidar_sl_ros2/share/ldlidar_sl_ros2/environment/ament_prefix_path.sh
[45.976s] -- Installing: /home/jd/jdamr_200_ros/install/ldlidar_sl_ros2/share/ldlidar_sl_ros2/environment/ament_prefix_path.dsv
[45.977s] -- Installing: /home/jd/jdamr_200_ros/install/ldlidar_sl_ros2/share/ldlidar_sl_ros2/environment/path.sh
[45.979s] -- Installing: /home/jd/jdamr_200_ros/install/ldlidar_sl_ros2/share/ldlidar_sl_ros2/environment/path.dsv
[45.981s] -- Installing: /home/jd/jdamr_200_ros/install/ldlidar_sl_ros2/share/ldlidar_sl_ros2/local_setup.bash
[45.983s] -- Installing: /home/jd/jdamr_200_ros/install/ldlidar_sl_ros2/share/ldlidar_sl_ros2/local_setup.sh
[45.985s] -- Installing: /home/jd/jdamr_200_ros/install/ldlidar_sl_ros2/share/ldlidar_sl_ros2/local_setup.zsh
[45.986s] -- Installing: /home/jd/jdamr_200_ros/install/ldlidar_sl_ros2/share/ldlidar_sl_ros2/local_setup.dsv
[45.989s] -- Installing: /home/jd/jdamr_200_ros/install/ldlidar_sl_ros2/share/ldlidar_sl_ros2/package.dsv
[45.990s] -- Installing: /home/jd/jdamr_200_ros/install/ldlidar_sl_ros2/share/ament_index/resource_index/packages/ldlidar_sl_ros2
[45.993s] -- Installing: /home/jd/jdamr_200_ros/install/ldlidar_sl_ros2/share/ldlidar_sl_ros2/cmake/ldlidar_sl_ros2Config.cmake
[45.994s] -- Installing: /home/jd/jdamr_200_ros/install/ldlidar_sl_ros2/share/ldlidar_sl_ros2/cmake/ldlidar_sl_ros2Config-version.cmake
[45.996s] -- Installing: /home/jd/jdamr_200_ros/install/ldlidar_sl_ros2/share/ldlidar_sl_ros2/package.xml
[46.013s] Invoked command in '/home/jd/jdamr_200_ros/build/ldlidar_sl_ros2' returned '0': CMAKE_PREFIX_PATH=${CMAKE_PREFIX_PATH}:/home/jd/jdamr_200_ros/install/jdamr200_teleop:/home/jd/jdamr_200_ros/install/jdamr200_node:/home/jd/jdamr_200_ros/install/jdamr200_description:/home/jd/jdamr_200_ros/install/jdamr200_bringup:/opt/ros/humble /usr/bin/cmake --install /home/jd/jdamr_200_ros/build/ldlidar_sl_ros2
