[7.030s] Invoking command in '/home/jd/jdamr_200_ros/src/jdamr200_description': PYTHONPATH=/home/jd/jdamr_200_ros/build/jdamr200_description/prefix_override:/usr/local/lib/python3.10/dist-packages/colcon_core/task/python/colcon_distutils_commands:/home/jd/jdamr_200_ros/install/jdamr200_description/lib/python3.10/site-packages:${PYTHONPATH} /usr/bin/python3 -W ignore:setup.py install is deprecated -W ignore:easy_install command is deprecated setup.py egg_info --egg-base ../../build/jdamr200_description build --build-base /home/jd/jdamr_200_ros/build/jdamr200_description/build install --record /home/jd/jdamr_200_ros/build/jdamr200_description/install.log --single-version-externally-managed install_data
[9.403s] running egg_info
[9.414s] writing ../../build/jdamr200_description/jdamr200_description.egg-info/PKG-INFO
[9.429s] writing dependency_links to ../../build/jdamr200_description/jdamr200_description.egg-info/dependency_links.txt
[9.437s] writing entry points to ../../build/jdamr200_description/jdamr200_description.egg-info/entry_points.txt
[9.446s] writing requirements to ../../build/jdamr200_description/jdamr200_description.egg-info/requires.txt
[9.452s] writing top-level names to ../../build/jdamr200_description/jdamr200_description.egg-info/top_level.txt
[9.480s] reading manifest file '../../build/jdamr200_description/jdamr200_description.egg-info/SOURCES.txt'
[9.495s] writing manifest file '../../build/jdamr200_description/jdamr200_description.egg-info/SOURCES.txt'
[9.498s] running build
[9.499s] running build_py
[9.501s] running install
[9.503s] running install_lib
[9.518s] running install_data
[9.522s] running install_egg_info
[9.546s] removing '/home/jd/jdamr_200_ros/install/jdamr200_description/lib/python3.10/site-packages/jdamr200_description-0.0.0-py3.10.egg-info' (and everything under it)
[9.547s] Copying ../../build/jdamr200_description/jdamr200_description.egg-info to /home/jd/jdamr_200_ros/install/jdamr200_description/lib/python3.10/site-packages/jdamr200_description-0.0.0-py3.10.egg-info
[9.571s] running install_scripts
[9.777s] writing list of installed files to '/home/jd/jdamr_200_ros/build/jdamr200_description/install.log'
[10.086s] Invoked command in '/home/jd/jdamr_200_ros/src/jdamr200_description' returned '0': PYTHONPATH=/home/jd/jdamr_200_ros/build/jdamr200_description/prefix_override:/usr/local/lib/python3.10/dist-packages/colcon_core/task/python/colcon_distutils_commands:/home/jd/jdamr_200_ros/install/jdamr200_description/lib/python3.10/site-packages:${PYTHONPATH} /usr/bin/python3 -W ignore:setup.py install is deprecated -W ignore:easy_install command is deprecated setup.py egg_info --egg-base ../../build/jdamr200_description build --build-base /home/jd/jdamr_200_ros/build/jdamr200_description/build install --record /home/jd/jdamr_200_ros/build/jdamr200_description/install.log --single-version-externally-managed install_data
