[0.849s] DEBUG:colcon:Command line arguments: ['/usr/local/bin/colcon', 'build']
[0.850s] DEBUG:colcon:Parsed command line arguments: Namespace(log_base=None, log_level=None, verb_name='build', build_base='build', install_base='install', merge_install=False, symlink_install=False, test_result_base=None, continue_on_error=False, executor='parallel', parallel_workers=4, event_handlers=None, ignore_user_meta=False, metas=['./colcon.meta'], base_paths=['.'], packages_ignore=None, packages_ignore_regex=None, paths=None, packages_up_to=None, packages_up_to_regex=None, packages_above=None, packages_above_and_dependencies=None, packages_above_depth=None, packages_select_by_dep=None, packages_skip_by_dep=None, packages_skip_up_to=None, packages_select_build_failed=False, packages_skip_build_finished=False, packages_select_test_failures=False, packages_skip_test_passed=False, packages_select=None, packages_skip=None, packages_select_regex=None, packages_skip_regex=None, packages_start=None, packages_end=None, cmake_args=None, cmake_target=None, cmake_target_skip_unavailable=False, cmake_clean_cache=False, cmake_clean_first=False, cmake_force_configure=False, ament_cmake_args=None, catkin_cmake_args=None, catkin_skip_building_tests=False, verb_parser=<colcon_defaults.argument_parser.defaults.DefaultArgumentsDecorator object at 0xffff8391ab60>, verb_extension=<colcon_core.verb.build.BuildVerb object at 0xffff83ad7f70>, main=<bound method BuildVerb.main of <colcon_core.verb.build.BuildVerb object at 0xffff83ad7f70>>)
[1.601s] Level 1:colcon.colcon_core.package_discovery:discover_packages(colcon_meta) check parameters
[1.601s] Level 1:colcon.colcon_core.package_discovery:discover_packages(recursive) check parameters
[1.601s] Level 1:colcon.colcon_core.package_discovery:discover_packages(ignore) check parameters
[1.602s] Level 1:colcon.colcon_core.package_discovery:discover_packages(path) check parameters
[1.602s] Level 1:colcon.colcon_core.package_discovery:discover_packages(colcon_meta) discover
[1.602s] Level 1:colcon.colcon_core.package_discovery:discover_packages(recursive) discover
[1.602s] INFO:colcon.colcon_core.package_discovery:Crawling recursively for packages in '/home/jd/jdamr_200_ros'
[1.603s] Level 1:colcon.colcon_core.package_identification:_identify(.) by extensions ['ignore', 'ignore_ament_install']
[1.603s] Level 1:colcon.colcon_core.package_identification:_identify(.) by extension 'ignore'
[1.603s] Level 1:colcon.colcon_core.package_identification:_identify(.) by extension 'ignore_ament_install'
[1.604s] Level 1:colcon.colcon_core.package_identification:_identify(.) by extensions ['colcon_pkg']
[1.604s] Level 1:colcon.colcon_core.package_identification:_identify(.) by extension 'colcon_pkg'
[1.604s] Level 1:colcon.colcon_core.package_identification:_identify(.) by extensions ['colcon_meta']
[1.604s] Level 1:colcon.colcon_core.package_identification:_identify(.) by extension 'colcon_meta'
[1.604s] Level 1:colcon.colcon_core.package_identification:_identify(.) by extensions ['ros']
[1.605s] Level 1:colcon.colcon_core.package_identification:_identify(.) by extension 'ros'
[1.659s] Level 1:colcon.colcon_core.package_identification:_identify(.) by extensions ['cmake', 'python']
[1.659s] Level 1:colcon.colcon_core.package_identification:_identify(.) by extension 'cmake'
[1.659s] Level 1:colcon.colcon_core.package_identification:_identify(.) by extension 'python'
[1.660s] Level 1:colcon.colcon_core.package_identification:_identify(.) by extensions ['python_setup_py']
[1.660s] Level 1:colcon.colcon_core.package_identification:_identify(.) by extension 'python_setup_py'
[1.660s] Level 1:colcon.colcon_core.package_identification:_identify(build) by extensions ['ignore', 'ignore_ament_install']
[1.661s] Level 1:colcon.colcon_core.package_identification:_identify(build) by extension 'ignore'
[1.661s] Level 1:colcon.colcon_core.package_identification:_identify(build) ignored
[1.662s] Level 1:colcon.colcon_core.package_identification:_identify(install) by extensions ['ignore', 'ignore_ament_install']
[1.662s] Level 1:colcon.colcon_core.package_identification:_identify(install) by extension 'ignore'
[1.662s] Level 1:colcon.colcon_core.package_identification:_identify(install) ignored
[1.663s] Level 1:colcon.colcon_core.package_identification:_identify(log) by extensions ['ignore', 'ignore_ament_install']
[1.663s] Level 1:colcon.colcon_core.package_identification:_identify(log) by extension 'ignore'
[1.663s] Level 1:colcon.colcon_core.package_identification:_identify(log) ignored
[1.664s] Level 1:colcon.colcon_core.package_identification:_identify(src) by extensions ['ignore', 'ignore_ament_install']
[1.664s] Level 1:colcon.colcon_core.package_identification:_identify(src) by extension 'ignore'
[1.664s] Level 1:colcon.colcon_core.package_identification:_identify(src) by extension 'ignore_ament_install'
[1.664s] Level 1:colcon.colcon_core.package_identification:_identify(src) by extensions ['colcon_pkg']
[1.664s] Level 1:colcon.colcon_core.package_identification:_identify(src) by extension 'colcon_pkg'
[1.665s] Level 1:colcon.colcon_core.package_identification:_identify(src) by extensions ['colcon_meta']
[1.665s] Level 1:colcon.colcon_core.package_identification:_identify(src) by extension 'colcon_meta'
[1.665s] Level 1:colcon.colcon_core.package_identification:_identify(src) by extensions ['ros']
[1.665s] Level 1:colcon.colcon_core.package_identification:_identify(src) by extension 'ros'
[1.665s] Level 1:colcon.colcon_core.package_identification:_identify(src) by extensions ['cmake', 'python']
[1.665s] Level 1:colcon.colcon_core.package_identification:_identify(src) by extension 'cmake'
[1.666s] Level 1:colcon.colcon_core.package_identification:_identify(src) by extension 'python'
[1.666s] Level 1:colcon.colcon_core.package_identification:_identify(src) by extensions ['python_setup_py']
[1.666s] Level 1:colcon.colcon_core.package_identification:_identify(src) by extension 'python_setup_py'
[1.666s] Level 1:colcon.colcon_core.package_identification:_identify(src/jdamr200_bringup) by extensions ['ignore', 'ignore_ament_install']
[1.667s] Level 1:colcon.colcon_core.package_identification:_identify(src/jdamr200_bringup) by extension 'ignore'
[1.667s] Level 1:colcon.colcon_core.package_identification:_identify(src/jdamr200_bringup) by extension 'ignore_ament_install'
[1.667s] Level 1:colcon.colcon_core.package_identification:_identify(src/jdamr200_bringup) by extensions ['colcon_pkg']
[1.667s] Level 1:colcon.colcon_core.package_identification:_identify(src/jdamr200_bringup) by extension 'colcon_pkg'
[1.667s] Level 1:colcon.colcon_core.package_identification:_identify(src/jdamr200_bringup) by extensions ['colcon_meta']
[1.668s] Level 1:colcon.colcon_core.package_identification:_identify(src/jdamr200_bringup) by extension 'colcon_meta'
[1.668s] Level 1:colcon.colcon_core.package_identification:_identify(src/jdamr200_bringup) by extensions ['ros']
[1.668s] Level 1:colcon.colcon_core.package_identification:_identify(src/jdamr200_bringup) by extension 'ros'
[1.684s] DEBUG:colcon.colcon_core.package_identification:Package 'src/jdamr200_bringup' with type 'ros.ament_python' and name 'jdamr200_bringup'
[1.685s] Level 1:colcon.colcon_core.package_identification:_identify(src/jdamr200_cartographer) by extensions ['ignore', 'ignore_ament_install']
[1.685s] Level 1:colcon.colcon_core.package_identification:_identify(src/jdamr200_cartographer) by extension 'ignore'
[1.686s] Level 1:colcon.colcon_core.package_identification:_identify(src/jdamr200_cartographer) by extension 'ignore_ament_install'
[1.686s] Level 1:colcon.colcon_core.package_identification:_identify(src/jdamr200_cartographer) by extensions ['colcon_pkg']
[1.686s] Level 1:colcon.colcon_core.package_identification:_identify(src/jdamr200_cartographer) by extension 'colcon_pkg'
[1.686s] Level 1:colcon.colcon_core.package_identification:_identify(src/jdamr200_cartographer) by extensions ['colcon_meta']
[1.687s] Level 1:colcon.colcon_core.package_identification:_identify(src/jdamr200_cartographer) by extension 'colcon_meta'
[1.687s] Level 1:colcon.colcon_core.package_identification:_identify(src/jdamr200_cartographer) by extensions ['ros']
[1.687s] Level 1:colcon.colcon_core.package_identification:_identify(src/jdamr200_cartographer) by extension 'ros'
[1.690s] DEBUG:colcon.colcon_core.package_identification:Package 'src/jdamr200_cartographer' with type 'ros.ament_cmake' and name 'jdamr200_cartographer'
[1.691s] Level 1:colcon.colcon_core.package_identification:_identify(src/jdamr200_description) by extensions ['ignore', 'ignore_ament_install']
[1.691s] Level 1:colcon.colcon_core.package_identification:_identify(src/jdamr200_description) by extension 'ignore'
[1.692s] Level 1:colcon.colcon_core.package_identification:_identify(src/jdamr200_description) by extension 'ignore_ament_install'
[1.692s] Level 1:colcon.colcon_core.package_identification:_identify(src/jdamr200_description) by extensions ['colcon_pkg']
[1.692s] Level 1:colcon.colcon_core.package_identification:_identify(src/jdamr200_description) by extension 'colcon_pkg'
[1.692s] Level 1:colcon.colcon_core.package_identification:_identify(src/jdamr200_description) by extensions ['colcon_meta']
[1.692s] Level 1:colcon.colcon_core.package_identification:_identify(src/jdamr200_description) by extension 'colcon_meta'
[1.693s] Level 1:colcon.colcon_core.package_identification:_identify(src/jdamr200_description) by extensions ['ros']
[1.693s] Level 1:colcon.colcon_core.package_identification:_identify(src/jdamr200_description) by extension 'ros'
[1.696s] DEBUG:colcon.colcon_core.package_identification:Package 'src/jdamr200_description' with type 'ros.ament_python' and name 'jdamr200_description'
[1.696s] Level 1:colcon.colcon_core.package_identification:_identify(src/jdamr200_node) by extensions ['ignore', 'ignore_ament_install']
[1.697s] Level 1:colcon.colcon_core.package_identification:_identify(src/jdamr200_node) by extension 'ignore'
[1.697s] Level 1:colcon.colcon_core.package_identification:_identify(src/jdamr200_node) by extension 'ignore_ament_install'
[1.697s] Level 1:colcon.colcon_core.package_identification:_identify(src/jdamr200_node) by extensions ['colcon_pkg']
[1.697s] Level 1:colcon.colcon_core.package_identification:_identify(src/jdamr200_node) by extension 'colcon_pkg'
[1.698s] Level 1:colcon.colcon_core.package_identification:_identify(src/jdamr200_node) by extensions ['colcon_meta']
[1.698s] Level 1:colcon.colcon_core.package_identification:_identify(src/jdamr200_node) by extension 'colcon_meta'
[1.698s] Level 1:colcon.colcon_core.package_identification:_identify(src/jdamr200_node) by extensions ['ros']
[1.698s] Level 1:colcon.colcon_core.package_identification:_identify(src/jdamr200_node) by extension 'ros'
[1.701s] DEBUG:colcon.colcon_core.package_identification:Package 'src/jdamr200_node' with type 'ros.ament_python' and name 'jdamr200_node'
[1.702s] Level 1:colcon.colcon_core.package_identification:_identify(src/jdamr200_teleop) by extensions ['ignore', 'ignore_ament_install']
[1.702s] Level 1:colcon.colcon_core.package_identification:_identify(src/jdamr200_teleop) by extension 'ignore'
[1.703s] Level 1:colcon.colcon_core.package_identification:_identify(src/jdamr200_teleop) by extension 'ignore_ament_install'
[1.703s] Level 1:colcon.colcon_core.package_identification:_identify(src/jdamr200_teleop) by extensions ['colcon_pkg']
[1.703s] Level 1:colcon.colcon_core.package_identification:_identify(src/jdamr200_teleop) by extension 'colcon_pkg'
[1.703s] Level 1:colcon.colcon_core.package_identification:_identify(src/jdamr200_teleop) by extensions ['colcon_meta']
[1.703s] Level 1:colcon.colcon_core.package_identification:_identify(src/jdamr200_teleop) by extension 'colcon_meta'
[1.704s] Level 1:colcon.colcon_core.package_identification:_identify(src/jdamr200_teleop) by extensions ['ros']
[1.704s] Level 1:colcon.colcon_core.package_identification:_identify(src/jdamr200_teleop) by extension 'ros'
[1.706s] DEBUG:colcon.colcon_core.package_identification:Package 'src/jdamr200_teleop' with type 'ros.ament_python' and name 'jdamr200_teleop'
[1.707s] Level 1:colcon.colcon_core.package_identification:_identify(src/ldlidar_sl_ros2) by extensions ['ignore', 'ignore_ament_install']
[1.708s] Level 1:colcon.colcon_core.package_identification:_identify(src/ldlidar_sl_ros2) by extension 'ignore'
[1.708s] Level 1:colcon.colcon_core.package_identification:_identify(src/ldlidar_sl_ros2) by extension 'ignore_ament_install'
[1.708s] Level 1:colcon.colcon_core.package_identification:_identify(src/ldlidar_sl_ros2) by extensions ['colcon_pkg']
[1.708s] Level 1:colcon.colcon_core.package_identification:_identify(src/ldlidar_sl_ros2) by extension 'colcon_pkg'
[1.708s] Level 1:colcon.colcon_core.package_identification:_identify(src/ldlidar_sl_ros2) by extensions ['colcon_meta']
[1.709s] Level 1:colcon.colcon_core.package_identification:_identify(src/ldlidar_sl_ros2) by extension 'colcon_meta'
[1.709s] Level 1:colcon.colcon_core.package_identification:_identify(src/ldlidar_sl_ros2) by extensions ['ros']
[1.709s] Level 1:colcon.colcon_core.package_identification:_identify(src/ldlidar_sl_ros2) by extension 'ros'
[1.712s] DEBUG:colcon.colcon_core.package_identification:Package 'src/ldlidar_sl_ros2' with type 'ros.ament_cmake' and name 'ldlidar_sl_ros2'
[1.712s] Level 1:colcon.colcon_core.package_discovery:discover_packages(recursive) using defaults
[1.712s] Level 1:colcon.colcon_core.package_discovery:discover_packages(ignore) discover
[1.713s] Level 1:colcon.colcon_core.package_discovery:discover_packages(ignore) using defaults
[1.713s] Level 1:colcon.colcon_core.package_discovery:discover_packages(path) discover
[1.713s] Level 1:colcon.colcon_core.package_discovery:discover_packages(path) using defaults
[1.830s] Level 5:colcon.colcon_core.verb:set package 'jdamr200_bringup' build argument 'cmake_args' from command line to 'None'
[1.830s] Level 5:colcon.colcon_core.verb:set package 'jdamr200_bringup' build argument 'cmake_target' from command line to 'None'
[1.830s] Level 5:colcon.colcon_core.verb:set package 'jdamr200_bringup' build argument 'cmake_target_skip_unavailable' from command line to 'False'
[1.830s] Level 5:colcon.colcon_core.verb:set package 'jdamr200_bringup' build argument 'cmake_clean_cache' from command line to 'False'
[1.831s] Level 5:colcon.colcon_core.verb:set package 'jdamr200_bringup' build argument 'cmake_clean_first' from command line to 'False'
[1.831s] Level 5:colcon.colcon_core.verb:set package 'jdamr200_bringup' build argument 'cmake_force_configure' from command line to 'False'
[1.831s] Level 5:colcon.colcon_core.verb:set package 'jdamr200_bringup' build argument 'ament_cmake_args' from command line to 'None'
[1.831s] Level 5:colcon.colcon_core.verb:set package 'jdamr200_bringup' build argument 'catkin_cmake_args' from command line to 'None'
[1.831s] Level 5:colcon.colcon_core.verb:set package 'jdamr200_bringup' build argument 'catkin_skip_building_tests' from command line to 'False'
[1.831s] DEBUG:colcon.colcon_core.verb:Building package 'jdamr200_bringup' with the following arguments: {'ament_cmake_args': None, 'build_base': '/home/jd/jdamr_200_ros/build/jdamr200_bringup', 'catkin_cmake_args': None, 'catkin_skip_building_tests': False, 'cmake_args': None, 'cmake_clean_cache': False, 'cmake_clean_first': False, 'cmake_force_configure': False, 'cmake_target': None, 'cmake_target_skip_unavailable': False, 'install_base': '/home/jd/jdamr_200_ros/install/jdamr200_bringup', 'merge_install': False, 'path': '/home/jd/jdamr_200_ros/src/jdamr200_bringup', 'symlink_install': False, 'test_result_base': None}
[1.833s] Level 5:colcon.colcon_core.verb:set package 'jdamr200_cartographer' build argument 'cmake_args' from command line to 'None'
[1.833s] Level 5:colcon.colcon_core.verb:set package 'jdamr200_cartographer' build argument 'cmake_target' from command line to 'None'
[1.833s] Level 5:colcon.colcon_core.verb:set package 'jdamr200_cartographer' build argument 'cmake_target_skip_unavailable' from command line to 'False'
[1.833s] Level 5:colcon.colcon_core.verb:set package 'jdamr200_cartographer' build argument 'cmake_clean_cache' from command line to 'False'
[1.833s] Level 5:colcon.colcon_core.verb:set package 'jdamr200_cartographer' build argument 'cmake_clean_first' from command line to 'False'
[1.833s] Level 5:colcon.colcon_core.verb:set package 'jdamr200_cartographer' build argument 'cmake_force_configure' from command line to 'False'
[1.834s] Level 5:colcon.colcon_core.verb:set package 'jdamr200_cartographer' build argument 'ament_cmake_args' from command line to 'None'
[1.834s] Level 5:colcon.colcon_core.verb:set package 'jdamr200_cartographer' build argument 'catkin_cmake_args' from command line to 'None'
[1.834s] Level 5:colcon.colcon_core.verb:set package 'jdamr200_cartographer' build argument 'catkin_skip_building_tests' from command line to 'False'
[1.834s] DEBUG:colcon.colcon_core.verb:Building package 'jdamr200_cartographer' with the following arguments: {'ament_cmake_args': None, 'build_base': '/home/jd/jdamr_200_ros/build/jdamr200_cartographer', 'catkin_cmake_args': None, 'catkin_skip_building_tests': False, 'cmake_args': None, 'cmake_clean_cache': False, 'cmake_clean_first': False, 'cmake_force_configure': False, 'cmake_target': None, 'cmake_target_skip_unavailable': False, 'install_base': '/home/jd/jdamr_200_ros/install/jdamr200_cartographer', 'merge_install': False, 'path': '/home/jd/jdamr_200_ros/src/jdamr200_cartographer', 'symlink_install': False, 'test_result_base': None}
[1.835s] Level 5:colcon.colcon_core.verb:set package 'jdamr200_description' build argument 'cmake_args' from command line to 'None'
[1.836s] Level 5:colcon.colcon_core.verb:set package 'jdamr200_description' build argument 'cmake_target' from command line to 'None'
[1.836s] Level 5:colcon.colcon_core.verb:set package 'jdamr200_description' build argument 'cmake_target_skip_unavailable' from command line to 'False'
[1.836s] Level 5:colcon.colcon_core.verb:set package 'jdamr200_description' build argument 'cmake_clean_cache' from command line to 'False'
[1.836s] Level 5:colcon.colcon_core.verb:set package 'jdamr200_description' build argument 'cmake_clean_first' from command line to 'False'
[1.836s] Level 5:colcon.colcon_core.verb:set package 'jdamr200_description' build argument 'cmake_force_configure' from command line to 'False'
[1.836s] Level 5:colcon.colcon_core.verb:set package 'jdamr200_description' build argument 'ament_cmake_args' from command line to 'None'
[1.836s] Level 5:colcon.colcon_core.verb:set package 'jdamr200_description' build argument 'catkin_cmake_args' from command line to 'None'
[1.836s] Level 5:colcon.colcon_core.verb:set package 'jdamr200_description' build argument 'catkin_skip_building_tests' from command line to 'False'
[1.837s] DEBUG:colcon.colcon_core.verb:Building package 'jdamr200_description' with the following arguments: {'ament_cmake_args': None, 'build_base': '/home/jd/jdamr_200_ros/build/jdamr200_description', 'catkin_cmake_args': None, 'catkin_skip_building_tests': False, 'cmake_args': None, 'cmake_clean_cache': False, 'cmake_clean_first': False, 'cmake_force_configure': False, 'cmake_target': None, 'cmake_target_skip_unavailable': False, 'install_base': '/home/jd/jdamr_200_ros/install/jdamr200_description', 'merge_install': False, 'path': '/home/jd/jdamr_200_ros/src/jdamr200_description', 'symlink_install': False, 'test_result_base': None}
[1.838s] Level 5:colcon.colcon_core.verb:set package 'jdamr200_node' build argument 'cmake_args' from command line to 'None'
[1.838s] Level 5:colcon.colcon_core.verb:set package 'jdamr200_node' build argument 'cmake_target' from command line to 'None'
[1.839s] Level 5:colcon.colcon_core.verb:set package 'jdamr200_node' build argument 'cmake_target_skip_unavailable' from command line to 'False'
[1.839s] Level 5:colcon.colcon_core.verb:set package 'jdamr200_node' build argument 'cmake_clean_cache' from command line to 'False'
[1.839s] Level 5:colcon.colcon_core.verb:set package 'jdamr200_node' build argument 'cmake_clean_first' from command line to 'False'
[1.839s] Level 5:colcon.colcon_core.verb:set package 'jdamr200_node' build argument 'cmake_force_configure' from command line to 'False'
[1.839s] Level 5:colcon.colcon_core.verb:set package 'jdamr200_node' build argument 'ament_cmake_args' from command line to 'None'
[1.839s] Level 5:colcon.colcon_core.verb:set package 'jdamr200_node' build argument 'catkin_cmake_args' from command line to 'None'
[1.839s] Level 5:colcon.colcon_core.verb:set package 'jdamr200_node' build argument 'catkin_skip_building_tests' from command line to 'False'
[1.839s] DEBUG:colcon.colcon_core.verb:Building package 'jdamr200_node' with the following arguments: {'ament_cmake_args': None, 'build_base': '/home/jd/jdamr_200_ros/build/jdamr200_node', 'catkin_cmake_args': None, 'catkin_skip_building_tests': False, 'cmake_args': None, 'cmake_clean_cache': False, 'cmake_clean_first': False, 'cmake_force_configure': False, 'cmake_target': None, 'cmake_target_skip_unavailable': False, 'install_base': '/home/jd/jdamr_200_ros/install/jdamr200_node', 'merge_install': False, 'path': '/home/jd/jdamr_200_ros/src/jdamr200_node', 'symlink_install': False, 'test_result_base': None}
[1.841s] Level 5:colcon.colcon_core.verb:set package 'jdamr200_teleop' build argument 'cmake_args' from command line to 'None'
[1.841s] Level 5:colcon.colcon_core.verb:set package 'jdamr200_teleop' build argument 'cmake_target' from command line to 'None'
[1.841s] Level 5:colcon.colcon_core.verb:set package 'jdamr200_teleop' build argument 'cmake_target_skip_unavailable' from command line to 'False'
[1.841s] Level 5:colcon.colcon_core.verb:set package 'jdamr200_teleop' build argument 'cmake_clean_cache' from command line to 'False'
[1.841s] Level 5:colcon.colcon_core.verb:set package 'jdamr200_teleop' build argument 'cmake_clean_first' from command line to 'False'
[1.842s] Level 5:colcon.colcon_core.verb:set package 'jdamr200_teleop' build argument 'cmake_force_configure' from command line to 'False'
[1.842s] Level 5:colcon.colcon_core.verb:set package 'jdamr200_teleop' build argument 'ament_cmake_args' from command line to 'None'
[1.842s] Level 5:colcon.colcon_core.verb:set package 'jdamr200_teleop' build argument 'catkin_cmake_args' from command line to 'None'
[1.842s] Level 5:colcon.colcon_core.verb:set package 'jdamr200_teleop' build argument 'catkin_skip_building_tests' from command line to 'False'
[1.842s] DEBUG:colcon.colcon_core.verb:Building package 'jdamr200_teleop' with the following arguments: {'ament_cmake_args': None, 'build_base': '/home/jd/jdamr_200_ros/build/jdamr200_teleop', 'catkin_cmake_args': None, 'catkin_skip_building_tests': False, 'cmake_args': None, 'cmake_clean_cache': False, 'cmake_clean_first': False, 'cmake_force_configure': False, 'cmake_target': None, 'cmake_target_skip_unavailable': False, 'install_base': '/home/jd/jdamr_200_ros/install/jdamr200_teleop', 'merge_install': False, 'path': '/home/jd/jdamr_200_ros/src/jdamr200_teleop', 'symlink_install': False, 'test_result_base': None}
[1.843s] Level 5:colcon.colcon_core.verb:set package 'ldlidar_sl_ros2' build argument 'cmake_args' from command line to 'None'
[1.844s] Level 5:colcon.colcon_core.verb:set package 'ldlidar_sl_ros2' build argument 'cmake_target' from command line to 'None'
[1.844s] Level 5:colcon.colcon_core.verb:set package 'ldlidar_sl_ros2' build argument 'cmake_target_skip_unavailable' from command line to 'False'
[1.844s] Level 5:colcon.colcon_core.verb:set package 'ldlidar_sl_ros2' build argument 'cmake_clean_cache' from command line to 'False'
[1.844s] Level 5:colcon.colcon_core.verb:set package 'ldlidar_sl_ros2' build argument 'cmake_clean_first' from command line to 'False'
[1.844s] Level 5:colcon.colcon_core.verb:set package 'ldlidar_sl_ros2' build argument 'cmake_force_configure' from command line to 'False'
[1.844s] Level 5:colcon.colcon_core.verb:set package 'ldlidar_sl_ros2' build argument 'ament_cmake_args' from command line to 'None'
[1.844s] Level 5:colcon.colcon_core.verb:set package 'ldlidar_sl_ros2' build argument 'catkin_cmake_args' from command line to 'None'
[1.844s] Level 5:colcon.colcon_core.verb:set package 'ldlidar_sl_ros2' build argument 'catkin_skip_building_tests' from command line to 'False'
[1.844s] DEBUG:colcon.colcon_core.verb:Building package 'ldlidar_sl_ros2' with the following arguments: {'ament_cmake_args': None, 'build_base': '/home/jd/jdamr_200_ros/build/ldlidar_sl_ros2', 'catkin_cmake_args': None, 'catkin_skip_building_tests': False, 'cmake_args': None, 'cmake_clean_cache': False, 'cmake_clean_first': False, 'cmake_force_configure': False, 'cmake_target': None, 'cmake_target_skip_unavailable': False, 'install_base': '/home/jd/jdamr_200_ros/install/ldlidar_sl_ros2', 'merge_install': False, 'path': '/home/jd/jdamr_200_ros/src/ldlidar_sl_ros2', 'symlink_install': False, 'test_result_base': None}
[1.845s] INFO:colcon.colcon_core.executor:Executing jobs using 'parallel' executor
[1.849s] DEBUG:colcon.colcon_parallel_executor.executor.parallel:run_until_complete
[1.850s] INFO:colcon.colcon_ros.task.ament_python.build:Building ROS package in '/home/jd/jdamr_200_ros/src/jdamr200_bringup' with build type 'ament_python'
[1.851s] Level 1:colcon.colcon_core.shell:create_environment_hook('jdamr200_bringup', 'ament_prefix_path')
[1.872s] INFO:colcon.colcon_core.plugin_system:Skipping extension 'colcon_core.shell.bat': Not used on non-Windows systems
[1.874s] INFO:colcon.colcon_core.shell:Creating environment hook '/home/jd/jdamr_200_ros/install/jdamr200_bringup/share/jdamr200_bringup/hook/ament_prefix_path.ps1'
[1.877s] INFO:colcon.colcon_core.shell:Creating environment descriptor '/home/jd/jdamr_200_ros/install/jdamr200_bringup/share/jdamr200_bringup/hook/ament_prefix_path.dsv'
[1.880s] INFO:colcon.colcon_core.shell:Creating environment hook '/home/jd/jdamr_200_ros/install/jdamr200_bringup/share/jdamr200_bringup/hook/ament_prefix_path.sh'
[1.884s] INFO:colcon.colcon_core.shell:Skip shell extension 'powershell' for command environment: Not usable outside of PowerShell
[1.884s] DEBUG:colcon.colcon_core.shell:Skip shell extension 'dsv' for command environment
[1.918s] INFO:colcon.colcon_ros.task.ament_cmake.build:Building ROS package in '/home/jd/jdamr_200_ros/src/jdamr200_cartographer' with build type 'ament_cmake'
[1.918s] INFO:colcon.colcon_cmake.task.cmake.build:Building CMake package in '/home/jd/jdamr_200_ros/src/jdamr200_cartographer'
[1.920s] INFO:colcon.colcon_core.shell:Skip shell extension 'powershell' for command environment: Not usable outside of PowerShell
[1.920s] DEBUG:colcon.colcon_core.shell:Skip shell extension 'dsv' for command environment
[1.943s] INFO:colcon.colcon_ros.task.ament_python.build:Building ROS package in '/home/jd/jdamr_200_ros/src/jdamr200_description' with build type 'ament_python'
[1.943s] Level 1:colcon.colcon_core.shell:create_environment_hook('jdamr200_description', 'ament_prefix_path')
[1.945s] INFO:colcon.colcon_core.shell:Creating environment hook '/home/jd/jdamr_200_ros/install/jdamr200_description/share/jdamr200_description/hook/ament_prefix_path.ps1'
[1.947s] INFO:colcon.colcon_core.shell:Creating environment descriptor '/home/jd/jdamr_200_ros/install/jdamr200_description/share/jdamr200_description/hook/ament_prefix_path.dsv'
[1.950s] INFO:colcon.colcon_core.shell:Creating environment hook '/home/jd/jdamr_200_ros/install/jdamr200_description/share/jdamr200_description/hook/ament_prefix_path.sh'
[1.954s] INFO:colcon.colcon_core.shell:Skip shell extension 'powershell' for command environment: Not usable outside of PowerShell
[1.954s] DEBUG:colcon.colcon_core.shell:Skip shell extension 'dsv' for command environment
[1.975s] INFO:colcon.colcon_ros.task.ament_python.build:Building ROS package in '/home/jd/jdamr_200_ros/src/jdamr200_node' with build type 'ament_python'
[1.975s] Level 1:colcon.colcon_core.shell:create_environment_hook('jdamr200_node', 'ament_prefix_path')
[1.977s] INFO:colcon.colcon_core.shell:Creating environment hook '/home/jd/jdamr_200_ros/install/jdamr200_node/share/jdamr200_node/hook/ament_prefix_path.ps1'
[1.979s] INFO:colcon.colcon_core.shell:Creating environment descriptor '/home/jd/jdamr_200_ros/install/jdamr200_node/share/jdamr200_node/hook/ament_prefix_path.dsv'
[1.981s] INFO:colcon.colcon_core.shell:Creating environment hook '/home/jd/jdamr_200_ros/install/jdamr200_node/share/jdamr200_node/hook/ament_prefix_path.sh'
[1.985s] INFO:colcon.colcon_core.shell:Skip shell extension 'powershell' for command environment: Not usable outside of PowerShell
[1.985s] DEBUG:colcon.colcon_core.shell:Skip shell extension 'dsv' for command environment
[3.498s] INFO:colcon.colcon_core.task.python.build:Building Python package in '/home/jd/jdamr_200_ros/src/jdamr200_bringup'
[3.500s] INFO:colcon.colcon_core.shell:Skip shell extension 'powershell' for command environment: Not usable outside of PowerShell
[3.500s] DEBUG:colcon.colcon_core.shell:Skip shell extension 'dsv' for command environment
[3.540s] DEBUG:colcon.colcon_core.event_handler.log_command:Invoking command in '/home/jd/jdamr_200_ros/build/jdamr200_cartographer': CMAKE_PREFIX_PATH=${CMAKE_PREFIX_PATH}:/home/jd/jdamr_200_ros/install/jdamr200_teleop:/home/jd/jdamr_200_ros/install/jdamr200_node:/home/jd/jdamr_200_ros/install/jdamr200_description:/home/jd/jdamr_200_ros/install/jdamr200_bringup:/opt/ros/humble /usr/bin/cmake --build /home/jd/jdamr_200_ros/build/jdamr200_cartographer -- -j4 -l4
[4.836s] INFO:colcon.colcon_core.task.python.build:Building Python package in '/home/jd/jdamr_200_ros/src/jdamr200_description'
[4.837s] INFO:colcon.colcon_core.shell:Skip shell extension 'powershell' for command environment: Not usable outside of PowerShell
[4.837s] DEBUG:colcon.colcon_core.shell:Skip shell extension 'dsv' for command environment
[6.107s] INFO:colcon.colcon_core.task.python.build:Building Python package in '/home/jd/jdamr_200_ros/src/jdamr200_node'
[6.108s] INFO:colcon.colcon_core.shell:Skip shell extension 'powershell' for command environment: Not usable outside of PowerShell
[6.108s] DEBUG:colcon.colcon_core.shell:Skip shell extension 'dsv' for command environment
[6.137s] DEBUG:colcon.colcon_core.event_handler.log_command:Invoked command in '/home/jd/jdamr_200_ros/build/jdamr200_cartographer' returned '0': CMAKE_PREFIX_PATH=${CMAKE_PREFIX_PATH}:/home/jd/jdamr_200_ros/install/jdamr200_teleop:/home/jd/jdamr_200_ros/install/jdamr200_node:/home/jd/jdamr_200_ros/install/jdamr200_description:/home/jd/jdamr_200_ros/install/jdamr200_bringup:/opt/ros/humble /usr/bin/cmake --build /home/jd/jdamr_200_ros/build/jdamr200_cartographer -- -j4 -l4
[6.184s] DEBUG:colcon.colcon_core.event_handler.log_command:Invoking command in '/home/jd/jdamr_200_ros/build/jdamr200_cartographer': CMAKE_PREFIX_PATH=${CMAKE_PREFIX_PATH}:/home/jd/jdamr_200_ros/install/jdamr200_teleop:/home/jd/jdamr_200_ros/install/jdamr200_node:/home/jd/jdamr_200_ros/install/jdamr200_description:/home/jd/jdamr_200_ros/install/jdamr200_bringup:/opt/ros/humble /usr/bin/cmake --install /home/jd/jdamr_200_ros/build/jdamr200_cartographer
[6.273s] Level 1:colcon.colcon_core.environment:create_environment_scripts_only(jdamr200_cartographer)
[6.276s] DEBUG:colcon.colcon_core.event_handler.log_command:Invoked command in '/home/jd/jdamr_200_ros/build/jdamr200_cartographer' returned '0': CMAKE_PREFIX_PATH=${CMAKE_PREFIX_PATH}:/home/jd/jdamr_200_ros/install/jdamr200_teleop:/home/jd/jdamr_200_ros/install/jdamr200_node:/home/jd/jdamr_200_ros/install/jdamr200_description:/home/jd/jdamr_200_ros/install/jdamr200_bringup:/opt/ros/humble /usr/bin/cmake --install /home/jd/jdamr_200_ros/build/jdamr200_cartographer
[6.311s] Level 1:colcon.colcon_core.environment:checking '/home/jd/jdamr_200_ros/install/jdamr200_cartographer' for CMake module files
[6.316s] Level 1:colcon.colcon_core.environment:checking '/home/jd/jdamr_200_ros/install/jdamr200_cartographer' for CMake config files
[6.319s] Level 1:colcon.colcon_core.shell:create_environment_hook('jdamr200_cartographer', 'cmake_prefix_path')
[6.320s] INFO:colcon.colcon_core.shell:Creating environment hook '/home/jd/jdamr_200_ros/install/jdamr200_cartographer/share/jdamr200_cartographer/hook/cmake_prefix_path.ps1'
[6.326s] INFO:colcon.colcon_core.shell:Creating environment descriptor '/home/jd/jdamr_200_ros/install/jdamr200_cartographer/share/jdamr200_cartographer/hook/cmake_prefix_path.dsv'
[6.336s] INFO:colcon.colcon_core.shell:Creating environment hook '/home/jd/jdamr_200_ros/install/jdamr200_cartographer/share/jdamr200_cartographer/hook/cmake_prefix_path.sh'
[6.342s] Level 1:colcon.colcon_core.environment:checking '/home/jd/jdamr_200_ros/install/jdamr200_cartographer/bin'
[6.343s] Level 1:colcon.colcon_core.environment:checking '/home/jd/jdamr_200_ros/install/jdamr200_cartographer/lib/pkgconfig/jdamr200_cartographer.pc'
[6.344s] Level 1:colcon.colcon_core.environment:checking '/home/jd/jdamr_200_ros/install/jdamr200_cartographer/lib/python3.10/site-packages'
[6.346s] Level 1:colcon.colcon_core.environment:checking '/home/jd/jdamr_200_ros/install/jdamr200_cartographer/bin'
[6.347s] INFO:colcon.colcon_core.shell:Creating package script '/home/jd/jdamr_200_ros/install/jdamr200_cartographer/share/jdamr200_cartographer/package.ps1'
[6.352s] INFO:colcon.colcon_core.shell:Creating package descriptor '/home/jd/jdamr_200_ros/install/jdamr200_cartographer/share/jdamr200_cartographer/package.dsv'
[6.356s] INFO:colcon.colcon_core.shell:Creating package script '/home/jd/jdamr_200_ros/install/jdamr200_cartographer/share/jdamr200_cartographer/package.sh'
[6.362s] INFO:colcon.colcon_core.shell:Creating package script '/home/jd/jdamr_200_ros/install/jdamr200_cartographer/share/jdamr200_cartographer/package.bash'
[6.368s] INFO:colcon.colcon_core.shell:Creating package script '/home/jd/jdamr_200_ros/install/jdamr200_cartographer/share/jdamr200_cartographer/package.zsh'
[6.372s] Level 1:colcon.colcon_core.environment:create_file_with_runtime_dependencies(/home/jd/jdamr_200_ros/install/jdamr200_cartographer/share/colcon-core/packages/jdamr200_cartographer)
[6.377s] Level 1:colcon.colcon_core.environment:create_environment_scripts_only(jdamr200_cartographer)
[6.378s] Level 1:colcon.colcon_core.environment:checking '/home/jd/jdamr_200_ros/install/jdamr200_cartographer' for CMake module files
[6.383s] Level 1:colcon.colcon_core.environment:checking '/home/jd/jdamr_200_ros/install/jdamr200_cartographer' for CMake config files
[6.386s] Level 1:colcon.colcon_core.shell:create_environment_hook('jdamr200_cartographer', 'cmake_prefix_path')
[6.388s] INFO:colcon.colcon_core.shell:Creating environment hook '/home/jd/jdamr_200_ros/install/jdamr200_cartographer/share/jdamr200_cartographer/hook/cmake_prefix_path.ps1'
[6.392s] INFO:colcon.colcon_core.shell:Creating environment descriptor '/home/jd/jdamr_200_ros/install/jdamr200_cartographer/share/jdamr200_cartographer/hook/cmake_prefix_path.dsv'
[6.395s] INFO:colcon.colcon_core.shell:Creating environment hook '/home/jd/jdamr_200_ros/install/jdamr200_cartographer/share/jdamr200_cartographer/hook/cmake_prefix_path.sh'
[6.399s] Level 1:colcon.colcon_core.environment:checking '/home/jd/jdamr_200_ros/install/jdamr200_cartographer/bin'
[6.400s] Level 1:colcon.colcon_core.environment:checking '/home/jd/jdamr_200_ros/install/jdamr200_cartographer/lib/pkgconfig/jdamr200_cartographer.pc'
[6.401s] Level 1:colcon.colcon_core.environment:checking '/home/jd/jdamr_200_ros/install/jdamr200_cartographer/lib/python3.10/site-packages'
[6.402s] Level 1:colcon.colcon_core.environment:checking '/home/jd/jdamr_200_ros/install/jdamr200_cartographer/bin'
[6.404s] INFO:colcon.colcon_core.shell:Creating package script '/home/jd/jdamr_200_ros/install/jdamr200_cartographer/share/jdamr200_cartographer/package.ps1'
[6.408s] INFO:colcon.colcon_core.shell:Creating package descriptor '/home/jd/jdamr_200_ros/install/jdamr200_cartographer/share/jdamr200_cartographer/package.dsv'
[6.412s] INFO:colcon.colcon_core.shell:Creating package script '/home/jd/jdamr_200_ros/install/jdamr200_cartographer/share/jdamr200_cartographer/package.sh'
[6.415s] INFO:colcon.colcon_core.shell:Creating package script '/home/jd/jdamr_200_ros/install/jdamr200_cartographer/share/jdamr200_cartographer/package.bash'
[6.419s] INFO:colcon.colcon_core.shell:Creating package script '/home/jd/jdamr_200_ros/install/jdamr200_cartographer/share/jdamr200_cartographer/package.zsh'
[6.423s] Level 1:colcon.colcon_core.environment:create_file_with_runtime_dependencies(/home/jd/jdamr_200_ros/install/jdamr200_cartographer/share/colcon-core/packages/jdamr200_cartographer)
[6.439s] INFO:colcon.colcon_ros.task.ament_python.build:Building ROS package in '/home/jd/jdamr_200_ros/src/jdamr200_teleop' with build type 'ament_python'
[6.441s] Level 1:colcon.colcon_core.shell:create_environment_hook('jdamr200_teleop', 'ament_prefix_path')
[6.443s] INFO:colcon.colcon_core.shell:Creating environment hook '/home/jd/jdamr_200_ros/install/jdamr200_teleop/share/jdamr200_teleop/hook/ament_prefix_path.ps1'
[6.446s] INFO:colcon.colcon_core.shell:Creating environment descriptor '/home/jd/jdamr_200_ros/install/jdamr200_teleop/share/jdamr200_teleop/hook/ament_prefix_path.dsv'
[6.449s] INFO:colcon.colcon_core.shell:Creating environment hook '/home/jd/jdamr_200_ros/install/jdamr200_teleop/share/jdamr200_teleop/hook/ament_prefix_path.sh'
[6.456s] INFO:colcon.colcon_core.shell:Skip shell extension 'powershell' for command environment: Not usable outside of PowerShell
[6.457s] DEBUG:colcon.colcon_core.shell:Skip shell extension 'dsv' for command environment
[8.936s] INFO:colcon.colcon_core.task.python.build:Building Python package in '/home/jd/jdamr_200_ros/src/jdamr200_teleop'
[8.940s] INFO:colcon.colcon_core.shell:Skip shell extension 'powershell' for command environment: Not usable outside of PowerShell
[8.941s] DEBUG:colcon.colcon_core.shell:Skip shell extension 'dsv' for command environment
[9.343s] DEBUG:colcon.colcon_core.event_handler.log_command:Invoking command in '/home/jd/jdamr_200_ros/src/jdamr200_description': PYTHONPATH=/home/jd/jdamr_200_ros/build/jdamr200_description/prefix_override:/usr/local/lib/python3.10/dist-packages/colcon_core/task/python/colcon_distutils_commands:/home/jd/jdamr_200_ros/install/jdamr200_description/lib/python3.10/site-packages:${PYTHONPATH} /usr/bin/python3 -W ignore:setup.py install is deprecated -W ignore:easy_install command is deprecated setup.py egg_info --egg-base ../../build/jdamr200_description build --build-base /home/jd/jdamr_200_ros/build/jdamr200_description/build install --record /home/jd/jdamr_200_ros/build/jdamr200_description/install.log --single-version-externally-managed install_data
[9.382s] DEBUG:colcon.colcon_core.event_handler.log_command:Invoking command in '/home/jd/jdamr_200_ros/src/jdamr200_node': PYTHONPATH=/home/jd/jdamr_200_ros/build/jdamr200_node/prefix_override:/usr/local/lib/python3.10/dist-packages/colcon_core/task/python/colcon_distutils_commands:/home/jd/jdamr_200_ros/install/jdamr200_node/lib/python3.10/site-packages:${PYTHONPATH} /usr/bin/python3 -W ignore:setup.py install is deprecated -W ignore:easy_install command is deprecated setup.py egg_info --egg-base ../../build/jdamr200_node build --build-base /home/jd/jdamr_200_ros/build/jdamr200_node/build install --record /home/jd/jdamr_200_ros/build/jdamr200_node/install.log --single-version-externally-managed install_data
[9.422s] DEBUG:colcon.colcon_core.event_handler.log_command:Invoking command in '/home/jd/jdamr_200_ros/src/jdamr200_bringup': PYTHONPATH=/home/jd/jdamr_200_ros/build/jdamr200_bringup/prefix_override:/usr/local/lib/python3.10/dist-packages/colcon_core/task/python/colcon_distutils_commands:/home/jd/jdamr_200_ros/install/jdamr200_bringup/lib/python3.10/site-packages:${PYTHONPATH} /usr/bin/python3 -W ignore:setup.py install is deprecated -W ignore:easy_install command is deprecated setup.py egg_info --egg-base ../../build/jdamr200_bringup build --build-base /home/jd/jdamr_200_ros/build/jdamr200_bringup/build install --record /home/jd/jdamr_200_ros/build/jdamr200_bringup/install.log --single-version-externally-managed install_data
[11.917s] Level 1:colcon.colcon_core.environment:checking '/home/jd/jdamr_200_ros/install/jdamr200_description' for CMake module files
[11.923s] DEBUG:colcon.colcon_core.event_handler.log_command:Invoked command in '/home/jd/jdamr_200_ros/src/jdamr200_description' returned '0': PYTHONPATH=/home/jd/jdamr_200_ros/build/jdamr200_description/prefix_override:/usr/local/lib/python3.10/dist-packages/colcon_core/task/python/colcon_distutils_commands:/home/jd/jdamr_200_ros/install/jdamr200_description/lib/python3.10/site-packages:${PYTHONPATH} /usr/bin/python3 -W ignore:setup.py install is deprecated -W ignore:easy_install command is deprecated setup.py egg_info --egg-base ../../build/jdamr200_description build --build-base /home/jd/jdamr_200_ros/build/jdamr200_description/build install --record /home/jd/jdamr_200_ros/build/jdamr200_description/install.log --single-version-externally-managed install_data
[11.931s] Level 1:colcon.colcon_core.environment:checking '/home/jd/jdamr_200_ros/install/jdamr200_description' for CMake config files
[12.012s] Level 1:colcon.colcon_core.environment:checking '/home/jd/jdamr_200_ros/install/jdamr200_description/lib'
[12.014s] Level 1:colcon.colcon_core.environment:checking '/home/jd/jdamr_200_ros/install/jdamr200_description/bin'
[12.015s] Level 1:colcon.colcon_core.environment:checking '/home/jd/jdamr_200_ros/install/jdamr200_description/lib/pkgconfig/jdamr200_description.pc'
[12.017s] Level 1:colcon.colcon_core.environment:checking '/home/jd/jdamr_200_ros/install/jdamr200_description/lib/python3.10/site-packages'
[12.018s] Level 1:colcon.colcon_core.shell:create_environment_hook('jdamr200_description', 'pythonpath')
[12.020s] INFO:colcon.colcon_core.shell:Creating environment hook '/home/jd/jdamr_200_ros/install/jdamr200_description/share/jdamr200_description/hook/pythonpath.ps1'
[12.029s] INFO:colcon.colcon_core.shell:Creating environment descriptor '/home/jd/jdamr_200_ros/install/jdamr200_description/share/jdamr200_description/hook/pythonpath.dsv'
[12.034s] INFO:colcon.colcon_core.shell:Creating environment hook '/home/jd/jdamr_200_ros/install/jdamr200_description/share/jdamr200_description/hook/pythonpath.sh'
[12.038s] Level 1:colcon.colcon_core.environment:checking '/home/jd/jdamr_200_ros/install/jdamr200_description/bin'
[12.039s] Level 1:colcon.colcon_core.environment:create_environment_scripts_only(jdamr200_description)
[12.041s] INFO:colcon.colcon_core.shell:Creating package script '/home/jd/jdamr_200_ros/install/jdamr200_description/share/jdamr200_description/package.ps1'
[12.044s] INFO:colcon.colcon_core.shell:Creating package descriptor '/home/jd/jdamr_200_ros/install/jdamr200_description/share/jdamr200_description/package.dsv'
[12.047s] INFO:colcon.colcon_core.shell:Creating package script '/home/jd/jdamr_200_ros/install/jdamr200_description/share/jdamr200_description/package.sh'
[12.049s] INFO:colcon.colcon_core.shell:Creating package script '/home/jd/jdamr_200_ros/install/jdamr200_description/share/jdamr200_description/package.bash'
[12.052s] INFO:colcon.colcon_core.shell:Creating package script '/home/jd/jdamr_200_ros/install/jdamr200_description/share/jdamr200_description/package.zsh'
[12.054s] Level 1:colcon.colcon_core.environment:create_file_with_runtime_dependencies(/home/jd/jdamr_200_ros/install/jdamr200_description/share/colcon-core/packages/jdamr200_description)
[12.058s] INFO:colcon.colcon_ros.task.ament_cmake.build:Building ROS package in '/home/jd/jdamr_200_ros/src/ldlidar_sl_ros2' with build type 'ament_cmake'
[12.058s] INFO:colcon.colcon_cmake.task.cmake.build:Building CMake package in '/home/jd/jdamr_200_ros/src/ldlidar_sl_ros2'
[12.060s] INFO:colcon.colcon_core.shell:Skip shell extension 'powershell' for command environment: Not usable outside of PowerShell
[12.060s] DEBUG:colcon.colcon_core.shell:Skip shell extension 'dsv' for command environment
[12.110s] DEBUG:colcon.colcon_core.event_handler.log_command:Invoking command in '/home/jd/jdamr_200_ros/src/jdamr200_teleop': PYTHONPATH=/home/jd/jdamr_200_ros/build/jdamr200_teleop/prefix_override:/usr/local/lib/python3.10/dist-packages/colcon_core/task/python/colcon_distutils_commands:/home/jd/jdamr_200_ros/install/jdamr200_teleop/lib/python3.10/site-packages:${PYTHONPATH} /usr/bin/python3 -W ignore:setup.py install is deprecated -W ignore:easy_install command is deprecated setup.py egg_info --egg-base ../../build/jdamr200_teleop build --build-base /home/jd/jdamr_200_ros/build/jdamr200_teleop/build install --record /home/jd/jdamr_200_ros/build/jdamr200_teleop/install.log --single-version-externally-managed install_data
[12.136s] Level 1:colcon.colcon_core.environment:checking '/home/jd/jdamr_200_ros/install/jdamr200_bringup' for CMake module files
[12.139s] DEBUG:colcon.colcon_core.event_handler.log_command:Invoked command in '/home/jd/jdamr_200_ros/src/jdamr200_bringup' returned '0': PYTHONPATH=/home/jd/jdamr_200_ros/build/jdamr200_bringup/prefix_override:/usr/local/lib/python3.10/dist-packages/colcon_core/task/python/colcon_distutils_commands:/home/jd/jdamr_200_ros/install/jdamr200_bringup/lib/python3.10/site-packages:${PYTHONPATH} /usr/bin/python3 -W ignore:setup.py install is deprecated -W ignore:easy_install command is deprecated setup.py egg_info --egg-base ../../build/jdamr200_bringup build --build-base /home/jd/jdamr_200_ros/build/jdamr200_bringup/build install --record /home/jd/jdamr_200_ros/build/jdamr200_bringup/install.log --single-version-externally-managed install_data
[12.143s] Level 1:colcon.colcon_core.environment:checking '/home/jd/jdamr_200_ros/install/jdamr200_bringup' for CMake config files
[12.158s] Level 1:colcon.colcon_core.environment:checking '/home/jd/jdamr_200_ros/install/jdamr200_bringup/lib'
[12.160s] Level 1:colcon.colcon_core.environment:checking '/home/jd/jdamr_200_ros/install/jdamr200_bringup/bin'
[12.160s] Level 1:colcon.colcon_core.environment:checking '/home/jd/jdamr_200_ros/install/jdamr200_bringup/lib/pkgconfig/jdamr200_bringup.pc'
[12.162s] Level 1:colcon.colcon_core.environment:checking '/home/jd/jdamr_200_ros/install/jdamr200_bringup/lib/python3.10/site-packages'
[12.163s] Level 1:colcon.colcon_core.shell:create_environment_hook('jdamr200_bringup', 'pythonpath')
[12.164s] INFO:colcon.colcon_core.shell:Creating environment hook '/home/jd/jdamr_200_ros/install/jdamr200_bringup/share/jdamr200_bringup/hook/pythonpath.ps1'
[12.168s] INFO:colcon.colcon_core.shell:Creating environment descriptor '/home/jd/jdamr_200_ros/install/jdamr200_bringup/share/jdamr200_bringup/hook/pythonpath.dsv'
[12.173s] INFO:colcon.colcon_core.shell:Creating environment hook '/home/jd/jdamr_200_ros/install/jdamr200_bringup/share/jdamr200_bringup/hook/pythonpath.sh'
[12.183s] Level 1:colcon.colcon_core.environment:checking '/home/jd/jdamr_200_ros/install/jdamr200_bringup/bin'
[12.186s] Level 1:colcon.colcon_core.environment:create_environment_scripts_only(jdamr200_bringup)
[12.188s] INFO:colcon.colcon_core.shell:Creating package script '/home/jd/jdamr_200_ros/install/jdamr200_bringup/share/jdamr200_bringup/package.ps1'
[12.201s] INFO:colcon.colcon_core.shell:Creating package descriptor '/home/jd/jdamr_200_ros/install/jdamr200_bringup/share/jdamr200_bringup/package.dsv'
[12.211s] INFO:colcon.colcon_core.shell:Creating package script '/home/jd/jdamr_200_ros/install/jdamr200_bringup/share/jdamr200_bringup/package.sh'
[12.224s] INFO:colcon.colcon_core.shell:Creating package script '/home/jd/jdamr_200_ros/install/jdamr200_bringup/share/jdamr200_bringup/package.bash'
[12.231s] INFO:colcon.colcon_core.shell:Creating package script '/home/jd/jdamr_200_ros/install/jdamr200_bringup/share/jdamr200_bringup/package.zsh'
[12.236s] Level 1:colcon.colcon_core.environment:create_file_with_runtime_dependencies(/home/jd/jdamr_200_ros/install/jdamr200_bringup/share/colcon-core/packages/jdamr200_bringup)
[12.294s] DEBUG:colcon.colcon_core.event_handler.log_command:Invoking command in '/home/jd/jdamr_200_ros/build/ldlidar_sl_ros2': CMAKE_PREFIX_PATH=${CMAKE_PREFIX_PATH}:/home/jd/jdamr_200_ros/install/jdamr200_teleop:/home/jd/jdamr_200_ros/install/jdamr200_node:/home/jd/jdamr_200_ros/install/jdamr200_description:/home/jd/jdamr_200_ros/install/jdamr200_bringup:/opt/ros/humble /usr/bin/cmake --build /home/jd/jdamr_200_ros/build/ldlidar_sl_ros2 -- -j4 -l4
[12.434s] Level 1:colcon.colcon_core.environment:checking '/home/jd/jdamr_200_ros/install/jdamr200_node' for CMake module files
[12.436s] DEBUG:colcon.colcon_core.event_handler.log_command:Invoked command in '/home/jd/jdamr_200_ros/src/jdamr200_node' returned '0': PYTHONPATH=/home/jd/jdamr_200_ros/build/jdamr200_node/prefix_override:/usr/local/lib/python3.10/dist-packages/colcon_core/task/python/colcon_distutils_commands:/home/jd/jdamr_200_ros/install/jdamr200_node/lib/python3.10/site-packages:${PYTHONPATH} /usr/bin/python3 -W ignore:setup.py install is deprecated -W ignore:easy_install command is deprecated setup.py egg_info --egg-base ../../build/jdamr200_node build --build-base /home/jd/jdamr_200_ros/build/jdamr200_node/build install --record /home/jd/jdamr_200_ros/build/jdamr200_node/install.log --single-version-externally-managed install_data
[12.442s] Level 1:colcon.colcon_core.environment:checking '/home/jd/jdamr_200_ros/install/jdamr200_node' for CMake config files
[12.459s] Level 1:colcon.colcon_core.environment:checking '/home/jd/jdamr_200_ros/install/jdamr200_node/lib'
[12.460s] Level 1:colcon.colcon_core.environment:checking '/home/jd/jdamr_200_ros/install/jdamr200_node/bin'
[12.461s] Level 1:colcon.colcon_core.environment:checking '/home/jd/jdamr_200_ros/install/jdamr200_node/lib/pkgconfig/jdamr200_node.pc'
[12.462s] Level 1:colcon.colcon_core.environment:checking '/home/jd/jdamr_200_ros/install/jdamr200_node/lib/python3.10/site-packages'
[12.462s] Level 1:colcon.colcon_core.shell:create_environment_hook('jdamr200_node', 'pythonpath')
[12.464s] INFO:colcon.colcon_core.shell:Creating environment hook '/home/jd/jdamr_200_ros/install/jdamr200_node/share/jdamr200_node/hook/pythonpath.ps1'
[12.468s] INFO:colcon.colcon_core.shell:Creating environment descriptor '/home/jd/jdamr_200_ros/install/jdamr200_node/share/jdamr200_node/hook/pythonpath.dsv'
[12.474s] INFO:colcon.colcon_core.shell:Creating environment hook '/home/jd/jdamr_200_ros/install/jdamr200_node/share/jdamr200_node/hook/pythonpath.sh'
[12.482s] Level 1:colcon.colcon_core.environment:checking '/home/jd/jdamr_200_ros/install/jdamr200_node/bin'
[12.482s] Level 1:colcon.colcon_core.environment:create_environment_scripts_only(jdamr200_node)
[12.484s] INFO:colcon.colcon_core.shell:Creating package script '/home/jd/jdamr_200_ros/install/jdamr200_node/share/jdamr200_node/package.ps1'
[12.489s] INFO:colcon.colcon_core.shell:Creating package descriptor '/home/jd/jdamr_200_ros/install/jdamr200_node/share/jdamr200_node/package.dsv'
[12.494s] INFO:colcon.colcon_core.shell:Creating package script '/home/jd/jdamr_200_ros/install/jdamr200_node/share/jdamr200_node/package.sh'
[12.497s] INFO:colcon.colcon_core.shell:Creating package script '/home/jd/jdamr_200_ros/install/jdamr200_node/share/jdamr200_node/package.bash'
[12.503s] INFO:colcon.colcon_core.shell:Creating package script '/home/jd/jdamr_200_ros/install/jdamr200_node/share/jdamr200_node/package.zsh'
[12.510s] Level 1:colcon.colcon_core.environment:create_file_with_runtime_dependencies(/home/jd/jdamr_200_ros/install/jdamr200_node/share/colcon-core/packages/jdamr200_node)
[12.861s] DEBUG:colcon.colcon_core.event_handler.log_command:Invoked command in '/home/jd/jdamr_200_ros/build/ldlidar_sl_ros2' returned '0': CMAKE_PREFIX_PATH=${CMAKE_PREFIX_PATH}:/home/jd/jdamr_200_ros/install/jdamr200_teleop:/home/jd/jdamr_200_ros/install/jdamr200_node:/home/jd/jdamr_200_ros/install/jdamr200_description:/home/jd/jdamr_200_ros/install/jdamr200_bringup:/opt/ros/humble /usr/bin/cmake --build /home/jd/jdamr_200_ros/build/ldlidar_sl_ros2 -- -j4 -l4
[12.876s] DEBUG:colcon.colcon_core.event_handler.log_command:Invoking command in '/home/jd/jdamr_200_ros/build/ldlidar_sl_ros2': CMAKE_PREFIX_PATH=${CMAKE_PREFIX_PATH}:/home/jd/jdamr_200_ros/install/jdamr200_teleop:/home/jd/jdamr_200_ros/install/jdamr200_node:/home/jd/jdamr_200_ros/install/jdamr200_description:/home/jd/jdamr_200_ros/install/jdamr200_bringup:/opt/ros/humble /usr/bin/cmake --install /home/jd/jdamr_200_ros/build/ldlidar_sl_ros2
[12.931s] Level 1:colcon.colcon_core.environment:create_environment_scripts_only(ldlidar_sl_ros2)
[12.932s] Level 1:colcon.colcon_core.environment:checking '/home/jd/jdamr_200_ros/install/ldlidar_sl_ros2' for CMake module files
[12.940s] DEBUG:colcon.colcon_core.event_handler.log_command:Invoked command in '/home/jd/jdamr_200_ros/build/ldlidar_sl_ros2' returned '0': CMAKE_PREFIX_PATH=${CMAKE_PREFIX_PATH}:/home/jd/jdamr_200_ros/install/jdamr200_teleop:/home/jd/jdamr_200_ros/install/jdamr200_node:/home/jd/jdamr_200_ros/install/jdamr200_description:/home/jd/jdamr_200_ros/install/jdamr200_bringup:/opt/ros/humble /usr/bin/cmake --install /home/jd/jdamr_200_ros/build/ldlidar_sl_ros2
[12.950s] Level 1:colcon.colcon_core.environment:checking '/home/jd/jdamr_200_ros/install/ldlidar_sl_ros2' for CMake config files
[12.957s] Level 1:colcon.colcon_core.shell:create_environment_hook('ldlidar_sl_ros2', 'cmake_prefix_path')
[12.958s] INFO:colcon.colcon_core.shell:Creating environment hook '/home/jd/jdamr_200_ros/install/ldlidar_sl_ros2/share/ldlidar_sl_ros2/hook/cmake_prefix_path.ps1'
[12.961s] INFO:colcon.colcon_core.shell:Creating environment descriptor '/home/jd/jdamr_200_ros/install/ldlidar_sl_ros2/share/ldlidar_sl_ros2/hook/cmake_prefix_path.dsv'
[12.966s] INFO:colcon.colcon_core.shell:Creating environment hook '/home/jd/jdamr_200_ros/install/ldlidar_sl_ros2/share/ldlidar_sl_ros2/hook/cmake_prefix_path.sh'
[12.970s] Level 1:colcon.colcon_core.environment:checking '/home/jd/jdamr_200_ros/install/ldlidar_sl_ros2/lib'
[12.971s] Level 1:colcon.colcon_core.environment:checking '/home/jd/jdamr_200_ros/install/ldlidar_sl_ros2/bin'
[12.971s] Level 1:colcon.colcon_core.environment:checking '/home/jd/jdamr_200_ros/install/ldlidar_sl_ros2/lib/pkgconfig/ldlidar_sl_ros2.pc'
[12.972s] Level 1:colcon.colcon_core.environment:checking '/home/jd/jdamr_200_ros/install/ldlidar_sl_ros2/lib/python3.10/site-packages'
[12.973s] Level 1:colcon.colcon_core.environment:checking '/home/jd/jdamr_200_ros/install/ldlidar_sl_ros2/bin'
[12.975s] INFO:colcon.colcon_core.shell:Creating package script '/home/jd/jdamr_200_ros/install/ldlidar_sl_ros2/share/ldlidar_sl_ros2/package.ps1'
[12.977s] INFO:colcon.colcon_core.shell:Creating package descriptor '/home/jd/jdamr_200_ros/install/ldlidar_sl_ros2/share/ldlidar_sl_ros2/package.dsv'
[12.979s] INFO:colcon.colcon_core.shell:Creating package script '/home/jd/jdamr_200_ros/install/ldlidar_sl_ros2/share/ldlidar_sl_ros2/package.sh'
[12.982s] INFO:colcon.colcon_core.shell:Creating package script '/home/jd/jdamr_200_ros/install/ldlidar_sl_ros2/share/ldlidar_sl_ros2/package.bash'
[12.984s] INFO:colcon.colcon_core.shell:Creating package script '/home/jd/jdamr_200_ros/install/ldlidar_sl_ros2/share/ldlidar_sl_ros2/package.zsh'
[12.986s] Level 1:colcon.colcon_core.environment:create_file_with_runtime_dependencies(/home/jd/jdamr_200_ros/install/ldlidar_sl_ros2/share/colcon-core/packages/ldlidar_sl_ros2)
[12.989s] Level 1:colcon.colcon_core.environment:create_environment_scripts_only(ldlidar_sl_ros2)
[12.990s] Level 1:colcon.colcon_core.environment:checking '/home/jd/jdamr_200_ros/install/ldlidar_sl_ros2' for CMake module files
[12.993s] Level 1:colcon.colcon_core.environment:checking '/home/jd/jdamr_200_ros/install/ldlidar_sl_ros2' for CMake config files
[12.995s] Level 1:colcon.colcon_core.shell:create_environment_hook('ldlidar_sl_ros2', 'cmake_prefix_path')
[12.996s] INFO:colcon.colcon_core.shell:Creating environment hook '/home/jd/jdamr_200_ros/install/ldlidar_sl_ros2/share/ldlidar_sl_ros2/hook/cmake_prefix_path.ps1'
[12.999s] INFO:colcon.colcon_core.shell:Creating environment descriptor '/home/jd/jdamr_200_ros/install/ldlidar_sl_ros2/share/ldlidar_sl_ros2/hook/cmake_prefix_path.dsv'
[13.001s] INFO:colcon.colcon_core.shell:Creating environment hook '/home/jd/jdamr_200_ros/install/ldlidar_sl_ros2/share/ldlidar_sl_ros2/hook/cmake_prefix_path.sh'
[13.004s] Level 1:colcon.colcon_core.environment:checking '/home/jd/jdamr_200_ros/install/ldlidar_sl_ros2/lib'
[13.005s] Level 1:colcon.colcon_core.environment:checking '/home/jd/jdamr_200_ros/install/ldlidar_sl_ros2/bin'
[13.005s] Level 1:colcon.colcon_core.environment:checking '/home/jd/jdamr_200_ros/install/ldlidar_sl_ros2/lib/pkgconfig/ldlidar_sl_ros2.pc'
[13.006s] Level 1:colcon.colcon_core.environment:checking '/home/jd/jdamr_200_ros/install/ldlidar_sl_ros2/lib/python3.10/site-packages'
[13.007s] Level 1:colcon.colcon_core.environment:checking '/home/jd/jdamr_200_ros/install/ldlidar_sl_ros2/bin'
[13.008s] INFO:colcon.colcon_core.shell:Creating package script '/home/jd/jdamr_200_ros/install/ldlidar_sl_ros2/share/ldlidar_sl_ros2/package.ps1'
[13.011s] INFO:colcon.colcon_core.shell:Creating package descriptor '/home/jd/jdamr_200_ros/install/ldlidar_sl_ros2/share/ldlidar_sl_ros2/package.dsv'
[13.014s] INFO:colcon.colcon_core.shell:Creating package script '/home/jd/jdamr_200_ros/install/ldlidar_sl_ros2/share/ldlidar_sl_ros2/package.sh'
[13.017s] INFO:colcon.colcon_core.shell:Creating package script '/home/jd/jdamr_200_ros/install/ldlidar_sl_ros2/share/ldlidar_sl_ros2/package.bash'
[13.019s] INFO:colcon.colcon_core.shell:Creating package script '/home/jd/jdamr_200_ros/install/ldlidar_sl_ros2/share/ldlidar_sl_ros2/package.zsh'
[13.021s] Level 1:colcon.colcon_core.environment:create_file_with_runtime_dependencies(/home/jd/jdamr_200_ros/install/ldlidar_sl_ros2/share/colcon-core/packages/ldlidar_sl_ros2)
[13.991s] Level 1:colcon.colcon_core.environment:checking '/home/jd/jdamr_200_ros/install/jdamr200_teleop' for CMake module files
[13.993s] DEBUG:colcon.colcon_core.event_handler.log_command:Invoked command in '/home/jd/jdamr_200_ros/src/jdamr200_teleop' returned '0': PYTHONPATH=/home/jd/jdamr_200_ros/build/jdamr200_teleop/prefix_override:/usr/local/lib/python3.10/dist-packages/colcon_core/task/python/colcon_distutils_commands:/home/jd/jdamr_200_ros/install/jdamr200_teleop/lib/python3.10/site-packages:${PYTHONPATH} /usr/bin/python3 -W ignore:setup.py install is deprecated -W ignore:easy_install command is deprecated setup.py egg_info --egg-base ../../build/jdamr200_teleop build --build-base /home/jd/jdamr_200_ros/build/jdamr200_teleop/build install --record /home/jd/jdamr_200_ros/build/jdamr200_teleop/install.log --single-version-externally-managed install_data
[13.999s] Level 1:colcon.colcon_core.environment:checking '/home/jd/jdamr_200_ros/install/jdamr200_teleop' for CMake config files
[14.008s] Level 1:colcon.colcon_core.environment:checking '/home/jd/jdamr_200_ros/install/jdamr200_teleop/lib'
[14.009s] Level 1:colcon.colcon_core.environment:checking '/home/jd/jdamr_200_ros/install/jdamr200_teleop/bin'
[14.009s] Level 1:colcon.colcon_core.environment:checking '/home/jd/jdamr_200_ros/install/jdamr200_teleop/lib/pkgconfig/jdamr200_teleop.pc'
[14.011s] Level 1:colcon.colcon_core.environment:checking '/home/jd/jdamr_200_ros/install/jdamr200_teleop/lib/python3.10/site-packages'
[14.011s] Level 1:colcon.colcon_core.shell:create_environment_hook('jdamr200_teleop', 'pythonpath')
[14.012s] INFO:colcon.colcon_core.shell:Creating environment hook '/home/jd/jdamr_200_ros/install/jdamr200_teleop/share/jdamr200_teleop/hook/pythonpath.ps1'
[14.015s] INFO:colcon.colcon_core.shell:Creating environment descriptor '/home/jd/jdamr_200_ros/install/jdamr200_teleop/share/jdamr200_teleop/hook/pythonpath.dsv'
[14.017s] INFO:colcon.colcon_core.shell:Creating environment hook '/home/jd/jdamr_200_ros/install/jdamr200_teleop/share/jdamr200_teleop/hook/pythonpath.sh'
[14.020s] Level 1:colcon.colcon_core.environment:checking '/home/jd/jdamr_200_ros/install/jdamr200_teleop/bin'
[14.021s] Level 1:colcon.colcon_core.environment:create_environment_scripts_only(jdamr200_teleop)
[14.022s] INFO:colcon.colcon_core.shell:Creating package script '/home/jd/jdamr_200_ros/install/jdamr200_teleop/share/jdamr200_teleop/package.ps1'
[14.025s] INFO:colcon.colcon_core.shell:Creating package descriptor '/home/jd/jdamr_200_ros/install/jdamr200_teleop/share/jdamr200_teleop/package.dsv'
[14.027s] INFO:colcon.colcon_core.shell:Creating package script '/home/jd/jdamr_200_ros/install/jdamr200_teleop/share/jdamr200_teleop/package.sh'
[14.030s] INFO:colcon.colcon_core.shell:Creating package script '/home/jd/jdamr_200_ros/install/jdamr200_teleop/share/jdamr200_teleop/package.bash'
[14.032s] INFO:colcon.colcon_core.shell:Creating package script '/home/jd/jdamr_200_ros/install/jdamr200_teleop/share/jdamr200_teleop/package.zsh'
[14.033s] Level 1:colcon.colcon_core.environment:create_file_with_runtime_dependencies(/home/jd/jdamr_200_ros/install/jdamr200_teleop/share/colcon-core/packages/jdamr200_teleop)
[14.035s] DEBUG:colcon.colcon_parallel_executor.executor.parallel:closing loop
[14.036s] DEBUG:colcon.colcon_parallel_executor.executor.parallel:loop closed
[14.036s] DEBUG:colcon.colcon_parallel_executor.executor.parallel:run_until_complete finished with '0'
[14.036s] DEBUG:colcon.colcon_core.event_reactor:joining thread
[14.070s] INFO:colcon.colcon_core.plugin_system:Skipping extension 'colcon_notification.desktop_notification.terminal_notifier': Not used on non-Darwin systems
[14.071s] INFO:colcon.colcon_core.plugin_system:Skipping extension 'colcon_notification.desktop_notification.win32': Not used on non-Windows systems
[14.071s] INFO:colcon.colcon_notification.desktop_notification:Sending desktop notification using 'notify2'
[14.148s] DEBUG:colcon.colcon_core.event_reactor:joined thread
[14.150s] INFO:colcon.colcon_core.shell:Creating prefix script '/home/jd/jdamr_200_ros/install/local_setup.ps1'
[14.160s] INFO:colcon.colcon_core.shell:Creating prefix util module '/home/jd/jdamr_200_ros/install/_local_setup_util_ps1.py'
[14.169s] INFO:colcon.colcon_core.shell:Creating prefix chain script '/home/jd/jdamr_200_ros/install/setup.ps1'
[14.184s] INFO:colcon.colcon_core.shell:Creating prefix script '/home/jd/jdamr_200_ros/install/local_setup.sh'
[14.189s] INFO:colcon.colcon_core.shell:Creating prefix util module '/home/jd/jdamr_200_ros/install/_local_setup_util_sh.py'
[14.194s] INFO:colcon.colcon_core.shell:Creating prefix chain script '/home/jd/jdamr_200_ros/install/setup.sh'
[14.212s] INFO:colcon.colcon_core.shell:Creating prefix script '/home/jd/jdamr_200_ros/install/local_setup.bash'
[14.216s] INFO:colcon.colcon_core.shell:Creating prefix chain script '/home/jd/jdamr_200_ros/install/setup.bash'
[14.228s] INFO:colcon.colcon_core.shell:Creating prefix script '/home/jd/jdamr_200_ros/install/local_setup.zsh'
[14.234s] INFO:colcon.colcon_core.shell:Creating prefix chain script '/home/jd/jdamr_200_ros/install/setup.zsh'
