[6.938s] Invoking command in '/home/jd/jdamr_200_ros/src/jdamr200_node': PYTHONPATH=/home/jd/jdamr_200_ros/build/jdamr200_node/prefix_override:/usr/local/lib/python3.10/dist-packages/colcon_core/task/python/colcon_distutils_commands:/home/jd/jdamr_200_ros/install/jdamr200_node/lib/python3.10/site-packages:${PYTHONPATH} /usr/bin/python3 -W ignore:setup.py install is deprecated -W ignore:easy_install command is deprecated setup.py egg_info --egg-base ../../build/jdamr200_node build --build-base /home/jd/jdamr_200_ros/build/jdamr200_node/build install --record /home/jd/jdamr_200_ros/build/jdamr200_node/install.log --single-version-externally-managed install_data
[8.840s] running egg_info
[8.845s] writing ../../build/jdamr200_node/jdamr200_node.egg-info/PKG-INFO
[8.848s] writing dependency_links to ../../build/jdamr200_node/jdamr200_node.egg-info/dependency_links.txt
[8.860s] writing entry points to ../../build/jdamr200_node/jdamr200_node.egg-info/entry_points.txt
[8.860s] writing requirements to ../../build/jdamr200_node/jdamr200_node.egg-info/requires.txt
[8.862s] writing top-level names to ../../build/jdamr200_node/jdamr200_node.egg-info/top_level.txt
[8.866s] reading manifest file '../../build/jdamr200_node/jdamr200_node.egg-info/SOURCES.txt'
[8.871s] writing manifest file '../../build/jdamr200_node/jdamr200_node.egg-info/SOURCES.txt'
[8.872s] running build
[8.873s] running build_py
[8.874s] copying jdamr200_node/jdamr200_node.py -> /home/jd/jdamr_200_ros/build/jdamr200_node/build/lib/jdamr200_node
[8.876s] running install
[8.877s] running install_lib
[8.883s] copying /home/jd/jdamr_200_ros/build/jdamr200_node/build/lib/jdamr200_node/jdamr200_node.py -> /home/jd/jdamr_200_ros/install/jdamr200_node/lib/python3.10/site-packages/jdamr200_node
[8.887s] byte-compiling /home/jd/jdamr_200_ros/install/jdamr200_node/lib/python3.10/site-packages/jdamr200_node/jdamr200_node.py to jdamr200_node.cpython-310.pyc
[8.892s] running install_data
[8.893s] running install_egg_info
[8.904s] removing '/home/jd/jdamr_200_ros/install/jdamr200_node/lib/python3.10/site-packages/jdamr200_node-0.0.0-py3.10.egg-info' (and everything under it)
[8.908s] Copying ../../build/jdamr200_node/jdamr200_node.egg-info to /home/jd/jdamr_200_ros/install/jdamr200_node/lib/python3.10/site-packages/jdamr200_node-0.0.0-py3.10.egg-info
[8.926s] running install_scripts
[9.107s] Installing jdamr200_node script to /home/jd/jdamr_200_ros/install/jdamr200_node/lib/jdamr200_node
[9.112s] writing list of installed files to '/home/jd/jdamr_200_ros/build/jdamr200_node/install.log'
[9.588s] Invoked command in '/home/jd/jdamr_200_ros/src/jdamr200_node' returned '0': PYTHONPATH=/home/jd/jdamr_200_ros/build/jdamr200_node/prefix_override:/usr/local/lib/python3.10/dist-packages/colcon_core/task/python/colcon_distutils_commands:/home/jd/jdamr_200_ros/install/jdamr200_node/lib/python3.10/site-packages:${PYTHONPATH} /usr/bin/python3 -W ignore:setup.py install is deprecated -W ignore:easy_install command is deprecated setup.py egg_info --egg-base ../../build/jdamr200_node build --build-base /home/jd/jdamr_200_ros/build/jdamr200_node/build install --record /home/jd/jdamr_200_ros/build/jdamr200_node/install.log --single-version-externally-managed install_data
