-- Install configuration: ""
-- Up-to-date: /home/jd/jdamr_200_ros/install/jdamr200_cartographer/share/jdamr200_cartographer/launch
-- Up-to-date: /home/jd/jdamr_200_ros/install/jdamr200_cartographer/share/jdamr200_cartographer/launch/occupancy_grid.launch.py
-- Up-to-date: /home/jd/jdamr_200_ros/install/jdamr200_cartographer/share/jdamr200_cartographer/launch/cartographer.launch.py
-- Up-to-date: /home/jd/jdamr_200_ros/install/jdamr200_cartographer/share/jdamr200_cartographer/config
-- Installing: /home/jd/jdamr_200_ros/install/jdamr200_cartographer/share/jdamr200_cartographer/config/jdamr200_lidar.lua
-- Up-to-date: /home/jd/jdamr_200_ros/install/jdamr200_cartographer/share/ament_index/resource_index/package_run_dependencies/jdamr200_cartographer
-- Up-to-date: /home/jd/jdamr_200_ros/install/jdamr200_cartographer/share/ament_index/resource_index/parent_prefix_path/jdamr200_cartographer
-- Up-to-date: /home/jd/jdamr_200_ros/install/jdamr200_cartographer/share/jdamr200_cartographer/environment/ament_prefix_path.sh
-- Up-to-date: /home/jd/jdamr_200_ros/install/jdamr200_cartographer/share/jdamr200_cartographer/environment/ament_prefix_path.dsv
-- Up-to-date: /home/jd/jdamr_200_ros/install/jdamr200_cartographer/share/jdamr200_cartographer/environment/path.sh
-- Up-to-date: /home/jd/jdamr_200_ros/install/jdamr200_cartographer/share/jdamr200_cartographer/environment/path.dsv
-- Up-to-date: /home/jd/jdamr_200_ros/install/jdamr200_cartographer/share/jdamr200_cartographer/local_setup.bash
-- Up-to-date: /home/jd/jdamr_200_ros/install/jdamr200_cartographer/share/jdamr200_cartographer/local_setup.sh
-- Up-to-date: /home/jd/jdamr_200_ros/install/jdamr200_cartographer/share/jdamr200_cartographer/local_setup.zsh
-- Up-to-date: /home/jd/jdamr_200_ros/install/jdamr200_cartographer/share/jdamr200_cartographer/local_setup.dsv
-- Installing: /home/jd/jdamr_200_ros/install/jdamr200_cartographer/share/jdamr200_cartographer/package.dsv
-- Up-to-date: /home/jd/jdamr_200_ros/install/jdamr200_cartographer/share/ament_index/resource_index/packages/jdamr200_cartographer
-- Up-to-date: /home/jd/jdamr_200_ros/install/jdamr200_cartographer/share/jdamr200_cartographer/cmake/jdamr200_cartographerConfig.cmake
-- Up-to-date: /home/jd/jdamr_200_ros/install/jdamr200_cartographer/share/jdamr200_cartographer/cmake/jdamr200_cartographerConfig-version.cmake
-- Up-to-date: /home/jd/jdamr_200_ros/install/jdamr200_cartographer/share/jdamr200_cartographer/package.xml
