[2.638s] Invoking command in '/home/jd/jdamr_200_ros/build/jdamr200_cartographer': CMAKE_PREFIX_PATH=${CMAKE_PREFIX_PATH}:/home/jd/jdamr_200_ros/install/jdamr200_teleop:/home/jd/jdamr_200_ros/install/jdamr200_node:/home/jd/jdamr_200_ros/install/jdamr200_description:/home/jd/jdamr_200_ros/install/jdamr200_bringup:/opt/ros/humble /usr/bin/cmake --build /home/jd/jdamr_200_ros/build/jdamr200_cartographer -- -j4 -l4
[7.590s] Invoked command in '/home/jd/jdamr_200_ros/build/jdamr200_cartographer' returned '0': CMAKE_PREFIX_PATH=${CMAKE_PREFIX_PATH}:/home/jd/jdamr_200_ros/install/jdamr200_teleop:/home/jd/jdamr_200_ros/install/jdamr200_node:/home/jd/jdamr_200_ros/install/jdamr200_description:/home/jd/jdamr_200_ros/install/jdamr200_bringup:/opt/ros/humble /usr/bin/cmake --build /home/jd/jdamr_200_ros/build/jdamr200_cartographer -- -j4 -l4
[7.666s] Invoking command in '/home/jd/jdamr_200_ros/build/jdamr200_cartographer': CMAKE_PREFIX_PATH=${CMAKE_PREFIX_PATH}:/home/jd/jdamr_200_ros/install/jdamr200_teleop:/home/jd/jdamr_200_ros/install/jdamr200_node:/home/jd/jdamr_200_ros/install/jdamr200_description:/home/jd/jdamr_200_ros/install/jdamr200_bringup:/opt/ros/humble /usr/bin/cmake --install /home/jd/jdamr_200_ros/build/jdamr200_cartographer
[7.738s] -- Install configuration: ""
[7.742s] -- Up-to-date: /home/jd/jdamr_200_ros/install/jdamr200_cartographer/share/jdamr200_cartographer/launch
[7.744s] -- Up-to-date: /home/jd/jdamr_200_ros/install/jdamr200_cartographer/share/jdamr200_cartographer/launch/occupancy_grid.launch.py
[7.745s] -- Up-to-date: /home/jd/jdamr_200_ros/install/jdamr200_cartographer/share/jdamr200_cartographer/launch/cartographer.launch.py
[7.748s] -- Up-to-date: /home/jd/jdamr_200_ros/install/jdamr200_cartographer/share/jdamr200_cartographer/config
[7.757s] -- Installing: /home/jd/jdamr_200_ros/install/jdamr200_cartographer/share/jdamr200_cartographer/config/jdamr200_lidar.lua
[7.762s] -- Up-to-date: /home/jd/jdamr_200_ros/install/jdamr200_cartographer/share/ament_index/resource_index/package_run_dependencies/jdamr200_cartographer
[7.764s] -- Up-to-date: /home/jd/jdamr_200_ros/install/jdamr200_cartographer/share/ament_index/resource_index/parent_prefix_path/jdamr200_cartographer
[7.771s] -- Up-to-date: /home/jd/jdamr_200_ros/install/jdamr200_cartographer/share/jdamr200_cartographer/environment/ament_prefix_path.sh
[7.782s] -- Up-to-date: /home/jd/jdamr_200_ros/install/jdamr200_cartographer/share/jdamr200_cartographer/environment/ament_prefix_path.dsv
[7.784s] -- Up-to-date: /home/jd/jdamr_200_ros/install/jdamr200_cartographer/share/jdamr200_cartographer/environment/path.sh
[7.786s] -- Up-to-date: /home/jd/jdamr_200_ros/install/jdamr200_cartographer/share/jdamr200_cartographer/environment/path.dsv
[7.789s] -- Up-to-date: /home/jd/jdamr_200_ros/install/jdamr200_cartographer/share/jdamr200_cartographer/local_setup.bash
[7.804s] -- Up-to-date: /home/jd/jdamr_200_ros/install/jdamr200_cartographer/share/jdamr200_cartographer/local_setup.sh
[7.805s] -- Up-to-date: /home/jd/jdamr_200_ros/install/jdamr200_cartographer/share/jdamr200_cartographer/local_setup.zsh
[7.819s] -- Up-to-date: /home/jd/jdamr_200_ros/install/jdamr200_cartographer/share/jdamr200_cartographer/local_setup.dsv
[7.820s] -- Installing: /home/jd/jdamr_200_ros/install/jdamr200_cartographer/share/jdamr200_cartographer/package.dsv
[7.832s] -- Up-to-date: /home/jd/jdamr_200_ros/install/jdamr200_cartographer/share/ament_index/resource_index/packages/jdamr200_cartographer
[7.834s] -- Up-to-date: /home/jd/jdamr_200_ros/install/jdamr200_cartographer/share/jdamr200_cartographer/cmake/jdamr200_cartographerConfig.cmake
[7.842s] -- Up-to-date: /home/jd/jdamr_200_ros/install/jdamr200_cartographer/share/jdamr200_cartographer/cmake/jdamr200_cartographerConfig-version.cmake
[7.843s] -- Up-to-date: /home/jd/jdamr_200_ros/install/jdamr200_cartographer/share/jdamr200_cartographer/package.xml
[7.894s] Invoked command in '/home/jd/jdamr_200_ros/build/jdamr200_cartographer' returned '0': CMAKE_PREFIX_PATH=${CMAKE_PREFIX_PATH}:/home/jd/jdamr_200_ros/install/jdamr200_teleop:/home/jd/jdamr_200_ros/install/jdamr200_node:/home/jd/jdamr_200_ros/install/jdamr200_description:/home/jd/jdamr_200_ros/install/jdamr200_bringup:/opt/ros/humble /usr/bin/cmake --install /home/jd/jdamr_200_ros/build/jdamr200_cartographer
